<?xml version="1.0" encoding="UTF-8"?>
<coverage generated="1613630675183" clover="3.2.0">
  <project timestamp="1613630675183" name="All files">
    <metrics statements="5716" coveredstatements="2329" conditionals="3390" coveredconditionals="747" methods="895" coveredmethods="381" elements="10001" coveredelements="3457" complexity="0" loc="5716" ncloc="5716" packages="12" files="34" classes="34"/>
    <package name="broadcast.src">
      <metrics statements="174" coveredstatements="143" conditionals="123" coveredconditionals="88" methods="19" coveredmethods="17"/>
      <file name="broadcast.ts" path="/Users/mac/Documents/FrameworkSpace/EasyGameFrameworkOpen/packages/broadcast/src/broadcast.ts">
        <metrics statements="172" coveredstatements="141" conditionals="123" coveredconditionals="88" methods="19" coveredmethods="17"/>
        <line num="5" count="1" type="stmt"/>
        <line num="14" count="6" type="stmt"/>
        <line num="16" count="88" type="stmt"/>
        <line num="19" count="6" type="stmt"/>
        <line num="20" count="6" type="stmt"/>
        <line num="32" count="1" type="stmt"/>
        <line num="39" count="20" type="cond" truecount="2" falsecount="0"/>
        <line num="40" count="2" type="cond" truecount="1" falsecount="1"/>
        <line num="41" count="2" type="stmt"/>
        <line num="43" count="18" type="cond" truecount="2" falsecount="0"/>
        <line num="44" count="1" type="stmt"/>
        <line num="45" count="1" type="stmt"/>
        <line num="46" count="5" type="stmt"/>
        <line num="49" count="17" type="stmt"/>
        <line num="54" count="1" type="stmt"/>
        <line num="55" count="12" type="cond" truecount="2" falsecount="0"/>
        <line num="58" count="1" type="stmt"/>
        <line num="59" count="1" type="stmt"/>
        <line num="60" count="1" type="cond" truecount="3" falsecount="1"/>
        <line num="61" count="1" type="stmt"/>
        <line num="62" count="5" type="cond" truecount="2" falsecount="0"/>
        <line num="63" count="3" type="stmt"/>
        <line num="73" count="1" type="stmt"/>
        <line num="74" count="1" type="cond" truecount="1" falsecount="1"/>
        <line num="75" count="0" type="stmt"/>
        <line num="77" count="1" type="stmt"/>
        <line num="78" count="1" type="stmt"/>
        <line num="79" count="1" type="stmt"/>
        <line num="80" count="1" type="cond" truecount="1" falsecount="1"/>
        <line num="81" count="1" type="cond" truecount="1" falsecount="1"/>
        <line num="82" count="1" type="stmt"/>
        <line num="83" count="1" type="cond" truecount="1" falsecount="1"/>
        <line num="84" count="1" type="stmt"/>
        <line num="85" count="2" type="stmt"/>
        <line num="88" count="0" type="stmt"/>
        <line num="90" count="1" type="stmt"/>
        <line num="92" count="1" type="cond" truecount="1" falsecount="1"/>
        <line num="95" count="1" type="stmt"/>
        <line num="96" count="13" type="cond" truecount="2" falsecount="0"/>
        <line num="97" count="12" type="stmt"/>
        <line num="98" count="12" type="cond" truecount="4" falsecount="0"/>
        <line num="99" count="7" type="stmt"/>
        <line num="100" count="7" type="cond" truecount="3" falsecount="1"/>
        <line num="101" count="7" type="stmt"/>
        <line num="102" count="7" type="cond" truecount="2" falsecount="0"/>
        <line num="103" count="4" type="cond" truecount="7" falsecount="1"/>
        <line num="106" count="1" type="stmt"/>
        <line num="107" count="1" type="stmt"/>
        <line num="110" count="3" type="stmt"/>
        <line num="112" count="3" type="stmt"/>
        <line num="113" count="3" type="stmt"/>
        <line num="114" count="5" type="stmt"/>
        <line num="115" count="5" type="cond" truecount="8" falsecount="1"/>
        <line num="118" count="3" type="stmt"/>
        <line num="119" count="3" type="cond" truecount="2" falsecount="0"/>
        <line num="120" count="1" type="stmt"/>
        <line num="121" count="1" type="stmt"/>
        <line num="122" count="1" type="stmt"/>
        <line num="124" count="3" type="stmt"/>
        <line num="128" count="3" type="cond" truecount="2" falsecount="0"/>
        <line num="129" count="1" type="stmt"/>
        <line num="158" count="7" type="stmt"/>
        <line num="168" count="1" type="stmt"/>
        <line num="172" count="26" type="stmt"/>
        <line num="173" count="26" type="cond" truecount="2" falsecount="0"/>
        <line num="174" count="25" type="stmt"/>
        <line num="175" count="25" type="cond" truecount="2" falsecount="0"/>
        <line num="176" count="1" type="stmt"/>
        <line num="177" count="1" type="cond" truecount="1" falsecount="1"/>
        <line num="178" count="0" type="stmt"/>
        <line num="179" count="0" type="stmt"/>
        <line num="181" count="1" type="stmt"/>
        <line num="183" count="25" type="cond" truecount="2" falsecount="0"/>
        <line num="184" count="21" type="cond" truecount="1" falsecount="1"/>
        <line num="185" count="21" type="stmt"/>
        <line num="186" count="21" type="cond" truecount="1" falsecount="1"/>
        <line num="187" count="21" type="cond" truecount="2" falsecount="0"/>
        <line num="188" count="1" type="stmt"/>
        <line num="189" count="1" type="stmt"/>
        <line num="192" count="0" type="stmt"/>
        <line num="193" count="0" type="stmt"/>
        <line num="194" count="0" type="stmt"/>
        <line num="195" count="0" type="stmt"/>
        <line num="196" count="0" type="stmt"/>
        <line num="197" count="0" type="cond" truecount="0" falsecount="2"/>
        <line num="198" count="0" type="cond" truecount="0" falsecount="2"/>
        <line num="199" count="0" type="stmt"/>
        <line num="200" count="0" type="stmt"/>
        <line num="201" count="0" type="stmt"/>
        <line num="202" count="0" type="stmt"/>
        <line num="203" count="0" type="stmt"/>
        <line num="206" count="0" type="cond" truecount="0" falsecount="2"/>
        <line num="207" count="0" type="stmt"/>
        <line num="221" count="1" type="stmt"/>
        <line num="227" count="1" type="cond" truecount="1" falsecount="1"/>
        <line num="228" count="1" type="stmt"/>
        <line num="229" count="1" type="cond" truecount="2" falsecount="2"/>
        <line num="230" count="0" type="stmt"/>
        <line num="232" count="1" type="stmt"/>
        <line num="233" count="1" type="cond" truecount="1" falsecount="1"/>
        <line num="234" count="1" type="stmt"/>
        <line num="235" count="1" type="stmt"/>
        <line num="237" count="1" type="stmt"/>
        <line num="238" count="1" type="stmt"/>
        <line num="244" count="1" type="cond" truecount="1" falsecount="1"/>
        <line num="245" count="1" type="stmt"/>
        <line num="247" count="0" type="stmt"/>
        <line num="255" count="1" type="stmt"/>
        <line num="256" count="15" type="cond" truecount="2" falsecount="0"/>
        <line num="262" count="1" type="stmt"/>
        <line num="263" count="53" type="stmt"/>
        <line num="270" count="1" type="stmt"/>
        <line num="271" count="21" type="cond" truecount="1" falsecount="1"/>
        <line num="273" count="21" type="cond" truecount="1" falsecount="1"/>
        <line num="274" count="0" type="cond" truecount="0" falsecount="2"/>
        <line num="275" count="0" type="stmt"/>
        <line num="277" count="21" type="cond" truecount="4" falsecount="0"/>
        <line num="278" count="1" type="cond" truecount="1" falsecount="1"/>
        <line num="279" count="0" type="stmt"/>
        <line num="280" count="21" type="stmt"/>
        <line num="286" count="1" type="stmt"/>
        <line num="287" count="0" type="cond" truecount="0" falsecount="2"/>
        <line num="288" count="0" type="cond" truecount="0" falsecount="2"/>
        <line num="289" count="0" type="stmt"/>
        <line num="290" count="0" type="stmt"/>
        <line num="296" count="1" type="stmt"/>
        <line num="297" count="7" type="stmt"/>
        <line num="298" count="7" type="stmt"/>
        <line num="299" count="7" type="stmt"/>
        <line num="300" count="7" type="stmt"/>
        <line num="301" count="7" type="stmt"/>
        <line num="311" count="1" type="stmt"/>
        <line num="312" count="2" type="stmt"/>
        <line num="314" count="2" type="cond" truecount="1" falsecount="1"/>
        <line num="315" count="0" type="stmt"/>
        <line num="317" count="2" type="stmt"/>
        <line num="319" count="2" type="stmt"/>
        <line num="320" count="2" type="stmt"/>
        <line num="321" count="2" type="stmt"/>
        <line num="322" count="2" type="stmt"/>
        <line num="323" count="2" type="stmt"/>
        <line num="324" count="2" type="stmt"/>
        <line num="332" count="1" type="stmt"/>
        <line num="333" count="24" type="stmt"/>
        <line num="334" count="24" type="cond" truecount="2" falsecount="0"/>
        <line num="335" count="7" type="stmt"/>
        <line num="337" count="24" type="cond" truecount="2" falsecount="0"/>
        <line num="338" count="6" type="stmt"/>
        <line num="339" count="6" type="stmt"/>
        <line num="341" count="24" type="stmt"/>
        <line num="342" count="24" type="cond" truecount="2" falsecount="0"/>
        <line num="343" count="6" type="cond" truecount="2" falsecount="0"/>
        <line num="344" count="1" type="stmt"/>
        <line num="346" count="5" type="stmt"/>
        <line num="349" count="18" type="stmt"/>
        <line num="351" count="24" type="stmt"/>
        <line num="352" count="24" type="cond" truecount="2" falsecount="0"/>
        <line num="353" count="1" type="stmt"/>
        <line num="354" count="1" type="cond" truecount="1" falsecount="1"/>
        <line num="356" count="1" type="stmt"/>
        <line num="357" count="1" type="stmt"/>
        <line num="358" count="1" type="stmt"/>
        <line num="360" count="1" type="stmt"/>
        <line num="363" count="24" type="cond" truecount="2" falsecount="0"/>
        <line num="364" count="21" type="stmt"/>
        <line num="372" count="1" type="stmt"/>
        <line num="373" count="2" type="cond" truecount="2" falsecount="0"/>
        <line num="378" count="1" type="stmt"/>
        <line num="379" count="0" type="stmt"/>
        <line num="380" count="0" type="stmt"/>
        <line num="381" count="0" type="stmt"/>
        <line num="384" count="1" type="stmt"/>
      </file>
      <file name="index.ts" path="/Users/mac/Documents/FrameworkSpace/EasyGameFrameworkOpen/packages/broadcast/src/index.ts">
        <metrics statements="2" coveredstatements="2" conditionals="0" coveredconditionals="0" methods="0" coveredmethods="0"/>
        <line num="1" count="1" type="stmt"/>
        <line num="2" count="1" type="stmt"/>
      </file>
    </package>
    <package name="core.__tests__">
      <metrics statements="42" coveredstatements="38" conditionals="6" coveredconditionals="6" methods="19" coveredmethods="15"/>
      <file name="test-bootloaders.ts" path="/Users/mac/Documents/FrameworkSpace/EasyGameFrameworkOpen/packages/core/__tests__/test-bootloaders.ts">
        <metrics statements="42" coveredstatements="38" conditionals="6" coveredconditionals="6" methods="19" coveredmethods="15"/>
        <line num="1" count="1" type="stmt"/>
        <line num="2" count="1" type="stmt"/>
        <line num="3" count="6" type="stmt"/>
        <line num="4" count="6" type="stmt"/>
        <line num="5" count="6" type="cond" truecount="2" falsecount="0"/>
        <line num="9" count="1" type="stmt"/>
        <line num="10" count="1" type="stmt"/>
        <line num="11" count="1" type="stmt"/>
        <line num="12" count="1" type="stmt"/>
        <line num="13" count="1" type="cond" truecount="2" falsecount="0"/>
        <line num="15" count="1" type="stmt"/>
        <line num="16" count="1" type="stmt"/>
        <line num="17" count="1" type="stmt"/>
        <line num="18" count="1" type="stmt"/>
        <line num="19" count="1" type="stmt"/>
        <line num="20" count="1" type="stmt"/>
        <line num="21" count="1" type="cond" truecount="2" falsecount="0"/>
        <line num="25" count="1" type="stmt"/>
        <line num="32" count="1" type="stmt"/>
        <line num="36" count="1" type="stmt"/>
        <line num="37" count="4" type="stmt"/>
        <line num="38" count="4" type="stmt"/>
        <line num="40" count="1" type="stmt"/>
        <line num="42" count="1" type="stmt"/>
        <line num="43" count="0" type="stmt"/>
        <line num="45" count="1" type="stmt"/>
        <line num="46" count="0" type="stmt"/>
        <line num="49" count="1" type="stmt"/>
        <line num="50" count="1" type="stmt"/>
        <line num="53" count="8" type="stmt"/>
        <line num="56" count="1" type="stmt"/>
        <line num="57" count="5" type="stmt"/>
        <line num="58" count="5" type="stmt"/>
        <line num="60" count="1" type="stmt"/>
        <line num="61" count="5" type="stmt"/>
        <line num="63" count="1" type="stmt"/>
        <line num="64" count="1" type="stmt"/>
        <line num="66" count="1" type="stmt"/>
        <line num="67" count="0" type="stmt"/>
        <line num="69" count="1" type="stmt"/>
        <line num="70" count="0" type="stmt"/>
        <line num="73" count="1" type="stmt"/>
      </file>
    </package>
    <package name="core.src">
      <metrics statements="82" coveredstatements="72" conditionals="43" coveredconditionals="32" methods="13" coveredmethods="12"/>
      <file name="egf-app.ts" path="/Users/mac/Documents/FrameworkSpace/EasyGameFrameworkOpen/packages/core/src/egf-app.ts">
        <metrics statements="82" coveredstatements="72" conditionals="43" coveredconditionals="32" methods="13" coveredmethods="12"/>
        <line num="1" count="1" type="stmt"/>
        <line num="2" count="1" type="stmt"/>
        <line num="3" count="1" type="stmt"/>
        <line num="4" count="1" type="stmt"/>
        <line num="5" count="1" type="stmt"/>
        <line num="6" count="1" type="stmt"/>
        <line num="7" count="7" type="stmt"/>
        <line num="8" count="7" type="stmt"/>
        <line num="9" count="1" type="stmt"/>
        <line num="10" count="7" type="stmt"/>
        <line num="12" count="1" type="stmt"/>
        <line num="13" count="3" type="stmt"/>
        <line num="15" count="1" type="stmt"/>
        <line num="16" count="7" type="stmt"/>
        <line num="17" count="7" type="cond" truecount="3" falsecount="1"/>
        <line num="18" count="0" type="stmt"/>
        <line num="19" count="0" type="stmt"/>
        <line num="21" count="7" type="cond" truecount="3" falsecount="1"/>
        <line num="22" count="7" type="stmt"/>
        <line num="23" count="8" type="stmt"/>
        <line num="24" count="8" type="stmt"/>
        <line num="25" count="8" type="stmt"/>
        <line num="27" count="8" type="stmt"/>
        <line num="28" count="8" type="cond" truecount="2" falsecount="0"/>
        <line num="29" count="7" type="stmt"/>
        <line num="31" count="1" type="stmt"/>
        <line num="38" count="14" type="stmt"/>
        <line num="39" count="6" type="stmt"/>
        <line num="40" count="6" type="stmt"/>
        <line num="42" count="1" type="stmt"/>
        <line num="43" count="1" type="stmt"/>
        <line num="44" count="1" type="stmt"/>
        <line num="49" count="1" type="stmt"/>
        <line num="50" count="4" type="stmt"/>
        <line num="52" count="4" type="cond" truecount="1" falsecount="1"/>
        <line num="53" count="4" type="stmt"/>
        <line num="54" count="8" type="stmt"/>
        <line num="55" count="8" type="cond" truecount="2" falsecount="0"/>
        <line num="57" count="4" type="stmt"/>
        <line num="58" count="8" type="stmt"/>
        <line num="59" count="8" type="cond" truecount="2" falsecount="0"/>
        <line num="61" count="4" type="stmt"/>
        <line num="63" count="1" type="stmt"/>
        <line num="64" count="17" type="cond" truecount="1" falsecount="1"/>
        <line num="65" count="17" type="stmt"/>
        <line num="66" count="17" type="cond" truecount="1" falsecount="1"/>
        <line num="67" count="0" type="stmt"/>
        <line num="69" count="17" type="cond" truecount="3" falsecount="1"/>
        <line num="70" count="17" type="cond" truecount="1" falsecount="1"/>
        <line num="71" count="17" type="cond" truecount="2" falsecount="0"/>
        <line num="72" count="16" type="stmt"/>
        <line num="73" count="16" type="stmt"/>
        <line num="74" count="16" type="cond" truecount="2" falsecount="0"/>
        <line num="75" count="1" type="cond" truecount="2" falsecount="0"/>
        <line num="76" count="1" type="cond" truecount="2" falsecount="0"/>
        <line num="79" count="1" type="stmt"/>
        <line num="82" count="0" type="stmt"/>
        <line num="85" count="0" type="stmt"/>
        <line num="87" count="17" type="stmt"/>
        <line num="89" count="1" type="stmt"/>
        <line num="90" count="0" type="stmt"/>
        <line num="92" count="1" type="stmt"/>
        <line num="93" count="1" type="stmt"/>
        <line num="95" count="1" type="stmt"/>
        <line num="96" count="1" type="stmt"/>
        <line num="97" count="2" type="stmt"/>
        <line num="98" count="2" type="cond" truecount="2" falsecount="0"/>
        <line num="101" count="1" type="stmt"/>
        <line num="102" count="17" type="stmt"/>
        <line num="105" count="1" type="stmt"/>
        <line num="106" count="19" type="cond" truecount="1" falsecount="1"/>
        <line num="107" count="19" type="cond" truecount="1" falsecount="1"/>
        <line num="109" count="19" type="stmt"/>
        <line num="116" count="1" type="stmt"/>
        <line num="117" count="1" type="stmt"/>
        <line num="119" count="0" type="stmt"/>
        <line num="120" count="0" type="stmt"/>
        <line num="122" count="0" type="stmt"/>
        <line num="123" count="0" type="stmt"/>
        <line num="125" count="1" type="stmt"/>
        <line num="126" count="1" type="stmt"/>
        <line num="129" count="1" type="stmt"/>
      </file>
    </package>
    <package name="display-ctrl.__tests__">
      <metrics statements="75" coveredstatements="73" conditionals="8" coveredconditionals="8" methods="32" coveredmethods="28"/>
      <file name="async-show-dpctrl.ts" path="/Users/mac/Documents/FrameworkSpace/EasyGameFrameworkOpen/packages/display-ctrl/__tests__/async-show-dpctrl.ts">
        <metrics statements="8" coveredstatements="8" conditionals="2" coveredconditionals="2" methods="3" coveredmethods="3"/>
        <line num="1" count="1" type="stmt"/>
        <line num="8" count="1" type="stmt"/>
        <line num="9" count="1" type="stmt"/>
        <line num="10" count="1" type="stmt"/>
        <line num="11" count="1" type="stmt"/>
        <line num="12" count="1" type="stmt"/>
        <line num="13" count="1" type="cond" truecount="2" falsecount="0"/>
        <line num="16" count="1" type="stmt"/>
      </file>
      <file name="base-dp-ctrl.ts" path="/Users/mac/Documents/FrameworkSpace/EasyGameFrameworkOpen/packages/display-ctrl/__tests__/base-dp-ctrl.ts">
        <metrics statements="22" coveredstatements="20" conditionals="0" coveredconditionals="0" methods="11" coveredmethods="7"/>
        <line num="1" count="1" type="stmt"/>
        <line num="6" count="17" type="stmt"/>
        <line num="8" count="17" type="stmt"/>
        <line num="9" count="17" type="stmt"/>
        <line num="10" count="17" type="stmt"/>
        <line num="11" count="17" type="stmt"/>
        <line num="13" count="17" type="stmt"/>
        <line num="14" count="17" type="stmt"/>
        <line num="15" count="17" type="stmt"/>
        <line num="17" count="1" type="stmt"/>
        <line num="19" count="1" type="stmt"/>
        <line num="22" count="1" type="stmt"/>
        <line num="24" count="1" type="stmt"/>
        <line num="25" count="0" type="stmt"/>
        <line num="27" count="1" type="stmt"/>
        <line num="29" count="1" type="stmt"/>
        <line num="32" count="1" type="stmt"/>
        <line num="33" count="0" type="stmt"/>
        <line num="35" count="1" type="stmt"/>
        <line num="37" count="1" type="stmt"/>
        <line num="38" count="4" type="stmt"/>
        <line num="40" count="1" type="stmt"/>
      </file>
      <file name="custom-res-handler-dpc.ts" path="/Users/mac/Documents/FrameworkSpace/EasyGameFrameworkOpen/packages/display-ctrl/__tests__/custom-res-handler-dpc.ts">
        <metrics statements="8" coveredstatements="8" conditionals="0" coveredconditionals="0" methods="4" coveredmethods="4"/>
        <line num="1" count="1" type="stmt"/>
        <line num="3" count="1" type="stmt"/>
        <line num="4" count="1" type="stmt"/>
        <line num="5" count="1" type="stmt"/>
        <line num="6" count="1" type="stmt"/>
        <line num="8" count="1" type="stmt"/>
        <line num="10" count="1" type="stmt"/>
        <line num="13" count="1" type="stmt"/>
      </file>
      <file name="no-res-dpctrl.ts" path="/Users/mac/Documents/FrameworkSpace/EasyGameFrameworkOpen/packages/display-ctrl/__tests__/no-res-dpctrl.ts">
        <metrics statements="4" coveredstatements="4" conditionals="0" coveredconditionals="0" methods="1" coveredmethods="1"/>
        <line num="1" count="1" type="stmt"/>
        <line num="7" count="1" type="stmt"/>
        <line num="8" count="1" type="stmt"/>
        <line num="9" count="1" type="stmt"/>
      </file>
      <file name="no-typekey-dpctrl.ts" path="/Users/mac/Documents/FrameworkSpace/EasyGameFrameworkOpen/packages/display-ctrl/__tests__/no-typekey-dpctrl.ts">
        <metrics statements="3" coveredstatements="3" conditionals="0" coveredconditionals="0" methods="1" coveredmethods="1"/>
        <line num="1" count="1" type="stmt"/>
        <line num="8" count="1" type="stmt"/>
        <line num="10" count="1" type="stmt"/>
      </file>
      <file name="ress-in-class-dpc.ts" path="/Users/mac/Documents/FrameworkSpace/EasyGameFrameworkOpen/packages/display-ctrl/__tests__/ress-in-class-dpc.ts">
        <metrics statements="4" coveredstatements="4" conditionals="0" coveredconditionals="0" methods="1" coveredmethods="1"/>
        <line num="1" count="1" type="stmt"/>
        <line num="8" count="1" type="stmt"/>
        <line num="9" count="1" type="stmt"/>
        <line num="10" count="1" type="stmt"/>
      </file>
      <file name="transfer-param-dpcs.ts" path="/Users/mac/Documents/FrameworkSpace/EasyGameFrameworkOpen/packages/display-ctrl/__tests__/transfer-param-dpcs.ts">
        <metrics statements="20" coveredstatements="20" conditionals="6" coveredconditionals="6" methods="9" coveredmethods="9"/>
        <line num="1" count="1" type="stmt"/>
        <line num="18" count="1" type="stmt"/>
        <line num="19" count="1" type="stmt"/>
        <line num="23" count="1" type="cond" truecount="2" falsecount="0"/>
        <line num="25" count="1" type="stmt"/>
        <line num="26" count="1" type="stmt"/>
        <line num="29" count="1" type="stmt"/>
        <line num="30" count="1" type="stmt"/>
        <line num="31" count="1" type="stmt"/>
        <line num="35" count="1" type="cond" truecount="2" falsecount="0"/>
        <line num="37" count="1" type="stmt"/>
        <line num="38" count="1" type="stmt"/>
        <line num="39" count="1" type="stmt"/>
        <line num="42" count="1" type="stmt"/>
        <line num="43" count="1" type="stmt"/>
        <line num="44" count="1" type="stmt"/>
        <line num="48" count="1" type="cond" truecount="2" falsecount="0"/>
        <line num="50" count="1" type="stmt"/>
        <line num="51" count="1" type="stmt"/>
        <line num="54" count="1" type="stmt"/>
      </file>
      <file name="with-res-dpctrl.ts" path="/Users/mac/Documents/FrameworkSpace/EasyGameFrameworkOpen/packages/display-ctrl/__tests__/with-res-dpctrl.ts">
        <metrics statements="6" coveredstatements="6" conditionals="0" coveredconditionals="0" methods="2" coveredmethods="2"/>
        <line num="1" count="1" type="stmt"/>
        <line num="7" count="1" type="stmt"/>
        <line num="8" count="1" type="stmt"/>
        <line num="9" count="1" type="stmt"/>
        <line num="10" count="8" type="stmt"/>
        <line num="13" count="1" type="stmt"/>
      </file>
    </package>
    <package name="display-ctrl.src">
      <metrics statements="249" coveredstatements="185" conditionals="195" coveredconditionals="99" methods="31" coveredmethods="26"/>
      <file name="dp-ctrl-mgr.ts" path="/Users/mac/Documents/FrameworkSpace/EasyGameFrameworkOpen/packages/display-ctrl/src/dp-ctrl-mgr.ts">
        <metrics statements="247" coveredstatements="183" conditionals="195" coveredconditionals="99" methods="31" coveredmethods="26"/>
        <line num="5" count="1" type="stmt"/>
        <line num="17" count="24" type="stmt"/>
        <line num="19" count="0" type="stmt"/>
        <line num="25" count="24" type="stmt"/>
        <line num="26" count="24" type="stmt"/>
        <line num="31" count="24" type="stmt"/>
        <line num="32" count="1" type="stmt"/>
        <line num="33" count="3" type="stmt"/>
        <line num="35" count="1" type="stmt"/>
        <line num="36" count="4" type="stmt"/>
        <line num="37" count="4" type="stmt"/>
        <line num="39" count="1" type="stmt"/>
        <line num="40" count="23" type="cond" truecount="1" falsecount="1"/>
        <line num="41" count="23" type="stmt"/>
        <line num="44" count="1" type="stmt"/>
        <line num="45" count="1" type="cond" truecount="1" falsecount="1"/>
        <line num="46" count="1" type="cond" truecount="2" falsecount="2"/>
        <line num="47" count="0" type="stmt"/>
        <line num="48" count="0" type="stmt"/>
        <line num="51" count="1" type="stmt"/>
        <line num="52" count="2" type="stmt"/>
        <line num="59" count="1" type="stmt"/>
        <line num="60" count="23" type="stmt"/>
        <line num="61" count="23" type="cond" truecount="2" falsecount="0"/>
        <line num="62" count="3" type="cond" truecount="1" falsecount="1"/>
        <line num="63" count="0" type="stmt"/>
        <line num="64" count="0" type="stmt"/>
        <line num="66" count="3" type="stmt"/>
        <line num="69" count="23" type="cond" truecount="1" falsecount="1"/>
        <line num="70" count="0" type="stmt"/>
        <line num="72" count="23" type="stmt"/>
        <line num="75" count="1" type="stmt"/>
        <line num="76" count="1" type="stmt"/>
        <line num="78" count="1" type="stmt"/>
        <line num="79" count="1" type="stmt"/>
        <line num="80" count="1" type="cond" truecount="1" falsecount="1"/>
        <line num="81" count="1" type="stmt"/>
        <line num="83" count="0" type="stmt"/>
        <line num="84" count="0" type="stmt"/>
        <line num="89" count="1" type="stmt"/>
        <line num="90" count="2" type="stmt"/>
        <line num="91" count="2" type="cond" truecount="1" falsecount="1"/>
        <line num="92" count="2" type="stmt"/>
        <line num="94" count="0" type="stmt"/>
        <line num="96" count="1" type="stmt"/>
        <line num="97" count="2" type="stmt"/>
        <line num="98" count="2" type="cond" truecount="1" falsecount="1"/>
        <line num="99" count="2" type="stmt"/>
        <line num="101" count="2" type="stmt"/>
        <line num="103" count="1" type="stmt"/>
        <line num="104" count="24" type="stmt"/>
        <line num="105" count="24" type="cond" truecount="1" falsecount="1"/>
        <line num="106" count="24" type="stmt"/>
        <line num="107" count="24" type="cond" truecount="2" falsecount="0"/>
        <line num="108" count="17" type="cond" truecount="1" falsecount="1"/>
        <line num="109" count="17" type="cond" truecount="2" falsecount="0"/>
        <line num="111" count="24" type="stmt"/>
        <line num="113" count="1" type="stmt"/>
        <line num="118" count="1" type="stmt"/>
        <line num="119" count="1" type="stmt"/>
        <line num="120" count="1" type="stmt"/>
        <line num="122" count="8" type="stmt"/>
        <line num="134" count="8" type="cond" truecount="2" falsecount="0"/>
        <line num="135" count="6" type="stmt"/>
        <line num="146" count="2" type="cond" truecount="1" falsecount="1"/>
        <line num="147" count="2" type="stmt"/>
        <line num="148" count="2" type="cond" truecount="1" falsecount="1"/>
        <line num="149" count="2" type="cond" truecount="1" falsecount="1"/>
        <line num="150" count="2" type="cond" truecount="1" falsecount="1"/>
        <line num="151" count="2" type="cond" truecount="1" falsecount="1"/>
        <line num="152" count="2" type="cond" truecount="1" falsecount="1"/>
        <line num="153" count="2" type="cond" truecount="1" falsecount="1"/>
        <line num="154" count="2" type="cond" truecount="1" falsecount="1"/>
        <line num="155" count="2" type="cond" truecount="1" falsecount="1"/>
        <line num="157" count="0" type="stmt"/>
        <line num="158" count="0" type="stmt"/>
        <line num="160" count="8" type="stmt"/>
        <line num="161" count="8" type="cond" truecount="1" falsecount="1"/>
        <line num="162" count="0" type="stmt"/>
        <line num="163" count="0" type="stmt"/>
        <line num="165" count="8" type="stmt"/>
        <line num="166" count="8" type="stmt"/>
        <line num="167" count="8" type="stmt"/>
        <line num="168" count="8" type="cond" truecount="2" falsecount="2"/>
        <line num="169" count="0" type="cond" truecount="0" falsecount="2"/>
        <line num="170" count="0" type="stmt"/>
        <line num="172" count="8" type="stmt"/>
        <line num="174" count="8" type="cond" truecount="2" falsecount="2"/>
        <line num="175" count="8" type="stmt"/>
        <line num="176" count="8" type="stmt"/>
        <line num="177" count="0" type="cond" truecount="0" falsecount="4"/>
        <line num="178" count="0" type="stmt"/>
        <line num="181" count="8" type="cond" truecount="1" falsecount="1"/>
        <line num="182" count="8" type="stmt"/>
        <line num="183" count="8" type="stmt"/>
        <line num="184" count="8" type="stmt"/>
        <line num="185" count="8" type="cond" truecount="1" falsecount="1"/>
        <line num="186" count="8" type="cond" truecount="1" falsecount="1"/>
        <line num="187" count="8" type="stmt"/>
        <line num="188" count="8" type="cond" truecount="1" falsecount="1"/>
        <line num="189" count="8" type="stmt"/>
        <line num="190" count="8" type="stmt"/>
        <line num="191" count="8" type="stmt"/>
        <line num="194" count="8" type="stmt"/>
        <line num="196" count="8" type="stmt"/>
        <line num="197" count="8" type="stmt"/>
        <line num="199" count="0" type="cond" truecount="0" falsecount="2"/>
        <line num="200" count="0" type="stmt"/>
        <line num="203" count="0" type="cond" truecount="0" falsecount="2"/>
        <line num="204" count="0" type="stmt"/>
        <line num="205" count="0" type="stmt"/>
        <line num="209" count="8" type="stmt"/>
        <line num="211" count="1" type="stmt"/>
        <line num="215" count="1" type="cond" truecount="1" falsecount="1"/>
        <line num="216" count="0" type="stmt"/>
        <line num="217" count="0" type="stmt"/>
        <line num="219" count="1" type="stmt"/>
        <line num="220" count="1" type="cond" truecount="3" falsecount="1"/>
        <line num="221" count="1" type="stmt"/>
        <line num="223" count="0" type="stmt"/>
        <line num="226" count="1" type="stmt"/>
        <line num="227" count="1" type="cond" truecount="1" falsecount="1"/>
        <line num="228" count="0" type="stmt"/>
        <line num="229" count="0" type="stmt"/>
        <line num="231" count="1" type="stmt"/>
        <line num="232" count="1" type="cond" truecount="1" falsecount="1"/>
        <line num="233" count="0" type="stmt"/>
        <line num="234" count="0" type="stmt"/>
        <line num="236" count="1" type="stmt"/>
        <line num="239" count="1" type="stmt"/>
        <line num="240" count="2" type="cond" truecount="3" falsecount="1"/>
        <line num="241" count="0" type="stmt"/>
        <line num="242" count="0" type="stmt"/>
        <line num="244" count="2" type="stmt"/>
        <line num="245" count="2" type="stmt"/>
        <line num="246" count="2" type="stmt"/>
        <line num="248" count="1" type="stmt"/>
        <line num="249" count="0" type="cond" truecount="0" falsecount="2"/>
        <line num="250" count="0" type="stmt"/>
        <line num="251" count="0" type="stmt"/>
        <line num="253" count="0" type="stmt"/>
        <line num="254" count="0" type="cond" truecount="0" falsecount="2"/>
        <line num="256" count="1" type="stmt"/>
        <line num="257" count="0" type="cond" truecount="0" falsecount="2"/>
        <line num="258" count="0" type="stmt"/>
        <line num="259" count="0" type="stmt"/>
        <line num="261" count="0" type="stmt"/>
        <line num="262" count="0" type="cond" truecount="0" falsecount="2"/>
        <line num="264" count="1" type="stmt"/>
        <line num="265" count="0" type="cond" truecount="0" falsecount="2"/>
        <line num="266" count="0" type="stmt"/>
        <line num="267" count="0" type="stmt"/>
        <line num="269" count="0" type="stmt"/>
        <line num="270" count="0" type="cond" truecount="0" falsecount="2"/>
        <line num="272" count="1" type="stmt"/>
        <line num="273" count="2" type="cond" truecount="1" falsecount="1"/>
        <line num="274" count="0" type="stmt"/>
        <line num="275" count="0" type="stmt"/>
        <line num="277" count="2" type="stmt"/>
        <line num="278" count="2" type="cond" truecount="1" falsecount="1"/>
        <line num="283" count="1" type="stmt"/>
        <line num="284" count="17" type="stmt"/>
        <line num="285" count="17" type="cond" truecount="1" falsecount="1"/>
        <line num="286" count="0" type="stmt"/>
        <line num="287" count="0" type="stmt"/>
        <line num="289" count="17" type="stmt"/>
        <line num="290" count="17" type="stmt"/>
        <line num="291" count="17" type="stmt"/>
        <line num="294" count="1" type="stmt"/>
        <line num="295" count="3" type="cond" truecount="1" falsecount="1"/>
        <line num="296" count="3" type="cond" truecount="2" falsecount="3"/>
        <line num="297" count="3" type="stmt"/>
        <line num="298" count="3" type="stmt"/>
        <line num="299" count="0" type="cond" truecount="0" falsecount="4"/>
        <line num="300" count="0" type="stmt"/>
        <line num="302" count="3" type="cond" truecount="1" falsecount="1"/>
        <line num="303" count="3" type="stmt"/>
        <line num="304" count="3" type="stmt"/>
        <line num="308" count="1" type="stmt"/>
        <line num="311" count="10" type="cond" truecount="1" falsecount="1"/>
        <line num="312" count="10" type="cond" truecount="1" falsecount="1"/>
        <line num="313" count="10" type="stmt"/>
        <line num="314" count="10" type="cond" truecount="2" falsecount="0"/>
        <line num="318" count="1" type="stmt"/>
        <line num="322" count="9" type="cond" truecount="2" falsecount="0"/>
        <line num="323" count="9" type="stmt"/>
        <line num="324" count="9" type="cond" truecount="2" falsecount="0"/>
        <line num="326" count="1" type="stmt"/>
        <line num="327" count="4" type="cond" truecount="1" falsecount="1"/>
        <line num="328" count="4" type="stmt"/>
        <line num="329" count="4" type="cond" truecount="2" falsecount="0"/>
        <line num="330" count="4" type="stmt"/>
        <line num="332" count="1" type="stmt"/>
        <line num="333" count="3" type="cond" truecount="1" falsecount="1"/>
        <line num="334" count="3" type="cond" truecount="2" falsecount="0"/>
        <line num="335" count="2" type="stmt"/>
        <line num="336" count="2" type="stmt"/>
        <line num="337" count="2" type="stmt"/>
        <line num="339" count="3" type="cond" truecount="2" falsecount="0"/>
        <line num="340" count="2" type="stmt"/>
        <line num="342" count="3" type="cond" truecount="2" falsecount="0"/>
        <line num="343" count="3" type="cond" truecount="2" falsecount="0"/>
        <line num="344" count="2" type="stmt"/>
        <line num="345" count="2" type="cond" truecount="2" falsecount="0"/>
        <line num="346" count="1" type="stmt"/>
        <line num="347" count="1" type="cond" truecount="3" falsecount="1"/>
        <line num="348" count="1" type="stmt"/>
        <line num="353" count="1" type="stmt"/>
        <line num="354" count="11" type="cond" truecount="1" falsecount="1"/>
        <line num="355" count="11" type="cond" truecount="1" falsecount="1"/>
        <line num="356" count="11" type="cond" truecount="1" falsecount="1"/>
        <line num="357" count="11" type="cond" truecount="1" falsecount="1"/>
        <line num="358" count="11" type="stmt"/>
        <line num="360" count="11" type="stmt"/>
        <line num="361" count="11" type="stmt"/>
        <line num="362" count="11" type="stmt"/>
        <line num="363" count="11" type="cond" truecount="1" falsecount="1"/>
        <line num="364" count="11" type="stmt"/>
        <line num="365" count="11" type="stmt"/>
        <line num="366" count="11" type="cond" truecount="5" falsecount="1"/>
        <line num="370" count="11" type="stmt"/>
        <line num="371" count="0" type="stmt"/>
        <line num="372" count="0" type="cond" truecount="0" falsecount="2"/>
        <line num="373" count="0" type="stmt"/>
        <line num="374" count="0" type="stmt"/>
        <line num="375" count="0" type="cond" truecount="0" falsecount="6"/>
        <line num="379" count="11" type="stmt"/>
        <line num="380" count="11" type="stmt"/>
        <line num="381" count="11" type="stmt"/>
        <line num="382" count="11" type="cond" truecount="2" falsecount="0"/>
        <line num="383" count="11" type="stmt"/>
        <line num="387" count="11" type="cond" truecount="2" falsecount="0"/>
        <line num="388" count="1" type="stmt"/>
        <line num="394" count="10" type="cond" truecount="1" falsecount="1"/>
        <line num="395" count="10" type="cond" truecount="1" falsecount="1"/>
        <line num="396" count="10" type="cond" truecount="4" falsecount="0"/>
        <line num="397" count="3" type="stmt"/>
        <line num="398" count="3" type="stmt"/>
        <line num="400" count="7" type="stmt"/>
        <line num="408" count="0" type="stmt"/>
        <line num="409" count="0" type="stmt"/>
        <line num="410" count="0" type="stmt"/>
        <line num="411" count="0" type="stmt"/>
        <line num="414" count="0" type="stmt"/>
        <line num="415" count="0" type="stmt"/>
        <line num="416" count="0" type="cond" truecount="0" falsecount="6"/>
        <line num="421" count="1" type="stmt"/>
      </file>
      <file name="index.ts" path="/Users/mac/Documents/FrameworkSpace/EasyGameFrameworkOpen/packages/display-ctrl/src/index.ts">
        <metrics statements="2" coveredstatements="2" conditionals="0" coveredconditionals="0" methods="0" coveredmethods="0"/>
        <line num="1" count="1" type="stmt"/>
        <line num="2" count="1" type="stmt"/>
      </file>
    </package>
    <package name="enet-pbws.__tests__.protojs">
      <metrics statements="1397" coveredstatements="356" conditionals="949" coveredconditionals="74" methods="169" coveredmethods="51"/>
      <file name="proto_bundle.js" path="/Users/mac/Documents/FrameworkSpace/EasyGameFrameworkOpen/packages/enet-pbws/__tests__/protojs/proto_bundle.js">
        <metrics statements="1397" coveredstatements="356" conditionals="949" coveredconditionals="74" methods="169" coveredmethods="51"/>
        <line num="1" count="2" type="stmt"/>
        <line num="2" count="2" type="stmt"/>
        <line num="4" count="2" type="stmt"/>
        <line num="7" count="2" type="cond" truecount="1" falsecount="1"/>
        <line num="9" count="2" type="stmt"/>
        <line num="16" count="2" type="stmt"/>
        <line num="18" count="2" type="stmt"/>
        <line num="37" count="1" type="stmt"/>
        <line num="38" count="1" type="cond" truecount="1" falsecount="1"/>
        <line num="39" count="0" type="stmt"/>
        <line num="40" count="0" type="cond" truecount="0" falsecount="2"/>
        <line num="41" count="0" type="stmt"/>
        <line num="50" count="2" type="stmt"/>
        <line num="58" count="2" type="stmt"/>
        <line num="68" count="2" type="stmt"/>
        <line num="69" count="0" type="stmt"/>
        <line num="81" count="2" type="stmt"/>
        <line num="82" count="1" type="cond" truecount="1" falsecount="1"/>
        <line num="83" count="0" type="stmt"/>
        <line num="84" count="1" type="stmt"/>
        <line num="85" count="1" type="cond" truecount="2" falsecount="2"/>
        <line num="86" count="0" type="stmt"/>
        <line num="87" count="0" type="stmt"/>
        <line num="88" count="1" type="stmt"/>
        <line num="102" count="2" type="stmt"/>
        <line num="103" count="1" type="cond" truecount="1" falsecount="1"/>
        <line num="104" count="0" type="stmt"/>
        <line num="105" count="1" type="cond" truecount="1" falsecount="1"/>
        <line num="106" count="1" type="stmt"/>
        <line num="107" count="1" type="stmt"/>
        <line num="108" count="1" type="cond" truecount="1" falsecount="2"/>
        <line num="110" count="1" type="stmt"/>
        <line num="111" count="1" type="stmt"/>
        <line num="113" count="0" type="cond" truecount="0" falsecount="4"/>
        <line num="114" count="0" type="stmt"/>
        <line num="115" count="0" type="stmt"/>
        <line num="116" count="0" type="stmt"/>
        <line num="118" count="0" type="stmt"/>
        <line num="119" count="0" type="stmt"/>
        <line num="122" count="1" type="cond" truecount="1" falsecount="1"/>
        <line num="123" count="0" type="stmt"/>
        <line num="124" count="1" type="stmt"/>
        <line num="135" count="2" type="stmt"/>
        <line num="136" count="2" type="cond" truecount="3" falsecount="1"/>
        <line num="137" count="0" type="stmt"/>
        <line num="138" count="2" type="cond" truecount="1" falsecount="1"/>
        <line num="139" count="0" type="stmt"/>
        <line num="140" count="2" type="cond" truecount="4" falsecount="0"/>
        <line num="141" count="1" type="cond" truecount="1" falsecount="1"/>
        <line num="142" count="0" type="stmt"/>
        <line num="143" count="1" type="stmt"/>
        <line num="144" count="0" type="cond" truecount="0" falsecount="2"/>
        <line num="145" count="0" type="stmt"/>
        <line num="147" count="2" type="stmt"/>
        <line num="150" count="2" type="stmt"/>
        <line num="153" count="2" type="stmt"/>
        <line num="172" count="0" type="cond" truecount="0" falsecount="2"/>
        <line num="173" count="0" type="stmt"/>
        <line num="174" count="0" type="cond" truecount="0" falsecount="2"/>
        <line num="175" count="0" type="stmt"/>
        <line num="184" count="2" type="stmt"/>
        <line num="192" count="2" type="cond" truecount="1" falsecount="1"/>
        <line num="202" count="2" type="stmt"/>
        <line num="203" count="0" type="stmt"/>
        <line num="215" count="2" type="stmt"/>
        <line num="216" count="0" type="cond" truecount="0" falsecount="2"/>
        <line num="217" count="0" type="stmt"/>
        <line num="218" count="0" type="stmt"/>
        <line num="219" count="0" type="stmt"/>
        <line num="220" count="0" type="stmt"/>
        <line num="234" count="2" type="stmt"/>
        <line num="235" count="0" type="cond" truecount="0" falsecount="2"/>
        <line num="236" count="0" type="stmt"/>
        <line num="237" count="0" type="cond" truecount="0" falsecount="2"/>
        <line num="238" count="0" type="stmt"/>
        <line num="239" count="0" type="stmt"/>
        <line num="240" count="0" type="cond" truecount="0" falsecount="3"/>
        <line num="242" count="0" type="stmt"/>
        <line num="243" count="0" type="stmt"/>
        <line num="245" count="0" type="stmt"/>
        <line num="246" count="0" type="stmt"/>
        <line num="248" count="0" type="stmt"/>
        <line num="249" count="0" type="stmt"/>
        <line num="252" count="0" type="cond" truecount="0" falsecount="2"/>
        <line num="253" count="0" type="stmt"/>
        <line num="254" count="0" type="cond" truecount="0" falsecount="2"/>
        <line num="255" count="0" type="stmt"/>
        <line num="256" count="0" type="stmt"/>
        <line num="267" count="2" type="stmt"/>
        <line num="268" count="0" type="cond" truecount="0" falsecount="4"/>
        <line num="269" count="0" type="stmt"/>
        <line num="270" count="0" type="cond" truecount="0" falsecount="2"/>
        <line num="271" count="0" type="stmt"/>
        <line num="272" count="0" type="cond" truecount="0" falsecount="7"/>
        <line num="273" count="0" type="stmt"/>
        <line num="274" count="0" type="stmt"/>
        <line num="277" count="2" type="stmt"/>
        <line num="280" count="2" type="stmt"/>
        <line num="299" count="0" type="cond" truecount="0" falsecount="2"/>
        <line num="300" count="0" type="stmt"/>
        <line num="301" count="0" type="cond" truecount="0" falsecount="2"/>
        <line num="302" count="0" type="stmt"/>
        <line num="311" count="2" type="stmt"/>
        <line num="319" count="2" type="stmt"/>
        <line num="329" count="2" type="stmt"/>
        <line num="330" count="0" type="stmt"/>
        <line num="342" count="2" type="stmt"/>
        <line num="343" count="0" type="cond" truecount="0" falsecount="2"/>
        <line num="344" count="0" type="stmt"/>
        <line num="345" count="0" type="stmt"/>
        <line num="346" count="0" type="stmt"/>
        <line num="347" count="0" type="stmt"/>
        <line num="361" count="2" type="stmt"/>
        <line num="362" count="0" type="cond" truecount="0" falsecount="2"/>
        <line num="363" count="0" type="stmt"/>
        <line num="364" count="0" type="cond" truecount="0" falsecount="2"/>
        <line num="365" count="0" type="stmt"/>
        <line num="366" count="0" type="stmt"/>
        <line num="367" count="0" type="cond" truecount="0" falsecount="3"/>
        <line num="369" count="0" type="stmt"/>
        <line num="370" count="0" type="stmt"/>
        <line num="372" count="0" type="stmt"/>
        <line num="373" count="0" type="stmt"/>
        <line num="375" count="0" type="stmt"/>
        <line num="376" count="0" type="stmt"/>
        <line num="379" count="0" type="cond" truecount="0" falsecount="2"/>
        <line num="380" count="0" type="stmt"/>
        <line num="381" count="0" type="cond" truecount="0" falsecount="2"/>
        <line num="382" count="0" type="stmt"/>
        <line num="383" count="0" type="stmt"/>
        <line num="394" count="2" type="stmt"/>
        <line num="395" count="0" type="cond" truecount="0" falsecount="4"/>
        <line num="396" count="0" type="stmt"/>
        <line num="397" count="0" type="cond" truecount="0" falsecount="2"/>
        <line num="398" count="0" type="stmt"/>
        <line num="399" count="0" type="cond" truecount="0" falsecount="2"/>
        <line num="400" count="0" type="stmt"/>
        <line num="401" count="0" type="stmt"/>
        <line num="404" count="2" type="stmt"/>
        <line num="407" count="2" type="stmt"/>
        <line num="428" count="0" type="cond" truecount="0" falsecount="2"/>
        <line num="429" count="0" type="stmt"/>
        <line num="430" count="0" type="cond" truecount="0" falsecount="2"/>
        <line num="431" count="0" type="stmt"/>
        <line num="440" count="2" type="stmt"/>
        <line num="448" count="2" type="stmt"/>
        <line num="456" count="2" type="stmt"/>
        <line num="464" count="2" type="stmt"/>
        <line num="474" count="2" type="stmt"/>
        <line num="475" count="0" type="stmt"/>
        <line num="487" count="2" type="stmt"/>
        <line num="488" count="0" type="cond" truecount="0" falsecount="2"/>
        <line num="489" count="0" type="stmt"/>
        <line num="490" count="0" type="stmt"/>
        <line num="491" count="0" type="stmt"/>
        <line num="492" count="0" type="stmt"/>
        <line num="493" count="0" type="stmt"/>
        <line num="494" count="0" type="stmt"/>
        <line num="508" count="2" type="stmt"/>
        <line num="509" count="0" type="cond" truecount="0" falsecount="2"/>
        <line num="510" count="0" type="stmt"/>
        <line num="511" count="0" type="cond" truecount="0" falsecount="2"/>
        <line num="512" count="0" type="stmt"/>
        <line num="513" count="0" type="stmt"/>
        <line num="514" count="0" type="cond" truecount="0" falsecount="5"/>
        <line num="516" count="0" type="stmt"/>
        <line num="517" count="0" type="stmt"/>
        <line num="519" count="0" type="stmt"/>
        <line num="520" count="0" type="stmt"/>
        <line num="522" count="0" type="stmt"/>
        <line num="523" count="0" type="stmt"/>
        <line num="525" count="0" type="stmt"/>
        <line num="526" count="0" type="stmt"/>
        <line num="528" count="0" type="stmt"/>
        <line num="529" count="0" type="stmt"/>
        <line num="532" count="0" type="cond" truecount="0" falsecount="2"/>
        <line num="533" count="0" type="stmt"/>
        <line num="534" count="0" type="cond" truecount="0" falsecount="2"/>
        <line num="535" count="0" type="stmt"/>
        <line num="536" count="0" type="cond" truecount="0" falsecount="2"/>
        <line num="537" count="0" type="stmt"/>
        <line num="538" count="0" type="cond" truecount="0" falsecount="2"/>
        <line num="539" count="0" type="stmt"/>
        <line num="540" count="0" type="stmt"/>
        <line num="551" count="2" type="stmt"/>
        <line num="552" count="0" type="cond" truecount="0" falsecount="4"/>
        <line num="553" count="0" type="stmt"/>
        <line num="554" count="0" type="cond" truecount="0" falsecount="2"/>
        <line num="555" count="0" type="stmt"/>
        <line num="556" count="0" type="cond" truecount="0" falsecount="2"/>
        <line num="557" count="0" type="stmt"/>
        <line num="558" count="0" type="cond" truecount="0" falsecount="2"/>
        <line num="559" count="0" type="stmt"/>
        <line num="560" count="0" type="cond" truecount="0" falsecount="2"/>
        <line num="561" count="0" type="stmt"/>
        <line num="562" count="0" type="stmt"/>
        <line num="565" count="2" type="stmt"/>
        <line num="568" count="2" type="stmt"/>
        <line num="588" count="0" type="stmt"/>
        <line num="589" count="0" type="stmt"/>
        <line num="590" count="0" type="stmt"/>
        <line num="591" count="0" type="cond" truecount="0" falsecount="2"/>
        <line num="592" count="0" type="stmt"/>
        <line num="593" count="0" type="cond" truecount="0" falsecount="2"/>
        <line num="594" count="0" type="stmt"/>
        <line num="603" count="2" type="stmt"/>
        <line num="611" count="2" type="stmt"/>
        <line num="619" count="2" type="stmt"/>
        <line num="629" count="2" type="stmt"/>
        <line num="630" count="0" type="stmt"/>
        <line num="642" count="2" type="stmt"/>
        <line num="643" count="0" type="cond" truecount="0" falsecount="2"/>
        <line num="644" count="0" type="stmt"/>
        <line num="645" count="0" type="cond" truecount="0" falsecount="4"/>
        <line num="646" count="0" type="stmt"/>
        <line num="647" count="0" type="stmt"/>
        <line num="648" count="0" type="cond" truecount="0" falsecount="4"/>
        <line num="649" count="0" type="stmt"/>
        <line num="650" count="0" type="stmt"/>
        <line num="651" count="0" type="cond" truecount="0" falsecount="4"/>
        <line num="652" count="0" type="stmt"/>
        <line num="653" count="0" type="stmt"/>
        <line num="654" count="0" type="stmt"/>
        <line num="668" count="2" type="stmt"/>
        <line num="669" count="0" type="cond" truecount="0" falsecount="2"/>
        <line num="670" count="0" type="stmt"/>
        <line num="671" count="0" type="cond" truecount="0" falsecount="2"/>
        <line num="672" count="0" type="stmt"/>
        <line num="673" count="0" type="stmt"/>
        <line num="674" count="0" type="cond" truecount="0" falsecount="4"/>
        <line num="676" count="0" type="cond" truecount="0" falsecount="4"/>
        <line num="677" count="0" type="stmt"/>
        <line num="678" count="0" type="stmt"/>
        <line num="679" count="0" type="stmt"/>
        <line num="681" count="0" type="cond" truecount="0" falsecount="4"/>
        <line num="682" count="0" type="stmt"/>
        <line num="683" count="0" type="stmt"/>
        <line num="684" count="0" type="stmt"/>
        <line num="686" count="0" type="cond" truecount="0" falsecount="4"/>
        <line num="687" count="0" type="stmt"/>
        <line num="688" count="0" type="stmt"/>
        <line num="689" count="0" type="stmt"/>
        <line num="691" count="0" type="stmt"/>
        <line num="692" count="0" type="stmt"/>
        <line num="695" count="0" type="stmt"/>
        <line num="706" count="2" type="stmt"/>
        <line num="707" count="0" type="cond" truecount="0" falsecount="4"/>
        <line num="708" count="0" type="stmt"/>
        <line num="709" count="0" type="cond" truecount="0" falsecount="4"/>
        <line num="710" count="0" type="cond" truecount="0" falsecount="2"/>
        <line num="711" count="0" type="stmt"/>
        <line num="712" count="0" type="stmt"/>
        <line num="713" count="0" type="stmt"/>
        <line num="714" count="0" type="cond" truecount="0" falsecount="2"/>
        <line num="715" count="0" type="stmt"/>
        <line num="718" count="0" type="cond" truecount="0" falsecount="4"/>
        <line num="719" count="0" type="cond" truecount="0" falsecount="2"/>
        <line num="720" count="0" type="stmt"/>
        <line num="721" count="0" type="stmt"/>
        <line num="722" count="0" type="stmt"/>
        <line num="723" count="0" type="cond" truecount="0" falsecount="2"/>
        <line num="724" count="0" type="stmt"/>
        <line num="727" count="0" type="cond" truecount="0" falsecount="4"/>
        <line num="728" count="0" type="cond" truecount="0" falsecount="2"/>
        <line num="729" count="0" type="stmt"/>
        <line num="730" count="0" type="stmt"/>
        <line num="731" count="0" type="stmt"/>
        <line num="732" count="0" type="cond" truecount="0" falsecount="2"/>
        <line num="733" count="0" type="stmt"/>
        <line num="736" count="0" type="stmt"/>
        <line num="739" count="2" type="stmt"/>
        <line num="742" count="2" type="stmt"/>
        <line num="762" count="0" type="cond" truecount="0" falsecount="2"/>
        <line num="763" count="0" type="stmt"/>
        <line num="764" count="0" type="cond" truecount="0" falsecount="2"/>
        <line num="765" count="0" type="stmt"/>
        <line num="774" count="2" type="stmt"/>
        <line num="782" count="2" type="stmt"/>
        <line num="790" count="2" type="stmt"/>
        <line num="800" count="2" type="stmt"/>
        <line num="801" count="0" type="stmt"/>
        <line num="813" count="2" type="stmt"/>
        <line num="814" count="0" type="cond" truecount="0" falsecount="2"/>
        <line num="815" count="0" type="stmt"/>
        <line num="816" count="0" type="stmt"/>
        <line num="817" count="0" type="stmt"/>
        <line num="818" count="0" type="stmt"/>
        <line num="819" count="0" type="stmt"/>
        <line num="833" count="2" type="stmt"/>
        <line num="834" count="0" type="cond" truecount="0" falsecount="2"/>
        <line num="835" count="0" type="stmt"/>
        <line num="836" count="0" type="cond" truecount="0" falsecount="2"/>
        <line num="837" count="0" type="stmt"/>
        <line num="838" count="0" type="stmt"/>
        <line num="839" count="0" type="cond" truecount="0" falsecount="4"/>
        <line num="841" count="0" type="stmt"/>
        <line num="842" count="0" type="stmt"/>
        <line num="844" count="0" type="stmt"/>
        <line num="845" count="0" type="stmt"/>
        <line num="847" count="0" type="stmt"/>
        <line num="848" count="0" type="stmt"/>
        <line num="850" count="0" type="stmt"/>
        <line num="851" count="0" type="stmt"/>
        <line num="854" count="0" type="cond" truecount="0" falsecount="2"/>
        <line num="855" count="0" type="stmt"/>
        <line num="856" count="0" type="cond" truecount="0" falsecount="2"/>
        <line num="857" count="0" type="stmt"/>
        <line num="858" count="0" type="cond" truecount="0" falsecount="2"/>
        <line num="859" count="0" type="stmt"/>
        <line num="860" count="0" type="stmt"/>
        <line num="871" count="2" type="stmt"/>
        <line num="872" count="0" type="cond" truecount="0" falsecount="4"/>
        <line num="873" count="0" type="stmt"/>
        <line num="874" count="0" type="cond" truecount="0" falsecount="2"/>
        <line num="875" count="0" type="stmt"/>
        <line num="876" count="0" type="cond" truecount="0" falsecount="2"/>
        <line num="877" count="0" type="stmt"/>
        <line num="878" count="0" type="cond" truecount="0" falsecount="2"/>
        <line num="879" count="0" type="stmt"/>
        <line num="880" count="0" type="stmt"/>
        <line num="883" count="2" type="stmt"/>
        <line num="886" count="2" type="stmt"/>
        <line num="905" count="0" type="stmt"/>
        <line num="906" count="0" type="stmt"/>
        <line num="907" count="0" type="cond" truecount="0" falsecount="2"/>
        <line num="908" count="0" type="stmt"/>
        <line num="909" count="0" type="cond" truecount="0" falsecount="2"/>
        <line num="910" count="0" type="stmt"/>
        <line num="919" count="2" type="stmt"/>
        <line num="927" count="2" type="stmt"/>
        <line num="937" count="2" type="stmt"/>
        <line num="938" count="0" type="stmt"/>
        <line num="950" count="2" type="stmt"/>
        <line num="951" count="0" type="cond" truecount="0" falsecount="2"/>
        <line num="952" count="0" type="stmt"/>
        <line num="953" count="0" type="cond" truecount="0" falsecount="4"/>
        <line num="954" count="0" type="stmt"/>
        <line num="955" count="0" type="stmt"/>
        <line num="956" count="0" type="cond" truecount="0" falsecount="4"/>
        <line num="957" count="0" type="stmt"/>
        <line num="958" count="0" type="stmt"/>
        <line num="959" count="0" type="stmt"/>
        <line num="973" count="2" type="stmt"/>
        <line num="974" count="0" type="cond" truecount="0" falsecount="2"/>
        <line num="975" count="0" type="stmt"/>
        <line num="976" count="0" type="cond" truecount="0" falsecount="2"/>
        <line num="977" count="0" type="stmt"/>
        <line num="978" count="0" type="stmt"/>
        <line num="979" count="0" type="cond" truecount="0" falsecount="3"/>
        <line num="981" count="0" type="cond" truecount="0" falsecount="4"/>
        <line num="982" count="0" type="stmt"/>
        <line num="983" count="0" type="stmt"/>
        <line num="984" count="0" type="stmt"/>
        <line num="986" count="0" type="cond" truecount="0" falsecount="4"/>
        <line num="987" count="0" type="stmt"/>
        <line num="988" count="0" type="stmt"/>
        <line num="989" count="0" type="stmt"/>
        <line num="991" count="0" type="stmt"/>
        <line num="992" count="0" type="stmt"/>
        <line num="995" count="0" type="stmt"/>
        <line num="1006" count="2" type="stmt"/>
        <line num="1007" count="0" type="cond" truecount="0" falsecount="4"/>
        <line num="1008" count="0" type="stmt"/>
        <line num="1009" count="0" type="cond" truecount="0" falsecount="4"/>
        <line num="1010" count="0" type="cond" truecount="0" falsecount="2"/>
        <line num="1011" count="0" type="stmt"/>
        <line num="1012" count="0" type="stmt"/>
        <line num="1013" count="0" type="stmt"/>
        <line num="1014" count="0" type="cond" truecount="0" falsecount="2"/>
        <line num="1015" count="0" type="stmt"/>
        <line num="1018" count="0" type="cond" truecount="0" falsecount="4"/>
        <line num="1019" count="0" type="cond" truecount="0" falsecount="2"/>
        <line num="1020" count="0" type="stmt"/>
        <line num="1021" count="0" type="stmt"/>
        <line num="1022" count="0" type="stmt"/>
        <line num="1023" count="0" type="cond" truecount="0" falsecount="2"/>
        <line num="1024" count="0" type="stmt"/>
        <line num="1027" count="0" type="stmt"/>
        <line num="1030" count="2" type="stmt"/>
        <line num="1033" count="2" type="stmt"/>
        <line num="1052" count="0" type="cond" truecount="0" falsecount="2"/>
        <line num="1053" count="0" type="stmt"/>
        <line num="1054" count="0" type="cond" truecount="0" falsecount="2"/>
        <line num="1055" count="0" type="stmt"/>
        <line num="1064" count="2" type="stmt"/>
        <line num="1072" count="2" type="stmt"/>
        <line num="1082" count="2" type="stmt"/>
        <line num="1083" count="0" type="stmt"/>
        <line num="1095" count="2" type="stmt"/>
        <line num="1096" count="0" type="cond" truecount="0" falsecount="2"/>
        <line num="1097" count="0" type="stmt"/>
        <line num="1098" count="0" type="stmt"/>
        <line num="1099" count="0" type="stmt"/>
        <line num="1100" count="0" type="stmt"/>
        <line num="1114" count="2" type="stmt"/>
        <line num="1115" count="0" type="cond" truecount="0" falsecount="2"/>
        <line num="1116" count="0" type="stmt"/>
        <line num="1117" count="0" type="cond" truecount="0" falsecount="2"/>
        <line num="1118" count="0" type="stmt"/>
        <line num="1119" count="0" type="stmt"/>
        <line num="1120" count="0" type="cond" truecount="0" falsecount="3"/>
        <line num="1122" count="0" type="stmt"/>
        <line num="1123" count="0" type="stmt"/>
        <line num="1125" count="0" type="stmt"/>
        <line num="1126" count="0" type="stmt"/>
        <line num="1128" count="0" type="stmt"/>
        <line num="1129" count="0" type="stmt"/>
        <line num="1132" count="0" type="cond" truecount="0" falsecount="2"/>
        <line num="1133" count="0" type="stmt"/>
        <line num="1134" count="0" type="cond" truecount="0" falsecount="2"/>
        <line num="1135" count="0" type="stmt"/>
        <line num="1136" count="0" type="stmt"/>
        <line num="1147" count="2" type="stmt"/>
        <line num="1148" count="0" type="cond" truecount="0" falsecount="4"/>
        <line num="1149" count="0" type="stmt"/>
        <line num="1150" count="0" type="cond" truecount="0" falsecount="2"/>
        <line num="1151" count="0" type="stmt"/>
        <line num="1152" count="0" type="cond" truecount="0" falsecount="2"/>
        <line num="1153" count="0" type="stmt"/>
        <line num="1154" count="0" type="stmt"/>
        <line num="1157" count="2" type="stmt"/>
        <line num="1160" count="2" type="stmt"/>
        <line num="1181" count="0" type="stmt"/>
        <line num="1182" count="0" type="cond" truecount="0" falsecount="2"/>
        <line num="1183" count="0" type="stmt"/>
        <line num="1184" count="0" type="cond" truecount="0" falsecount="2"/>
        <line num="1185" count="0" type="stmt"/>
        <line num="1194" count="2" type="cond" truecount="1" falsecount="1"/>
        <line num="1202" count="2" type="stmt"/>
        <line num="1210" count="2" type="stmt"/>
        <line num="1218" count="2" type="stmt"/>
        <line num="1228" count="2" type="stmt"/>
        <line num="1229" count="0" type="stmt"/>
        <line num="1241" count="2" type="stmt"/>
        <line num="1242" count="0" type="cond" truecount="0" falsecount="2"/>
        <line num="1243" count="0" type="stmt"/>
        <line num="1244" count="0" type="stmt"/>
        <line num="1245" count="0" type="stmt"/>
        <line num="1246" count="0" type="stmt"/>
        <line num="1247" count="0" type="cond" truecount="0" falsecount="4"/>
        <line num="1248" count="0" type="stmt"/>
        <line num="1249" count="0" type="stmt"/>
        <line num="1250" count="0" type="stmt"/>
        <line num="1264" count="2" type="stmt"/>
        <line num="1265" count="0" type="cond" truecount="0" falsecount="2"/>
        <line num="1266" count="0" type="stmt"/>
        <line num="1267" count="0" type="cond" truecount="0" falsecount="2"/>
        <line num="1268" count="0" type="stmt"/>
        <line num="1269" count="0" type="stmt"/>
        <line num="1270" count="0" type="cond" truecount="0" falsecount="5"/>
        <line num="1272" count="0" type="stmt"/>
        <line num="1273" count="0" type="stmt"/>
        <line num="1275" count="0" type="stmt"/>
        <line num="1276" count="0" type="stmt"/>
        <line num="1278" count="0" type="stmt"/>
        <line num="1279" count="0" type="stmt"/>
        <line num="1281" count="0" type="cond" truecount="0" falsecount="4"/>
        <line num="1282" count="0" type="stmt"/>
        <line num="1283" count="0" type="stmt"/>
        <line num="1284" count="0" type="stmt"/>
        <line num="1286" count="0" type="stmt"/>
        <line num="1287" count="0" type="stmt"/>
        <line num="1290" count="0" type="cond" truecount="0" falsecount="2"/>
        <line num="1291" count="0" type="stmt"/>
        <line num="1292" count="0" type="cond" truecount="0" falsecount="2"/>
        <line num="1293" count="0" type="stmt"/>
        <line num="1294" count="0" type="cond" truecount="0" falsecount="2"/>
        <line num="1295" count="0" type="stmt"/>
        <line num="1296" count="0" type="stmt"/>
        <line num="1307" count="2" type="stmt"/>
        <line num="1308" count="0" type="cond" truecount="0" falsecount="4"/>
        <line num="1309" count="0" type="stmt"/>
        <line num="1310" count="0" type="cond" truecount="0" falsecount="7"/>
        <line num="1311" count="0" type="stmt"/>
        <line num="1312" count="0" type="cond" truecount="0" falsecount="2"/>
        <line num="1313" count="0" type="stmt"/>
        <line num="1314" count="0" type="cond" truecount="0" falsecount="2"/>
        <line num="1315" count="0" type="stmt"/>
        <line num="1316" count="0" type="cond" truecount="0" falsecount="4"/>
        <line num="1317" count="0" type="cond" truecount="0" falsecount="2"/>
        <line num="1318" count="0" type="stmt"/>
        <line num="1319" count="0" type="stmt"/>
        <line num="1320" count="0" type="stmt"/>
        <line num="1321" count="0" type="cond" truecount="0" falsecount="2"/>
        <line num="1322" count="0" type="stmt"/>
        <line num="1325" count="0" type="stmt"/>
        <line num="1328" count="2" type="stmt"/>
        <line num="1331" count="2" type="stmt"/>
        <line num="1351" count="0" type="cond" truecount="0" falsecount="2"/>
        <line num="1352" count="0" type="stmt"/>
        <line num="1353" count="0" type="cond" truecount="0" falsecount="2"/>
        <line num="1354" count="0" type="stmt"/>
        <line num="1363" count="2" type="stmt"/>
        <line num="1371" count="2" type="stmt"/>
        <line num="1379" count="2" type="stmt"/>
        <line num="1389" count="2" type="stmt"/>
        <line num="1390" count="0" type="stmt"/>
        <line num="1402" count="2" type="stmt"/>
        <line num="1403" count="0" type="cond" truecount="0" falsecount="2"/>
        <line num="1404" count="0" type="stmt"/>
        <line num="1405" count="0" type="stmt"/>
        <line num="1406" count="0" type="stmt"/>
        <line num="1407" count="0" type="stmt"/>
        <line num="1408" count="0" type="stmt"/>
        <line num="1422" count="2" type="stmt"/>
        <line num="1423" count="0" type="cond" truecount="0" falsecount="2"/>
        <line num="1424" count="0" type="stmt"/>
        <line num="1425" count="0" type="cond" truecount="0" falsecount="2"/>
        <line num="1426" count="0" type="stmt"/>
        <line num="1427" count="0" type="stmt"/>
        <line num="1428" count="0" type="cond" truecount="0" falsecount="4"/>
        <line num="1430" count="0" type="stmt"/>
        <line num="1431" count="0" type="stmt"/>
        <line num="1433" count="0" type="stmt"/>
        <line num="1434" count="0" type="stmt"/>
        <line num="1436" count="0" type="stmt"/>
        <line num="1437" count="0" type="stmt"/>
        <line num="1439" count="0" type="stmt"/>
        <line num="1440" count="0" type="stmt"/>
        <line num="1443" count="0" type="cond" truecount="0" falsecount="2"/>
        <line num="1444" count="0" type="stmt"/>
        <line num="1445" count="0" type="cond" truecount="0" falsecount="2"/>
        <line num="1446" count="0" type="stmt"/>
        <line num="1447" count="0" type="cond" truecount="0" falsecount="2"/>
        <line num="1448" count="0" type="stmt"/>
        <line num="1449" count="0" type="stmt"/>
        <line num="1460" count="2" type="stmt"/>
        <line num="1461" count="0" type="cond" truecount="0" falsecount="4"/>
        <line num="1462" count="0" type="stmt"/>
        <line num="1463" count="0" type="cond" truecount="0" falsecount="2"/>
        <line num="1464" count="0" type="stmt"/>
        <line num="1465" count="0" type="cond" truecount="0" falsecount="2"/>
        <line num="1466" count="0" type="stmt"/>
        <line num="1467" count="0" type="cond" truecount="0" falsecount="2"/>
        <line num="1468" count="0" type="stmt"/>
        <line num="1469" count="0" type="stmt"/>
        <line num="1472" count="2" type="stmt"/>
        <line num="1475" count="2" type="stmt"/>
        <line num="1495" count="0" type="stmt"/>
        <line num="1496" count="0" type="stmt"/>
        <line num="1497" count="0" type="cond" truecount="0" falsecount="2"/>
        <line num="1498" count="0" type="stmt"/>
        <line num="1499" count="0" type="cond" truecount="0" falsecount="2"/>
        <line num="1500" count="0" type="stmt"/>
        <line num="1509" count="2" type="stmt"/>
        <line num="1517" count="2" type="stmt"/>
        <line num="1525" count="2" type="stmt"/>
        <line num="1535" count="2" type="stmt"/>
        <line num="1536" count="0" type="stmt"/>
        <line num="1548" count="2" type="stmt"/>
        <line num="1549" count="0" type="cond" truecount="0" falsecount="2"/>
        <line num="1550" count="0" type="stmt"/>
        <line num="1551" count="0" type="stmt"/>
        <line num="1552" count="0" type="cond" truecount="0" falsecount="4"/>
        <line num="1553" count="0" type="stmt"/>
        <line num="1554" count="0" type="stmt"/>
        <line num="1555" count="0" type="cond" truecount="0" falsecount="4"/>
        <line num="1556" count="0" type="stmt"/>
        <line num="1557" count="0" type="stmt"/>
        <line num="1558" count="0" type="stmt"/>
        <line num="1572" count="2" type="stmt"/>
        <line num="1573" count="0" type="cond" truecount="0" falsecount="2"/>
        <line num="1574" count="0" type="stmt"/>
        <line num="1575" count="0" type="cond" truecount="0" falsecount="2"/>
        <line num="1576" count="0" type="stmt"/>
        <line num="1577" count="0" type="stmt"/>
        <line num="1578" count="0" type="cond" truecount="0" falsecount="4"/>
        <line num="1580" count="0" type="stmt"/>
        <line num="1581" count="0" type="stmt"/>
        <line num="1583" count="0" type="cond" truecount="0" falsecount="4"/>
        <line num="1584" count="0" type="stmt"/>
        <line num="1585" count="0" type="stmt"/>
        <line num="1586" count="0" type="stmt"/>
        <line num="1588" count="0" type="cond" truecount="0" falsecount="4"/>
        <line num="1589" count="0" type="stmt"/>
        <line num="1590" count="0" type="stmt"/>
        <line num="1591" count="0" type="stmt"/>
        <line num="1593" count="0" type="stmt"/>
        <line num="1594" count="0" type="stmt"/>
        <line num="1597" count="0" type="cond" truecount="0" falsecount="2"/>
        <line num="1598" count="0" type="stmt"/>
        <line num="1599" count="0" type="stmt"/>
        <line num="1610" count="2" type="stmt"/>
        <line num="1611" count="0" type="cond" truecount="0" falsecount="4"/>
        <line num="1612" count="0" type="stmt"/>
        <line num="1614" count="0" type="stmt"/>
        <line num="1615" count="0" type="cond" truecount="0" falsecount="2"/>
        <line num="1616" count="0" type="stmt"/>
        <line num="1618" count="0" type="cond" truecount="0" falsecount="4"/>
        <line num="1619" count="0" type="cond" truecount="0" falsecount="2"/>
        <line num="1620" count="0" type="stmt"/>
        <line num="1621" count="0" type="stmt"/>
        <line num="1622" count="0" type="stmt"/>
        <line num="1623" count="0" type="cond" truecount="0" falsecount="2"/>
        <line num="1624" count="0" type="stmt"/>
        <line num="1627" count="0" type="cond" truecount="0" falsecount="4"/>
        <line num="1628" count="0" type="cond" truecount="0" falsecount="2"/>
        <line num="1629" count="0" type="stmt"/>
        <line num="1630" count="0" type="stmt"/>
        <line num="1631" count="0" type="stmt"/>
        <line num="1632" count="0" type="cond" truecount="0" falsecount="2"/>
        <line num="1633" count="0" type="stmt"/>
        <line num="1636" count="0" type="stmt"/>
        <line num="1639" count="2" type="stmt"/>
        <line num="1642" count="2" type="stmt"/>
        <line num="1662" count="0" type="cond" truecount="0" falsecount="2"/>
        <line num="1663" count="0" type="stmt"/>
        <line num="1664" count="0" type="cond" truecount="0" falsecount="2"/>
        <line num="1665" count="0" type="stmt"/>
        <line num="1674" count="2" type="stmt"/>
        <line num="1682" count="2" type="stmt"/>
        <line num="1690" count="2" type="stmt"/>
        <line num="1700" count="2" type="stmt"/>
        <line num="1701" count="0" type="stmt"/>
        <line num="1713" count="2" type="stmt"/>
        <line num="1714" count="1" type="cond" truecount="1" falsecount="1"/>
        <line num="1715" count="1" type="stmt"/>
        <line num="1716" count="1" type="stmt"/>
        <line num="1717" count="1" type="stmt"/>
        <line num="1718" count="1" type="stmt"/>
        <line num="1719" count="1" type="stmt"/>
        <line num="1733" count="2" type="stmt"/>
        <line num="1734" count="0" type="cond" truecount="0" falsecount="2"/>
        <line num="1735" count="0" type="stmt"/>
        <line num="1736" count="0" type="cond" truecount="0" falsecount="2"/>
        <line num="1737" count="0" type="stmt"/>
        <line num="1738" count="0" type="stmt"/>
        <line num="1739" count="0" type="cond" truecount="0" falsecount="4"/>
        <line num="1741" count="0" type="stmt"/>
        <line num="1742" count="0" type="stmt"/>
        <line num="1744" count="0" type="stmt"/>
        <line num="1745" count="0" type="stmt"/>
        <line num="1747" count="0" type="stmt"/>
        <line num="1748" count="0" type="stmt"/>
        <line num="1750" count="0" type="stmt"/>
        <line num="1751" count="0" type="stmt"/>
        <line num="1754" count="0" type="cond" truecount="0" falsecount="2"/>
        <line num="1755" count="0" type="stmt"/>
        <line num="1756" count="0" type="cond" truecount="0" falsecount="2"/>
        <line num="1757" count="0" type="stmt"/>
        <line num="1758" count="0" type="cond" truecount="0" falsecount="2"/>
        <line num="1759" count="0" type="stmt"/>
        <line num="1760" count="0" type="stmt"/>
        <line num="1771" count="2" type="stmt"/>
        <line num="1772" count="2" type="cond" truecount="3" falsecount="1"/>
        <line num="1773" count="0" type="stmt"/>
        <line num="1774" count="2" type="cond" truecount="2" falsecount="0"/>
        <line num="1775" count="1" type="stmt"/>
        <line num="1776" count="1" type="cond" truecount="1" falsecount="1"/>
        <line num="1777" count="0" type="stmt"/>
        <line num="1778" count="1" type="cond" truecount="1" falsecount="1"/>
        <line num="1779" count="0" type="stmt"/>
        <line num="1780" count="1" type="stmt"/>
        <line num="1783" count="2" type="stmt"/>
        <line num="1786" count="2" type="stmt"/>
        <line num="1804" count="1" type="cond" truecount="1" falsecount="1"/>
        <line num="1805" count="0" type="stmt"/>
        <line num="1806" count="0" type="cond" truecount="0" falsecount="2"/>
        <line num="1807" count="0" type="stmt"/>
        <line num="1816" count="2" type="stmt"/>
        <line num="1826" count="2" type="stmt"/>
        <line num="1827" count="0" type="stmt"/>
        <line num="1839" count="2" type="stmt"/>
        <line num="1840" count="1" type="cond" truecount="1" falsecount="1"/>
        <line num="1841" count="1" type="stmt"/>
        <line num="1842" count="1" type="stmt"/>
        <line num="1843" count="1" type="stmt"/>
        <line num="1857" count="2" type="stmt"/>
        <line num="1858" count="1" type="cond" truecount="1" falsecount="1"/>
        <line num="1859" count="1" type="stmt"/>
        <line num="1860" count="1" type="cond" truecount="1" falsecount="1"/>
        <line num="1861" count="1" type="stmt"/>
        <line num="1862" count="1" type="stmt"/>
        <line num="1863" count="1" type="cond" truecount="1" falsecount="1"/>
        <line num="1865" count="1" type="stmt"/>
        <line num="1866" count="1" type="stmt"/>
        <line num="1868" count="0" type="stmt"/>
        <line num="1869" count="0" type="stmt"/>
        <line num="1872" count="1" type="cond" truecount="1" falsecount="1"/>
        <line num="1873" count="0" type="stmt"/>
        <line num="1874" count="1" type="stmt"/>
        <line num="1885" count="2" type="stmt"/>
        <line num="1886" count="2" type="cond" truecount="3" falsecount="1"/>
        <line num="1887" count="0" type="stmt"/>
        <line num="1889" count="2" type="stmt"/>
        <line num="1890" count="2" type="cond" truecount="1" falsecount="1"/>
        <line num="1891" count="0" type="stmt"/>
        <line num="1893" count="2" type="stmt"/>
        <line num="1896" count="2" type="stmt"/>
        <line num="1899" count="2" type="stmt"/>
        <line num="1917" count="1" type="cond" truecount="1" falsecount="1"/>
        <line num="1918" count="0" type="stmt"/>
        <line num="1919" count="0" type="cond" truecount="0" falsecount="2"/>
        <line num="1920" count="0" type="stmt"/>
        <line num="1929" count="2" type="stmt"/>
        <line num="1939" count="2" type="stmt"/>
        <line num="1940" count="0" type="stmt"/>
        <line num="1952" count="2" type="stmt"/>
        <line num="1953" count="1" type="cond" truecount="1" falsecount="1"/>
        <line num="1954" count="1" type="stmt"/>
        <line num="1955" count="1" type="stmt"/>
        <line num="1956" count="1" type="stmt"/>
        <line num="1970" count="2" type="stmt"/>
        <line num="1971" count="1" type="cond" truecount="1" falsecount="1"/>
        <line num="1972" count="1" type="stmt"/>
        <line num="1973" count="1" type="cond" truecount="1" falsecount="1"/>
        <line num="1974" count="1" type="stmt"/>
        <line num="1975" count="1" type="stmt"/>
        <line num="1976" count="1" type="cond" truecount="1" falsecount="1"/>
[...]
        <line num="26" count="3" type="stmt"/>
        <line num="28" count="22" type="cond" truecount="1" falsecount="1"/>
        <line num="29" count="22" type="stmt"/>
        <line num="30" count="22" type="cond" truecount="2" falsecount="0"/>
        <line num="31" count="19" type="stmt"/>
        <line num="33" count="22" type="stmt"/>
        <line num="34" count="22" type="cond" truecount="8" falsecount="2"/>
        <line num="35" count="22" type="cond" truecount="8" falsecount="2"/>
        <line num="36" count="22" type="cond" truecount="8" falsecount="2"/>
        <line num="37" count="22" type="cond" truecount="8" falsecount="2"/>
        <line num="40" count="3" type="stmt"/>
        <line num="41" count="12" type="cond" truecount="1" falsecount="1"/>
        <line num="42" count="12" type="stmt"/>
        <line num="44" count="0" type="stmt"/>
        <line num="48" count="3" type="stmt"/>
        <line num="49" count="12" type="cond" truecount="1" falsecount="1"/>
        <line num="50" count="12" type="stmt"/>
        <line num="51" count="12" type="stmt"/>
        <line num="52" count="12" type="stmt"/>
        <line num="53" count="12" type="stmt"/>
        <line num="54" count="12" type="stmt"/>
        <line num="55" count="12" type="stmt"/>
        <line num="56" count="12" type="stmt"/>
        <line num="57" count="12" type="cond" truecount="2" falsecount="0"/>
        <line num="58" count="8" type="cond" truecount="8" falsecount="2"/>
        <line num="62" count="3" type="stmt"/>
      </file>
    </package>
    <package name="layer.__tests__">
      <metrics statements="38" coveredstatements="38" conditionals="8" coveredconditionals="6" methods="18" coveredmethods="14"/>
      <file name="test-custom-layer-lmp.ts" path="/Users/mac/Documents/FrameworkSpace/EasyGameFrameworkOpen/packages/layer/__tests__/test-custom-layer-lmp.ts">
        <metrics statements="12" coveredstatements="12" conditionals="2" coveredconditionals="1" methods="7" coveredmethods="3"/>
        <line num="3" count="1" type="stmt"/>
        <line num="7" count="1" type="stmt"/>
        <line num="8" count="2" type="cond" truecount="1" falsecount="1"/>
        <line num="9" count="2" type="stmt"/>
        <line num="10" count="2" type="stmt"/>
        <line num="13" count="1" type="stmt"/>
        <line num="14" count="2" type="stmt"/>
        <line num="16" count="1" type="stmt"/>
        <line num="18" count="1" type="stmt"/>
        <line num="20" count="1" type="stmt"/>
        <line num="23" count="1" type="stmt"/>
        <line num="28" count="1" type="stmt"/>
      </file>
      <file name="test-layer-lmp.ts" path="/Users/mac/Documents/FrameworkSpace/EasyGameFrameworkOpen/packages/layer/__tests__/test-layer-lmp.ts">
        <metrics statements="12" coveredstatements="12" conditionals="2" coveredconditionals="1" methods="7" coveredmethods="7"/>
        <line num="3" count="1" type="stmt"/>
        <line num="7" count="1" type="stmt"/>
        <line num="8" count="21" type="cond" truecount="1" falsecount="1"/>
        <line num="9" count="21" type="stmt"/>
        <line num="10" count="21" type="stmt"/>
        <line num="13" count="1" type="stmt"/>
        <line num="14" count="21" type="stmt"/>
        <line num="16" count="1" type="stmt"/>
        <line num="18" count="1" type="stmt"/>
        <line num="20" count="1" type="stmt"/>
        <line num="23" count="1" type="stmt"/>
        <line num="28" count="1" type="stmt"/>
      </file>
      <file name="test-layer-type.ts" path="/Users/mac/Documents/FrameworkSpace/EasyGameFrameworkOpen/packages/layer/__tests__/test-layer-type.ts">
        <metrics statements="9" coveredstatements="9" conditionals="4" coveredconditionals="4" methods="2" coveredmethods="2"/>
        <line num="1" count="1" type="cond" truecount="2" falsecount="0"/>
        <line num="2" count="1" type="stmt"/>
        <line num="3" count="1" type="stmt"/>
        <line num="4" count="1" type="stmt"/>
        <line num="6" count="1" type="cond" truecount="2" falsecount="0"/>
        <line num="7" count="1" type="stmt"/>
        <line num="8" count="1" type="stmt"/>
        <line num="9" count="1" type="stmt"/>
        <line num="10" count="1" type="stmt"/>
      </file>
      <file name="test-render-node.ts" path="/Users/mac/Documents/FrameworkSpace/EasyGameFrameworkOpen/packages/layer/__tests__/test-render-node.ts">
        <metrics statements="5" coveredstatements="5" conditionals="0" coveredconditionals="0" methods="2" coveredmethods="2"/>
        <line num="1" count="1" type="stmt"/>
        <line num="2" count="8" type="stmt"/>
        <line num="3" count="1" type="stmt"/>
        <line num="5" count="23" type="stmt"/>
        <line num="7" count="1" type="stmt"/>
      </file>
    </package>
    <package name="layer.src">
      <metrics statements="65" coveredstatements="62" conditionals="32" coveredconditionals="25" methods="12" coveredmethods="12"/>
      <file name="layer-mgr.ts" path="/Users/mac/Documents/FrameworkSpace/EasyGameFrameworkOpen/packages/layer/src/layer-mgr.ts">
        <metrics statements="65" coveredstatements="62" conditionals="32" coveredconditionals="25" methods="12" coveredmethods="12"/>
        <line num="3" count="1" type="stmt"/>
        <line num="12" count="1" type="stmt"/>
        <line num="16" count="7" type="cond" truecount="2" falsecount="0"/>
        <line num="17" count="7" type="stmt"/>
        <line num="18" count="7" type="stmt"/>
        <line num="19" count="7" type="stmt"/>
        <line num="20" count="7" type="stmt"/>
        <line num="26" count="7" type="stmt"/>
        <line num="27" count="23" type="stmt"/>
        <line num="28" count="23" type="stmt"/>
        <line num="29" count="23" type="stmt"/>
        <line num="30" count="23" type="cond" truecount="2" falsecount="0"/>
        <line num="31" count="21" type="stmt"/>
        <line num="33" count="23" type="cond" truecount="4" falsecount="0"/>
        <line num="34" count="2" type="stmt"/>
        <line num="36" count="21" type="stmt"/>
        <line num="38" count="23" type="stmt"/>
        <line num="39" count="23" type="stmt"/>
        <line num="40" count="23" type="stmt"/>
        <line num="43" count="1" type="stmt"/>
        <line num="44" count="1" type="cond" truecount="1" falsecount="1"/>
        <line num="45" count="1" type="stmt"/>
        <line num="46" count="1" type="cond" truecount="1" falsecount="1"/>
        <line num="47" count="1" type="stmt"/>
        <line num="48" count="4" type="stmt"/>
        <line num="52" count="1" type="stmt"/>
        <line num="53" count="3" type="stmt"/>
        <line num="56" count="1" type="stmt"/>
        <line num="57" count="3" type="stmt"/>
        <line num="59" count="1" type="stmt"/>
        <line num="60" count="23" type="cond" truecount="2" falsecount="0"/>
        <line num="61" count="7" type="stmt"/>
        <line num="63" count="23" type="stmt"/>
        <line num="64" count="23" type="cond" truecount="1" falsecount="1"/>
        <line num="65" count="0" type="stmt"/>
        <line num="66" count="0" type="stmt"/>
        <line num="68" count="23" type="stmt"/>
        <line num="69" count="23" type="cond" truecount="2" falsecount="0"/>
        <line num="70" count="19" type="stmt"/>
        <line num="72" count="23" type="stmt"/>
        <line num="74" count="1" type="stmt"/>
        <line num="75" count="1" type="cond" truecount="3" falsecount="1"/>
        <line num="76" count="0" type="stmt"/>
        <line num="78" count="1" type="stmt"/>
        <line num="79" count="1" type="cond" truecount="2" falsecount="0"/>
        <line num="80" count="1" type="stmt"/>
        <line num="81" count="1" type="stmt"/>
        <line num="83" count="1" type="stmt"/>
        <line num="84" count="1" type="stmt"/>
        <line num="85" count="1" type="cond" truecount="1" falsecount="1"/>
        <line num="86" count="1" type="stmt"/>
        <line num="89" count="1" type="stmt"/>
        <line num="90" count="1" type="stmt"/>
        <line num="91" count="1" type="cond" truecount="1" falsecount="1"/>
        <line num="92" count="1" type="stmt"/>
        <line num="95" count="1" type="stmt"/>
        <line num="96" count="1" type="stmt"/>
        <line num="97" count="1" type="cond" truecount="1" falsecount="1"/>
        <line num="98" count="1" type="stmt"/>
        <line num="102" count="1" type="stmt"/>
        <line num="103" count="19" type="stmt"/>
        <line num="104" count="19" type="cond" truecount="2" falsecount="0"/>
        <line num="105" count="1" type="stmt"/>
        <line num="107" count="19" type="stmt"/>
        <line num="111" count="1" type="stmt"/>
      </file>
    </package>
    <package name="obj-pool.src">
      <metrics statements="191" coveredstatements="160" conditionals="102" coveredconditionals="66" methods="35" coveredmethods="30"/>
      <file name="index.ts" path="/Users/mac/Documents/FrameworkSpace/EasyGameFrameworkOpen/packages/obj-pool/src/index.ts">
        <metrics statements="3" coveredstatements="3" conditionals="0" coveredconditionals="0" methods="0" coveredmethods="0"/>
        <line num="1" count="2" type="stmt"/>
        <line num="2" count="2" type="stmt"/>
        <line num="3" count="2" type="stmt"/>
      </file>
      <file name="obj-pool-mgr.ts" path="/Users/mac/Documents/FrameworkSpace/EasyGameFrameworkOpen/packages/obj-pool/src/obj-pool-mgr.ts">
        <metrics statements="77" coveredstatements="61" conditionals="38" coveredconditionals="18" methods="16" coveredmethods="15"/>
        <line num="1" count="2" type="stmt"/>
        <line num="2" count="2" type="stmt"/>
        <line num="7" count="2" type="stmt"/>
        <line num="9" count="3" type="stmt"/>
        <line num="10" count="2" type="stmt"/>
        <line num="11" count="1" type="stmt"/>
        <line num="12" count="1" type="cond" truecount="1" falsecount="1"/>
        <line num="13" count="1" type="stmt"/>
        <line num="16" count="2" type="stmt"/>
        <line num="17" count="2" type="cond" truecount="1" falsecount="1"/>
        <line num="18" count="0" type="stmt"/>
        <line num="19" count="0" type="stmt"/>
        <line num="21" count="2" type="cond" truecount="3" falsecount="1"/>
        <line num="22" count="2" type="stmt"/>
        <line num="23" count="2" type="stmt"/>
        <line num="24" count="2" type="stmt"/>
        <line num="26" count="0" type="stmt"/>
        <line num="29" count="2" type="stmt"/>
        <line num="30" count="3" type="cond" truecount="1" falsecount="1"/>
        <line num="31" count="0" type="stmt"/>
        <line num="32" count="0" type="stmt"/>
        <line num="34" count="3" type="cond" truecount="3" falsecount="1"/>
        <line num="35" count="3" type="stmt"/>
        <line num="36" count="3" type="stmt"/>
        <line num="37" count="3" type="stmt"/>
        <line num="39" count="0" type="stmt"/>
        <line num="42" count="2" type="stmt"/>
        <line num="43" count="5" type="stmt"/>
        <line num="45" count="2" type="stmt"/>
        <line num="46" count="8" type="stmt"/>
        <line num="48" count="2" type="stmt"/>
        <line num="49" count="1" type="stmt"/>
        <line num="50" count="1" type="cond" truecount="1" falsecount="1"/>
        <line num="51" count="1" type="stmt"/>
        <line num="54" count="2" type="stmt"/>
        <line num="55" count="1" type="stmt"/>
        <line num="56" count="1" type="stmt"/>
        <line num="57" count="1" type="cond" truecount="1" falsecount="1"/>
        <line num="58" count="1" type="stmt"/>
        <line num="59" count="1" type="stmt"/>
        <line num="61" count="0" type="stmt"/>
        <line num="64" count="2" type="stmt"/>
        <line num="65" count="1" type="stmt"/>
        <line num="66" count="1" type="cond" truecount="1" falsecount="1"/>
        <line num="67" count="1" type="stmt"/>
        <line num="69" count="0" type="stmt"/>
        <line num="72" count="2" type="stmt"/>
        <line num="76" count="3" type="stmt"/>
        <line num="77" count="3" type="cond" truecount="1" falsecount="1"/>
        <line num="79" count="2" type="stmt"/>
        <line num="83" count="1" type="stmt"/>
        <line num="84" count="1" type="cond" truecount="1" falsecount="1"/>
        <line num="86" count="2" type="stmt"/>
        <line num="87" count="4" type="stmt"/>
        <line num="89" count="4" type="cond" truecount="1" falsecount="1"/>
        <line num="92" count="2" type="stmt"/>
        <line num="93" count="1" type="stmt"/>
        <line num="94" count="1" type="cond" truecount="1" falsecount="1"/>
        <line num="96" count="1" type="stmt"/>
        <line num="99" count="2" type="stmt"/>
        <line num="100" count="1" type="stmt"/>
        <line num="101" count="1" type="cond" truecount="1" falsecount="1"/>
        <line num="102" count="1" type="stmt"/>
        <line num="105" count="2" type="stmt"/>
        <line num="106" count="1" type="stmt"/>
        <line num="107" count="1" type="cond" truecount="1" falsecount="1"/>
        <line num="109" count="1" type="stmt"/>
        <line num="115" count="2" type="cond" truecount="0" falsecount="2"/>
        <line num="116" count="0" type="stmt"/>
        <line num="117" count="0" type="stmt"/>
        <line num="119" count="0" type="stmt"/>
        <line num="120" count="0" type="stmt"/>
        <line num="122" count="0" type="stmt"/>
        <line num="124" count="0" type="stmt"/>
        <line num="126" count="0" type="stmt"/>
        <line num="127" count="0" type="stmt"/>
        <line num="131" count="2" type="stmt"/>
      </file>
      <file name="obj-pool.ts" path="/Users/mac/Documents/FrameworkSpace/EasyGameFrameworkOpen/packages/obj-pool/src/obj-pool.ts">
        <metrics statements="111" coveredstatements="96" conditionals="64" coveredconditionals="48" methods="19" coveredmethods="15"/>
        <line num="1" count="2" type="stmt"/>
        <line num="5" count="2" type="stmt"/>
        <line num="6" count="34" type="stmt"/>
        <line num="9" count="2" type="stmt"/>
        <line num="10" count="0" type="stmt"/>
        <line num="14" count="2" type="stmt"/>
        <line num="15" count="0" type="stmt"/>
        <line num="16" count="0" type="cond" truecount="0" falsecount="2"/>
        <line num="18" count="2" type="stmt"/>
        <line num="19" count="6" type="cond" truecount="1" falsecount="1"/>
        <line num="21" count="2" type="stmt"/>
        <line num="22" count="5" type="cond" truecount="1" falsecount="1"/>
        <line num="23" count="5" type="stmt"/>
        <line num="24" count="5" type="stmt"/>
        <line num="25" count="5" type="stmt"/>
        <line num="26" count="5" type="stmt"/>
        <line num="28" count="0" type="stmt"/>
        <line num="30" count="5" type="stmt"/>
        <line num="33" count="2" type="stmt"/>
        <line num="35" count="4" type="cond" truecount="1" falsecount="1"/>
        <line num="36" count="4" type="stmt"/>
        <line num="37" count="4" type="stmt"/>
        <line num="38" count="4" type="stmt"/>
        <line num="39" count="4" type="stmt"/>
        <line num="40" count="15" type="stmt"/>
        <line num="43" count="0" type="stmt"/>
        <line num="45" count="4" type="stmt"/>
        <line num="47" count="2" type="stmt"/>
        <line num="48" count="2" type="stmt"/>
        <line num="51" count="2" type="stmt"/>
        <line num="52" count="5" type="cond" truecount="1" falsecount="1"/>
        <line num="53" count="0" type="stmt"/>
        <line num="54" count="0" type="stmt"/>
        <line num="56" count="5" type="stmt"/>
        <line num="58" count="5" type="stmt"/>
        <line num="59" count="5" type="stmt"/>
        <line num="60" count="25" type="stmt"/>
        <line num="61" count="25" type="cond" truecount="4" falsecount="0"/>
        <line num="62" count="15" type="stmt"/>
        <line num="63" count="10" type="cond" truecount="4" falsecount="0"/>
        <line num="64" count="5" type="stmt"/>
        <line num="66" count="25" type="stmt"/>
        <line num="67" count="25" type="stmt"/>
        <line num="68" count="25" type="stmt"/>
        <line num="71" count="2" type="stmt"/>
        <line num="72" count="4" type="stmt"/>
        <line num="73" count="4" type="cond" truecount="1" falsecount="1"/>
        <line num="74" count="4" type="stmt"/>
        <line num="75" count="4" type="stmt"/>
        <line num="76" count="17" type="stmt"/>
        <line num="77" count="17" type="stmt"/>
        <line num="79" count="4" type="stmt"/>
        <line num="84" count="2" type="stmt"/>
        <line num="85" count="20" type="cond" truecount="2" falsecount="0"/>
        <line num="86" count="3" type="stmt"/>
        <line num="87" count="3" type="cond" truecount="2" falsecount="0"/>
        <line num="88" count="2" type="stmt"/>
        <line num="89" count="1" type="cond" truecount="3" falsecount="1"/>
        <line num="90" count="1" type="stmt"/>
        <line num="92" count="3" type="stmt"/>
        <line num="94" count="20" type="stmt"/>
        <line num="95" count="20" type="cond" truecount="4" falsecount="0"/>
        <line num="96" count="15" type="stmt"/>
        <line num="97" count="5" type="cond" truecount="3" falsecount="1"/>
        <line num="98" count="5" type="stmt"/>
        <line num="101" count="2" type="stmt"/>
        <line num="102" count="13" type="cond" truecount="1" falsecount="1"/>
        <line num="103" count="0" type="stmt"/>
        <line num="104" count="0" type="stmt"/>
        <line num="106" count="13" type="cond" truecount="1" falsecount="1"/>
        <line num="107" count="13" type="stmt"/>
        <line num="109" count="13" type="cond" truecount="2" falsecount="0"/>
        <line num="110" count="9" type="stmt"/>
        <line num="111" count="4" type="cond" truecount="3" falsecount="1"/>
        <line num="112" count="4" type="stmt"/>
        <line num="114" count="13" type="stmt"/>
        <line num="115" count="13" type="stmt"/>
        <line num="117" count="0" type="stmt"/>
        <line num="120" count="3" type="stmt"/>
        <line num="121" count="3" type="stmt"/>
        <line num="122" count="10" type="stmt"/>
        <line num="124" count="3" type="stmt"/>
        <line num="126" count="2" type="stmt"/>
        <line num="127" count="17" type="cond" truecount="1" falsecount="1"/>
        <line num="128" count="0" type="stmt"/>
        <line num="129" count="0" type="stmt"/>
        <line num="133" count="17" type="cond" truecount="2" falsecount="0"/>
        <line num="134" count="11" type="stmt"/>
        <line num="136" count="6" type="stmt"/>
        <line num="137" count="6" type="cond" truecount="2" falsecount="0"/>
        <line num="138" count="6" type="stmt"/>
        <line num="140" count="17" type="stmt"/>
        <line num="141" count="17" type="stmt"/>
        <line num="142" count="17" type="stmt"/>
        <line num="143" count="17" type="cond" truecount="2" falsecount="0"/>
        <line num="144" count="11" type="stmt"/>
        <line num="145" count="6" type="cond" truecount="3" falsecount="1"/>
        <line num="146" count="6" type="stmt"/>
        <line num="148" count="17" type="stmt"/>
        <line num="150" count="3" type="cond" truecount="1" falsecount="1"/>
        <line num="151" count="3" type="stmt"/>
        <line num="152" count="3" type="cond" truecount="3" falsecount="1"/>
        <line num="153" count="3" type="stmt"/>
        <line num="154" count="12" type="stmt"/>
        <line num="157" count="0" type="stmt"/>
        <line num="159" count="3" type="stmt"/>
        <line num="161" count="2" type="stmt"/>
        <line num="162" count="0" type="stmt"/>
        <line num="164" count="2" type="stmt"/>
        <line num="165" count="0" type="stmt"/>
        <line num="167" count="2" type="stmt"/>
      </file>
    </package>
  </project>
</coverage>
