TN:
SF:/Users/mac/Documents/FrameworkSpace/EasyGameFrameworkOpen/packages/broadcast/src/broadcast.ts
FN:5,(anonymous_0)
FN:13,Broadcast
FN:15,(anonymous_2)
FN:32,(anonymous_3)
FN:54,(anonymous_4)
FN:58,(anonymous_5)
FN:73,(anonymous_6)
FN:95,(anonymous_7)
FN:168,(anonymous_8)
FN:221,(anonymous_9)
FN:255,(anonymous_10)
FN:262,(anonymous_11)
FN:270,(anonymous_12)
FN:286,(anonymous_13)
FN:296,(anonymous_14)
FN:311,(anonymous_15)
FN:332,(anonymous_16)
FN:372,(anonymous_17)
FN:378,(anonymous_18)
FNF:19
FNH:17
FNDA:1,(anonymous_0)
FNDA:6,Broadcast
FNDA:88,(anonymous_2)
FNDA:20,(anonymous_3)
FNDA:12,(anonymous_4)
FNDA:1,(anonymous_5)
FNDA:1,(anonymous_6)
FNDA:13,(anonymous_7)
FNDA:26,(anonymous_8)
FNDA:1,(anonymous_9)
FNDA:15,(anonymous_10)
FNDA:53,(anonymous_11)
FNDA:21,(anonymous_12)
FNDA:0,(anonymous_13)
FNDA:7,(anonymous_14)
FNDA:2,(anonymous_15)
FNDA:24,(anonymous_16)
FNDA:2,(anonymous_17)
FNDA:0,(anonymous_18)
DA:5,1
DA:14,6
DA:16,88
DA:19,6
DA:20,6
DA:32,1
DA:39,20
DA:40,2
DA:41,2
DA:43,18
DA:44,1
DA:45,1
DA:46,5
DA:49,17
DA:54,1
DA:55,12
DA:58,1
DA:59,1
DA:60,1
DA:61,1
DA:62,5
DA:63,3
DA:73,1
DA:74,1
DA:75,0
DA:77,1
DA:78,1
DA:79,1
DA:80,1
DA:81,1
DA:82,1
DA:83,1
DA:84,1
DA:85,2
DA:88,0
DA:90,1
DA:92,1
DA:95,1
DA:96,13
DA:97,12
DA:98,12
DA:99,7
DA:100,7
DA:101,7
DA:102,7
DA:103,4
DA:106,1
DA:107,1
DA:110,3
DA:112,3
DA:113,3
DA:114,5
DA:115,5
DA:118,3
DA:119,3
DA:120,1
DA:121,1
DA:122,1
DA:124,3
DA:128,3
DA:129,1
DA:158,7
DA:168,1
DA:172,26
DA:173,26
DA:174,25
DA:175,25
DA:176,1
DA:177,1
DA:178,0
DA:179,0
DA:181,1
DA:183,25
DA:184,21
DA:185,21
DA:186,21
DA:187,21
DA:188,1
DA:189,1
DA:192,0
DA:193,0
DA:194,0
DA:195,0
DA:196,0
DA:197,0
DA:198,0
DA:199,0
DA:200,0
DA:201,0
DA:202,0
DA:203,0
DA:206,0
DA:207,0
DA:221,1
DA:227,1
DA:228,1
DA:229,1
DA:230,0
DA:232,1
DA:233,1
DA:234,1
DA:235,1
DA:237,1
DA:238,1
DA:244,1
DA:245,1
DA:247,0
DA:255,1
DA:256,15
DA:262,1
DA:263,53
DA:270,1
DA:271,21
DA:273,21
DA:274,0
DA:275,0
DA:277,21
DA:278,1
DA:279,0
DA:280,21
DA:286,1
DA:287,0
DA:288,0
DA:289,0
DA:290,0
DA:296,1
DA:297,7
DA:298,7
DA:299,7
DA:300,7
DA:301,7
DA:311,1
DA:312,2
DA:314,2
DA:315,0
DA:317,2
DA:319,2
DA:320,2
DA:321,2
DA:322,2
DA:323,2
DA:324,2
DA:332,1
DA:333,24
DA:334,24
DA:335,7
DA:337,24
DA:338,6
DA:339,6
DA:341,24
DA:342,24
DA:343,6
DA:344,1
DA:346,5
DA:349,18
DA:351,24
DA:352,24
DA:353,1
DA:354,1
DA:356,1
DA:357,1
DA:358,1
DA:360,1
DA:363,24
DA:364,21
DA:372,1
DA:373,2
DA:378,1
DA:379,0
DA:380,0
DA:381,0
DA:384,1
LF:172
LH:141
BRDA:39,0,0,2
BRDA:39,0,1,18
BRDA:40,1,0,0
BRDA:40,1,1,2
BRDA:43,2,0,1
BRDA:43,2,1,17
BRDA:55,3,0,12
BRDA:55,3,1,12
BRDA:60,4,0,1
BRDA:60,4,1,0
BRDA:60,5,0,1
BRDA:60,5,1,1
BRDA:62,6,0,3
BRDA:62,6,1,2
BRDA:74,7,0,0
BRDA:74,7,1,1
BRDA:80,8,0,0
BRDA:80,8,1,1
BRDA:81,9,0,1
BRDA:81,9,1,0
BRDA:83,10,0,1
BRDA:83,10,1,0
BRDA:92,11,0,1
BRDA:92,11,1,0
BRDA:96,12,0,1
BRDA:96,12,1,12
BRDA:98,13,0,5
BRDA:98,13,1,7
BRDA:98,14,0,12
BRDA:98,14,1,11
BRDA:100,15,0,7
BRDA:100,15,1,0
BRDA:100,16,0,7
BRDA:100,16,1,7
BRDA:102,17,0,4
BRDA:102,17,1,3
BRDA:103,18,0,1
BRDA:103,18,1,3
BRDA:103,19,0,4
BRDA:103,19,1,2
BRDA:103,19,2,3
BRDA:103,19,3,3
BRDA:103,19,4,1
BRDA:103,19,5,0
BRDA:115,20,0,3
BRDA:115,20,1,2
BRDA:115,21,0,5
BRDA:115,21,1,5
BRDA:115,21,2,3
BRDA:115,21,3,4
BRDA:115,21,4,2
BRDA:115,21,5,3
BRDA:115,21,6,0
BRDA:119,22,0,1
BRDA:119,22,1,2
BRDA:128,23,0,1
BRDA:128,23,1,2
BRDA:173,24,0,1
BRDA:173,24,1,25
BRDA:175,25,0,1
BRDA:175,25,1,24
BRDA:177,26,0,0
BRDA:177,26,1,1
BRDA:183,27,0,4
BRDA:183,27,1,21
BRDA:184,28,0,21
BRDA:184,28,1,0
BRDA:186,29,0,21
BRDA:186,29,1,0
BRDA:187,30,0,1
BRDA:187,30,1,20
BRDA:197,31,0,0
BRDA:197,31,1,0
BRDA:198,32,0,0
BRDA:198,32,1,0
BRDA:206,33,0,0
BRDA:206,33,1,0
BRDA:227,34,0,0
BRDA:227,34,1,1
BRDA:229,35,0,0
BRDA:229,35,1,1
BRDA:229,36,0,1
BRDA:229,36,1,0
BRDA:233,37,0,1
BRDA:233,37,1,0
BRDA:244,38,0,1
BRDA:244,38,1,0
BRDA:256,39,0,15
BRDA:256,39,1,14
BRDA:271,40,0,0
BRDA:271,40,1,21
BRDA:273,41,0,0
BRDA:273,41,1,21
BRDA:274,42,0,0
BRDA:274,42,1,0
BRDA:277,43,0,20
BRDA:277,43,1,1
BRDA:277,44,0,21
BRDA:277,44,1,20
BRDA:278,45,0,1
BRDA:278,45,1,0
BRDA:287,46,0,0
BRDA:287,46,1,0
BRDA:288,47,0,0
BRDA:288,47,1,0
BRDA:314,48,0,0
BRDA:314,48,1,2
BRDA:334,49,0,7
BRDA:334,49,1,17
BRDA:337,50,0,6
BRDA:337,50,1,18
BRDA:342,51,0,6
BRDA:342,51,1,18
BRDA:343,52,0,1
BRDA:343,52,1,5
BRDA:352,53,0,1
BRDA:352,53,1,23
BRDA:354,54,0,1
BRDA:354,54,1,0
BRDA:363,55,0,21
BRDA:363,55,1,3
BRDA:373,56,0,2
BRDA:373,56,1,2
BRF:123
BRH:88
end_of_record
TN:
SF:/Users/mac/Documents/FrameworkSpace/EasyGameFrameworkOpen/packages/broadcast/src/index.ts
FNF:0
FNH:0
DA:1,1
DA:2,1
LF:2
LH:2
BRF:0
BRH:0
end_of_record
TN:
SF:/Users/mac/Documents/FrameworkSpace/EasyGameFrameworkOpen/packages/core/__tests__/test-bootloaders.ts
FN:1,(anonymous_0)
FN:2,(anonymous_2)
FN:10,(anonymous_3)
FN:11,(anonymous_5)
FN:16,(anonymous_6)
FN:17,(anonymous_8)
FN:18,(anonymous_9)
FN:32,(anonymous_10)
FN:36,(anonymous_12)
FN:40,(anonymous_13)
FN:42,(anonymous_14)
FN:45,(anonymous_15)
FN:50,(anonymous_16)
FN:53,TestModule2
FN:56,(anonymous_18)
FN:60,(anonymous_19)
FN:63,(anonymous_20)
FN:66,(anonymous_21)
FN:69,(anonymous_22)
FNF:19
FNH:15
FNDA:7,(anonymous_0)
FNDA:6,(anonymous_2)
FNDA:2,(anonymous_3)
FNDA:1,(anonymous_5)
FNDA:2,(anonymous_6)
FNDA:1,(anonymous_8)
FNDA:1,(anonymous_9)
FNDA:9,(anonymous_10)
FNDA:4,(anonymous_12)
FNDA:1,(anonymous_13)
FNDA:0,(anonymous_14)
FNDA:0,(anonymous_15)
FNDA:1,(anonymous_16)
FNDA:8,TestModule2
FNDA:5,(anonymous_18)
FNDA:5,(anonymous_19)
FNDA:1,(anonymous_20)
FNDA:0,(anonymous_21)
FNDA:0,(anonymous_22)
DA:1,1
DA:2,1
DA:3,6
DA:4,6
DA:5,6
DA:9,1
DA:10,1
DA:11,1
DA:12,1
DA:13,1
DA:15,1
DA:16,1
DA:17,1
DA:18,1
DA:19,1
DA:20,1
DA:21,1
DA:25,1
DA:32,1
DA:36,1
DA:37,4
DA:38,4
DA:40,1
DA:42,1
DA:43,0
DA:45,1
DA:46,0
DA:49,1
DA:50,1
DA:53,8
DA:56,1
DA:57,5
DA:58,5
DA:60,1
DA:61,5
DA:63,1
DA:64,1
DA:66,1
DA:67,0
DA:69,1
DA:70,0
DA:73,1
LF:42
LH:38
BRDA:5,0,0,6
BRDA:5,0,1,6
BRDA:13,1,0,1
BRDA:13,1,1,1
BRDA:21,2,0,1
BRDA:21,2,1,1
BRF:6
BRH:6
end_of_record
TN:
SF:/Users/mac/Documents/FrameworkSpace/EasyGameFrameworkOpen/packages/core/src/egf-app.ts
FN:1,(anonymous_13)
FN:9,(anonymous_15)
FN:12,(anonymous_16)
FN:15,(anonymous_17)
FN:26,(anonymous_21)
FN:27,(anonymous_22)
FN:49,(anonymous_23)
FN:63,(anonymous_24)
FN:89,(anonymous_25)
FN:92,(anonymous_26)
FN:101,(anonymous_27)
FN:105,(anonymous_28)
FN:116,(anonymous_29)
FNF:13
FNH:12
FNDA:8,(anonymous_13)
FNDA:7,(anonymous_15)
FNDA:3,(anonymous_16)
FNDA:7,(anonymous_17)
FNDA:8,(anonymous_21)
FNDA:8,(anonymous_22)
FNDA:4,(anonymous_23)
FNDA:17,(anonymous_24)
FNDA:0,(anonymous_25)
FNDA:1,(anonymous_26)
FNDA:17,(anonymous_27)
FNDA:19,(anonymous_28)
FNDA:1,(anonymous_29)
DA:1,1
DA:2,1
DA:3,1
DA:4,1
DA:5,1
DA:6,1
DA:7,7
DA:8,7
DA:9,1
DA:10,7
DA:12,1
DA:13,3
DA:15,1
DA:16,7
DA:17,7
DA:18,0
DA:19,0
DA:21,7
DA:22,7
DA:23,8
DA:24,8
DA:25,8
DA:27,8
DA:28,8
DA:29,7
DA:31,1
DA:38,14
DA:39,6
DA:40,6
DA:42,1
DA:43,1
DA:44,1
DA:49,1
DA:50,4
DA:52,4
DA:53,4
DA:54,8
DA:55,8
DA:57,4
DA:58,8
DA:59,8
DA:61,4
DA:63,1
DA:64,17
DA:65,17
DA:66,17
DA:67,0
DA:69,17
DA:70,17
DA:71,17
DA:72,16
DA:73,16
DA:74,16
DA:75,1
DA:76,1
DA:79,1
DA:82,0
DA:85,0
DA:87,17
DA:89,1
DA:90,0
DA:92,1
DA:93,1
DA:95,1
DA:96,1
DA:97,2
DA:98,2
DA:101,1
DA:102,17
DA:105,1
DA:106,19
DA:107,19
DA:109,19
DA:116,1
DA:117,1
DA:119,0
DA:120,0
DA:122,0
DA:123,0
DA:125,1
DA:126,1
DA:129,1
LF:82
LH:72
BRDA:17,0,0,0
BRDA:17,0,1,7
BRDA:17,1,0,7
BRDA:17,1,1,7
BRDA:21,2,0,0
BRDA:21,2,1,7
BRDA:21,3,0,7
BRDA:21,3,1,7
BRDA:28,4,0,7
BRDA:28,4,1,1
BRDA:52,5,0,0
BRDA:52,5,1,4
BRDA:55,6,0,8
BRDA:55,6,1,8
BRDA:59,7,0,8
BRDA:59,7,1,4
BRDA:64,8,0,0
BRDA:64,8,1,17
BRDA:66,9,0,0
BRDA:66,9,1,17
BRDA:69,10,0,17
BRDA:69,10,1,0
BRDA:69,11,0,17
BRDA:69,11,1,17
BRDA:70,12,0,17
BRDA:70,12,1,0
BRDA:71,13,0,16
BRDA:71,13,1,1
BRDA:74,14,0,1
BRDA:74,14,1,15
BRDA:75,15,0,1
BRDA:75,15,1,1
BRDA:76,16,0,1
BRDA:76,16,1,1
BRDA:98,17,0,2
BRDA:98,17,1,2
BRDA:106,18,0,19
BRDA:106,18,1,0
BRDA:107,19,0,0
BRDA:107,19,1,19
BRDA:118,20,0,0
BRDA:118,20,1,0
BRDA:118,20,2,1
BRF:43
BRH:32
end_of_record
TN:
SF:/Users/mac/Documents/FrameworkSpace/EasyGameFrameworkOpen/packages/display-ctrl/__tests__/async-show-dpctrl.ts
FN:8,(anonymous_6)
FN:9,(anonymous_8)
FN:11,(anonymous_9)
FNF:3
FNH:3
FNDA:2,(anonymous_6)
FNDA:1,(anonymous_8)
FNDA:1,(anonymous_9)
DA:1,1
DA:8,1
DA:9,1
DA:10,1
DA:11,1
DA:12,1
DA:13,1
DA:16,1
LF:8
LH:8
BRDA:13,0,0,1
BRDA:13,0,1,1
BRF:2
BRH:2
end_of_record
TN:
SF:/Users/mac/Documents/FrameworkSpace/EasyGameFrameworkOpen/packages/display-ctrl/__tests__/base-dp-ctrl.ts
FN:1,(anonymous_0)
FN:5,BaseDpCtrl
FN:17,(anonymous_2)
FN:19,(anonymous_3)
FN:22,(anonymous_4)
FN:24,(anonymous_5)
FN:27,(anonymous_6)
FN:29,(anonymous_7)
FN:32,(anonymous_8)
FN:35,(anonymous_9)
FN:37,(anonymous_10)
FNF:11
FNH:7
FNDA:1,(anonymous_0)
FNDA:17,BaseDpCtrl
FNDA:9,(anonymous_2)
FNDA:8,(anonymous_3)
FNDA:0,(anonymous_4)
FNDA:0,(anonymous_5)
FNDA:4,(anonymous_6)
FNDA:0,(anonymous_7)
FNDA:0,(anonymous_8)
FNDA:2,(anonymous_9)
FNDA:4,(anonymous_10)
DA:1,1
DA:6,17
DA:8,17
DA:9,17
DA:10,17
DA:11,17
DA:13,17
DA:14,17
DA:15,17
DA:17,1
DA:19,1
DA:22,1
DA:24,1
DA:25,0
DA:27,1
DA:29,1
DA:32,1
DA:33,0
DA:35,1
DA:37,1
DA:38,4
DA:40,1
LF:22
LH:20
BRF:0
BRH:0
end_of_record
TN:
SF:/Users/mac/Documents/FrameworkSpace/EasyGameFrameworkOpen/packages/display-ctrl/__tests__/custom-res-handler-dpc.ts
FN:3,(anonymous_6)
FN:5,(anonymous_8)
FN:8,(anonymous_9)
FN:10,(anonymous_10)
FNF:4
FNH:4
FNDA:2,(anonymous_6)
FNDA:1,(anonymous_8)
FNDA:1,(anonymous_9)
FNDA:1,(anonymous_10)
DA:1,1
DA:3,1
DA:4,1
DA:5,1
DA:6,1
DA:8,1
DA:10,1
DA:13,1
LF:8
LH:8
BRF:0
BRH:0
end_of_record
TN:
SF:/Users/mac/Documents/FrameworkSpace/EasyGameFrameworkOpen/packages/display-ctrl/__tests__/no-res-dpctrl.ts
FN:7,(anonymous_6)
FNF:1
FNH:1
FNDA:1,(anonymous_6)
DA:1,1
DA:7,1
DA:8,1
DA:9,1
LF:4
LH:4
BRF:0
BRH:0
end_of_record
TN:
SF:/Users/mac/Documents/FrameworkSpace/EasyGameFrameworkOpen/packages/display-ctrl/__tests__/no-typekey-dpctrl.ts
FN:8,(anonymous_6)
FNF:1
FNH:1
FNDA:1,(anonymous_6)
DA:1,1
DA:8,1
DA:10,1
LF:3
LH:3
BRF:0
BRH:0
end_of_record
TN:
SF:/Users/mac/Documents/FrameworkSpace/EasyGameFrameworkOpen/packages/display-ctrl/__tests__/ress-in-class-dpc.ts
FN:8,(anonymous_6)
FNF:1
FNH:1
FNDA:5,(anonymous_6)
DA:1,1
DA:8,1
DA:9,1
DA:10,1
LF:4
LH:4
BRF:0
BRH:0
end_of_record
TN:
SF:/Users/mac/Documents/FrameworkSpace/EasyGameFrameworkOpen/packages/display-ctrl/__tests__/transfer-param-dpcs.ts
FN:18,(anonymous_6)
FN:22,OnUpdateDpc
FN:25,(anonymous_8)
FN:30,(anonymous_9)
FN:34,OnShowDpc
FN:37,(anonymous_11)
FN:43,(anonymous_12)
FN:47,OnInitDpc
FN:50,(anonymous_14)
FNF:9
FNH:9
FNDA:1,(anonymous_6)
FNDA:1,OnUpdateDpc
FNDA:1,(anonymous_8)
FNDA:1,(anonymous_9)
FNDA:1,OnShowDpc
FNDA:1,(anonymous_11)
FNDA:1,(anonymous_12)
FNDA:1,OnInitDpc
FNDA:1,(anonymous_14)
DA:1,1
DA:18,1
DA:19,1
DA:23,1
DA:25,1
DA:26,1
DA:29,1
DA:30,1
DA:31,1
DA:35,1
DA:37,1
DA:38,1
DA:39,1
DA:42,1
DA:43,1
DA:44,1
DA:48,1
DA:50,1
DA:51,1
DA:54,1
LF:20
LH:20
BRDA:23,0,0,1
BRDA:23,0,1,1
BRDA:35,1,0,1
BRDA:35,1,1,1
BRDA:48,2,0,1
BRDA:48,2,1,1
BRF:6
BRH:6
end_of_record
TN:
SF:/Users/mac/Documents/FrameworkSpace/EasyGameFrameworkOpen/packages/display-ctrl/__tests__/with-res-dpctrl.ts
FN:7,(anonymous_6)
FN:9,(anonymous_8)
FNF:2
FNH:2
FNDA:9,(anonymous_6)
FNDA:8,(anonymous_8)
DA:1,1
DA:7,1
DA:8,1
DA:9,1
DA:10,8
DA:13,1
LF:6
LH:6
BRF:0
BRH:0
end_of_record
TN:
SF:/Users/mac/Documents/FrameworkSpace/EasyGameFrameworkOpen/packages/display-ctrl/src/dp-ctrl-mgr.ts
FN:5,(anonymous_0)
FN:18,(anonymous_2)
FN:32,(anonymous_3)
FN:35,(anonymous_4)
FN:39,(anonymous_5)
FN:44,(anonymous_6)
FN:59,(anonymous_7)
FN:75,(anonymous_8)
FN:78,(anonymous_9)
FN:89,(anonymous_10)
FN:96,(anonymous_11)
FN:103,(anonymous_12)
FN:113,(anonymous_13)
FN:122,(anonymous_14)
FN:184,(anonymous_15)
FN:211,(anonymous_16)
FN:226,(anonymous_17)
FN:239,(anonymous_18)
FN:248,(anonymous_19)
FN:256,(anonymous_20)
FN:264,(anonymous_21)
FN:272,(anonymous_22)
FN:283,(anonymous_23)
FN:294,(anonymous_24)
FN:308,(anonymous_25)
FN:318,(anonymous_26)
FN:326,(anonymous_27)
FN:332,(anonymous_28)
FN:353,(anonymous_29)
FN:361,(anonymous_30)
FN:370,(anonymous_31)
FNF:31
FNH:26
FNDA:25,(anonymous_0)
FNDA:0,(anonymous_2)
FNDA:3,(anonymous_3)
FNDA:4,(anonymous_4)
FNDA:23,(anonymous_5)
FNDA:1,(anonymous_6)
FNDA:23,(anonymous_7)
FNDA:1,(anonymous_8)
FNDA:1,(anonymous_9)
FNDA:2,(anonymous_10)
FNDA:2,(anonymous_11)
FNDA:24,(anonymous_12)
FNDA:1,(anonymous_13)
FNDA:8,(anonymous_14)
FNDA:8,(anonymous_15)
FNDA:1,(anonymous_16)
FNDA:1,(anonymous_17)
FNDA:2,(anonymous_18)
FNDA:0,(anonymous_19)
FNDA:0,(anonymous_20)
FNDA:0,(anonymous_21)
FNDA:2,(anonymous_22)
FNDA:17,(anonymous_23)
FNDA:3,(anonymous_24)
FNDA:10,(anonymous_25)
FNDA:9,(anonymous_26)
FNDA:4,(anonymous_27)
FNDA:3,(anonymous_28)
FNDA:11,(anonymous_29)
FNDA:11,(anonymous_30)
FNDA:0,(anonymous_31)
DA:5,1
DA:17,24
DA:19,0
DA:25,24
DA:26,24
DA:31,24
DA:32,1
DA:33,3
DA:35,1
DA:36,4
DA:37,4
DA:39,1
DA:40,23
DA:41,23
DA:44,1
DA:45,1
DA:46,1
DA:47,0
DA:48,0
DA:51,1
DA:52,2
DA:59,1
DA:60,23
DA:61,23
DA:62,3
DA:63,0
DA:64,0
DA:66,3
DA:69,23
DA:70,0
DA:72,23
DA:75,1
DA:76,1
DA:78,1
DA:79,1
DA:80,1
DA:81,1
DA:83,0
DA:84,0
DA:89,1
DA:90,2
DA:91,2
DA:92,2
DA:94,0
DA:96,1
DA:97,2
DA:98,2
DA:99,2
DA:101,2
DA:103,1
DA:104,24
DA:105,24
DA:106,24
DA:107,24
DA:108,17
DA:109,17
DA:111,24
DA:113,1
DA:118,1
DA:119,1
DA:120,1
DA:122,8
DA:134,8
DA:135,6
DA:146,2
DA:147,2
DA:148,2
DA:149,2
DA:150,2
DA:151,2
DA:152,2
DA:153,2
DA:154,2
DA:155,2
DA:157,0
DA:158,0
DA:160,8
DA:161,8
DA:162,0
DA:163,0
DA:165,8
DA:166,8
DA:167,8
DA:168,8
DA:169,0
DA:170,0
DA:172,8
DA:174,8
DA:175,8
DA:176,8
DA:177,0
DA:178,0
DA:181,8
DA:182,8
DA:183,8
DA:184,8
DA:185,8
DA:186,8
DA:187,8
DA:188,8
DA:189,8
DA:190,8
DA:191,8
DA:194,8
DA:196,8
DA:197,8
DA:199,0
DA:200,0
DA:203,0
DA:204,0
DA:205,0
DA:209,8
DA:211,1
DA:215,1
DA:216,0
DA:217,0
DA:219,1
DA:220,1
DA:221,1
DA:223,0
DA:226,1
DA:227,1
DA:228,0
DA:229,0
DA:231,1
DA:232,1
DA:233,0
DA:234,0
DA:236,1
DA:239,1
DA:240,2
DA:241,0
DA:242,0
DA:244,2
DA:245,2
DA:246,2
DA:248,1
DA:249,0
DA:250,0
DA:251,0
DA:253,0
DA:254,0
DA:256,1
DA:257,0
DA:258,0
DA:259,0
DA:261,0
DA:262,0
DA:264,1
DA:265,0
DA:266,0
DA:267,0
DA:269,0
DA:270,0
DA:272,1
DA:273,2
DA:274,0
DA:275,0
DA:277,2
DA:278,2
DA:283,1
DA:284,17
DA:285,17
DA:286,0
DA:287,0
DA:289,17
DA:290,17
DA:291,17
DA:294,1
DA:295,3
DA:296,3
DA:297,3
DA:298,3
DA:299,0
DA:300,0
DA:302,3
DA:303,3
DA:304,3
DA:308,1
DA:311,10
DA:312,10
DA:313,10
DA:314,10
DA:318,1
DA:322,9
DA:323,9
DA:324,9
DA:326,1
DA:327,4
DA:328,4
DA:329,4
DA:330,4
DA:332,1
DA:333,3
DA:334,3
DA:335,2
DA:336,2
DA:337,2
DA:339,3
DA:340,2
DA:342,3
DA:343,3
DA:344,2
DA:345,2
DA:346,1
DA:347,1
DA:348,1
DA:353,1
DA:354,11
DA:355,11
DA:356,11
DA:357,11
DA:358,11
DA:360,11
DA:361,11
DA:362,11
DA:363,11
DA:364,11
DA:365,11
DA:366,11
DA:370,11
DA:371,0
DA:372,0
DA:373,0
DA:374,0
DA:375,0
DA:379,11
DA:380,11
DA:381,11
DA:382,11
DA:383,11
DA:387,11
DA:388,1
DA:394,10
DA:395,10
DA:396,10
DA:397,3
DA:398,3
DA:400,7
DA:408,0
DA:409,0
DA:410,0
DA:411,0
DA:414,0
DA:415,0
DA:416,0
DA:421,1
LF:247
LH:183
BRDA:40,0,0,23
BRDA:40,0,1,0
BRDA:45,1,0,1
BRDA:45,1,1,0
BRDA:46,2,0,0
BRDA:46,2,1,1
BRDA:46,3,0,1
BRDA:46,3,1,0
BRDA:61,4,0,3
BRDA:61,4,1,20
BRDA:62,5,0,0
BRDA:62,5,1,3
BRDA:69,6,0,0
BRDA:69,6,1,23
BRDA:80,7,0,1
BRDA:80,7,1,0
BRDA:91,8,0,2
BRDA:91,8,1,0
BRDA:98,9,0,2
BRDA:98,9,1,0
BRDA:105,10,0,0
BRDA:105,10,1,24
BRDA:107,11,0,17
BRDA:107,11,1,7
BRDA:108,12,0,0
BRDA:108,12,1,17
BRDA:109,13,0,17
BRDA:109,13,1,17
BRDA:134,14,0,6
BRDA:134,14,1,2
BRDA:146,15,0,2
BRDA:146,15,1,0
BRDA:148,16,0,2
BRDA:148,16,1,0
BRDA:149,17,0,2
BRDA:149,17,1,0
BRDA:150,18,0,2
BRDA:150,18,1,0
BRDA:151,19,0,2
BRDA:151,19,1,0
BRDA:152,20,0,2
BRDA:152,20,1,0
BRDA:153,21,0,2
BRDA:153,21,1,0
BRDA:154,22,0,2
BRDA:154,22,1,0
BRDA:155,23,0,2
BRDA:155,23,1,0
BRDA:161,24,0,0
BRDA:161,24,1,8
BRDA:168,25,0,0
BRDA:168,25,1,8
BRDA:168,26,0,8
BRDA:168,26,1,0
BRDA:169,27,0,0
BRDA:169,27,1,0
BRDA:174,28,0,8
BRDA:174,28,1,0
BRDA:174,29,0,8
BRDA:174,29,1,0
BRDA:177,30,0,0
BRDA:177,30,1,0
BRDA:177,31,0,0
BRDA:177,31,1,0
BRDA:181,32,0,8
BRDA:181,32,1,0
BRDA:185,33,0,8
BRDA:185,33,1,0
BRDA:186,34,0,8
BRDA:186,34,1,0
BRDA:188,35,0,8
BRDA:188,35,1,0
BRDA:199,36,0,0
BRDA:199,36,1,0
BRDA:203,37,0,0
BRDA:203,37,1,0
BRDA:215,38,0,0
BRDA:215,38,1,1
BRDA:220,39,0,1
BRDA:220,39,1,0
BRDA:220,40,0,1
BRDA:220,40,1,1
BRDA:227,41,0,0
BRDA:227,41,1,1
BRDA:232,42,0,0
BRDA:232,42,1,1
BRDA:240,43,0,0
BRDA:240,43,1,2
BRDA:240,44,0,2
BRDA:240,44,1,2
BRDA:249,45,0,0
BRDA:249,45,1,0
BRDA:254,46,0,0
BRDA:254,46,1,0
BRDA:257,47,0,0
BRDA:257,47,1,0
BRDA:262,48,0,0
BRDA:262,48,1,0
BRDA:265,49,0,0
BRDA:265,49,1,0
BRDA:270,50,0,0
BRDA:270,50,1,0
BRDA:273,51,0,0
BRDA:273,51,1,2
BRDA:278,52,0,2
BRDA:278,52,1,0
BRDA:285,53,0,0
BRDA:285,53,1,17
BRDA:295,54,0,3
BRDA:295,54,1,0
BRDA:296,55,0,3
BRDA:296,55,1,0
BRDA:296,56,0,3
BRDA:296,56,1,0
BRDA:296,56,2,0
BRDA:299,57,0,0
BRDA:299,57,1,0
BRDA:299,58,0,0
BRDA:299,58,1,0
BRDA:302,59,0,3
BRDA:302,59,1,0
BRDA:311,60,0,10
BRDA:311,60,1,0
BRDA:312,61,0,10
BRDA:312,61,1,0
BRDA:314,62,0,10
BRDA:314,62,1,10
BRDA:322,63,0,9
BRDA:322,63,1,9
BRDA:324,64,0,9
BRDA:324,64,1,9
BRDA:327,65,0,0
BRDA:327,65,1,4
BRDA:329,66,0,4
BRDA:329,66,1,4
BRDA:333,67,0,0
BRDA:333,67,1,3
BRDA:334,68,0,2
BRDA:334,68,1,1
BRDA:339,69,0,2
BRDA:339,69,1,1
BRDA:342,70,0,3
BRDA:342,70,1,3
BRDA:343,71,0,2
BRDA:343,71,1,1
BRDA:345,72,0,1
BRDA:345,72,1,1
BRDA:347,73,0,1
BRDA:347,73,1,0
BRDA:347,74,0,1
BRDA:347,74,1,1
BRDA:354,75,0,11
BRDA:354,75,1,0
BRDA:355,76,0,11
BRDA:355,76,1,0
BRDA:356,77,0,11
BRDA:356,77,1,0
BRDA:357,78,0,11
BRDA:357,78,1,0
BRDA:363,79,0,11
BRDA:363,79,1,0
BRDA:366,80,0,11
BRDA:366,80,1,11
BRDA:366,81,0,0
BRDA:366,81,1,11
BRDA:366,82,0,11
BRDA:366,82,1,11
BRDA:372,83,0,0
BRDA:372,83,1,0
BRDA:375,84,0,0
BRDA:375,84,1,0
BRDA:375,85,0,0
BRDA:375,85,1,0
BRDA:375,86,0,0
BRDA:375,86,1,0
BRDA:382,87,0,11
BRDA:382,87,1,11
BRDA:385,88,0,0
BRDA:385,88,1,11
BRDA:387,89,0,1
BRDA:387,89,1,10
BRDA:394,90,0,10
BRDA:394,90,1,0
BRDA:395,91,0,10
BRDA:395,91,1,0
BRDA:396,92,0,3
BRDA:396,92,1,7
BRDA:396,93,0,10
BRDA:396,93,1,7
BRDA:416,94,0,0
BRDA:416,94,1,0
BRDA:416,95,0,0
BRDA:416,95,1,0
BRDA:416,96,0,0
BRDA:416,96,1,0
BRF:195
BRH:99
end_of_record
TN:
SF:/Users/mac/Documents/FrameworkSpace/EasyGameFrameworkOpen/packages/display-ctrl/src/index.ts
FNF:0
FNH:0
DA:1,1
DA:2,1
LF:2
LH:2
BRF:0
BRH:0
end_of_record
TN:
SF:/Users/mac/Documents/FrameworkSpace/EasyGameFrameworkOpen/packages/enet-pbws/__tests__/protojs/proto_bundle.js
FN:9,(anonymous_0)
FN:18,(anonymous_1)
FN:36,ResData
FN:68,create
FN:81,encode
FN:102,decode
FN:135,verify
FN:153,(anonymous_7)
FN:171,Pt_GetAsset
FN:202,create
FN:215,encode
FN:234,decode
FN:267,verify
FN:280,(anonymous_13)
FN:298,Pt_BaseGoods
FN:329,create
FN:342,encode
FN:361,decode
FN:394,verify
FN:407,(anonymous_19)
FN:427,Pt_BaseGene
FN:474,create
FN:487,encode
FN:508,decode
FN:551,verify
FN:568,(anonymous_25)
FN:587,DrawAward
FN:629,create
FN:642,encode
FN:668,decode
FN:706,verify
FN:742,(anonymous_31)
FN:761,HeroExpMsg
FN:800,create
FN:813,encode
FN:833,decode
FN:871,verify
FN:886,(anonymous_37)
FN:904,BattleAward
FN:937,create
FN:950,encode
FN:973,decode
FN:1006,verify
FN:1033,(anonymous_43)
FN:1051,Pt_AttList
FN:1082,create
FN:1095,encode
FN:1114,decode
FN:1147,verify
FN:1160,(anonymous_49)
FN:1180,Pt_HeroAttList
FN:1228,create
FN:1241,encode
FN:1264,decode
FN:1307,verify
FN:1331,(anonymous_55)
FN:1350,Pt_SkillItem
FN:1389,create
FN:1402,encode
FN:1422,decode
FN:1460,verify
FN:1475,(anonymous_61)
FN:1494,Pt_WarHeroAtt
FN:1535,create
FN:1548,encode
FN:1572,decode
FN:1610,verify
FN:1642,(anonymous_67)
FN:1661,Cs_10000001
FN:1700,create
FN:1713,encode
FN:1733,decode
FN:1771,verify
FN:1786,(anonymous_73)
FN:1803,Sc_10000001
FN:1826,create
FN:1839,encode
FN:1857,decode
FN:1885,verify
FN:1899,(anonymous_79)
FN:1916,Cs_Handshake
FN:1939,create
FN:1952,encode
FN:1970,decode
FN:1998,verify
FN:2009,(anonymous_85)
FN:2031,Sc_Handshake
FN:2073,create
FN:2086,encode
FN:2106,decode
FN:2144,verify
FN:2159,(anonymous_91)
FN:2175,Heartbeat
FN:2190,create
FN:2203,encode
FN:2220,decode
FN:2243,verify
FN:2252,(anonymous_97)
FN:2269,Kick
FN:2292,create
FN:2305,encode
FN:2323,decode
FN:2351,verify
FN:2362,(anonymous_103)
FN:2383,Pt_HeroMsg
FN:2438,create
FN:2451,encode
FN:2473,decode
FN:2521,verify
FN:2540,(anonymous_109)
FN:2566,Pt_RoleInfo
FN:2662,create
FN:2675,encode
FN:2704,decode
FN:2777,verify
FN:2813,(anonymous_115)
FN:2834,Pt_Currency
FN:2889,create
FN:2902,encode
FN:2924,decode
FN:2972,verify
FN:2991,(anonymous_121)
FN:3009,Cs_10010001
FN:3040,create
FN:3053,encode
FN:3072,decode
FN:3105,verify
FN:3118,(anonymous_127)
FN:3136,Sc_10010001
FN:3167,create
FN:3180,encode
FN:3200,decode
FN:3231,verify
FN:3250,(anonymous_133)
FN:3270,Cs_10010002
FN:3317,create
FN:3330,encode
FN:3351,decode
FN:3394,verify
FN:3411,(anonymous_139)
FN:3428,Sc_10010002
FN:3451,create
FN:3464,encode
FN:3482,decode
FN:3510,verify
FN:3524,(anonymous_145)
FN:3541,Cs_10010003
FN:3564,create
FN:3577,encode
FN:3596,decode
FN:3622,verify
FN:3634,(anonymous_151)
FN:3651,Sc_10010003
FN:3674,create
FN:3687,encode
FN:3705,decode
FN:3733,verify
FN:3744,(anonymous_157)
FN:3761,Sc_10010004
FN:3784,create
FN:3797,encode
FN:3815,decode
FN:3843,verify
FN:3857,(anonymous_163)
FN:3874,Sc_10010005
FN:3897,create
FN:3910,encode
FN:3928,decode
FN:3956,verify
FNF:169
FNH:51
FNDA:2,(anonymous_0)
FNDA:2,(anonymous_1)
FNDA:1,ResData
FNDA:0,create
FNDA:1,encode
FNDA:1,decode
FNDA:2,verify
FNDA:2,(anonymous_7)
FNDA:0,Pt_GetAsset
FNDA:0,create
FNDA:0,encode
FNDA:0,decode
FNDA:0,verify
FNDA:2,(anonymous_13)
FNDA:0,Pt_BaseGoods
FNDA:0,create
FNDA:0,encode
FNDA:0,decode
FNDA:0,verify
FNDA:2,(anonymous_19)
FNDA:0,Pt_BaseGene
FNDA:0,create
FNDA:0,encode
FNDA:0,decode
FNDA:0,verify
FNDA:2,(anonymous_25)
FNDA:0,DrawAward
FNDA:0,create
FNDA:0,encode
FNDA:0,decode
FNDA:0,verify
FNDA:2,(anonymous_31)
FNDA:0,HeroExpMsg
FNDA:0,create
FNDA:0,encode
FNDA:0,decode
FNDA:0,verify
FNDA:2,(anonymous_37)
FNDA:0,BattleAward
FNDA:0,create
FNDA:0,encode
FNDA:0,decode
FNDA:0,verify
FNDA:2,(anonymous_43)
FNDA:0,Pt_AttList
FNDA:0,create
FNDA:0,encode
FNDA:0,decode
FNDA:0,verify
FNDA:2,(anonymous_49)
FNDA:0,Pt_HeroAttList
FNDA:0,create
FNDA:0,encode
FNDA:0,decode
FNDA:0,verify
FNDA:2,(anonymous_55)
FNDA:0,Pt_SkillItem
FNDA:0,create
FNDA:0,encode
FNDA:0,decode
FNDA:0,verify
FNDA:2,(anonymous_61)
FNDA:0,Pt_WarHeroAtt
FNDA:0,create
FNDA:0,encode
FNDA:0,decode
FNDA:0,verify
FNDA:2,(anonymous_67)
FNDA:0,Cs_10000001
FNDA:0,create
FNDA:1,encode
FNDA:0,decode
FNDA:2,verify
FNDA:2,(anonymous_73)
FNDA:1,Sc_10000001
FNDA:0,create
FNDA:1,encode
FNDA:1,decode
FNDA:2,verify
FNDA:2,(anonymous_79)
FNDA:1,Cs_Handshake
FNDA:0,create
FNDA:1,encode
FNDA:1,decode
FNDA:2,verify
FNDA:2,(anonymous_85)
FNDA:1,Sc_Handshake
FNDA:0,create
FNDA:1,encode
FNDA:1,decode
FNDA:1,verify
FNDA:2,(anonymous_91)
FNDA:2,Heartbeat
FNDA:0,create
FNDA:1,encode
FNDA:2,decode
FNDA:2,verify
FNDA:2,(anonymous_97)
FNDA:0,Kick
FNDA:0,create
FNDA:0,encode
FNDA:0,decode
FNDA:0,verify
FNDA:2,(anonymous_103)
FNDA:0,Pt_HeroMsg
FNDA:0,create
FNDA:0,encode
FNDA:0,decode
FNDA:0,verify
FNDA:2,(anonymous_109)
FNDA:0,Pt_RoleInfo
FNDA:0,create
FNDA:0,encode
FNDA:0,decode
FNDA:0,verify
FNDA:2,(anonymous_115)
FNDA:0,Pt_Currency
FNDA:0,create
FNDA:0,encode
FNDA:0,decode
FNDA:0,verify
FNDA:2,(anonymous_121)
FNDA:0,Cs_10010001
FNDA:0,create
FNDA:0,encode
FNDA:0,decode
FNDA:0,verify
FNDA:2,(anonymous_127)
FNDA:0,Sc_10010001
FNDA:0,create
FNDA:0,encode
FNDA:0,decode
FNDA:0,verify
FNDA:2,(anonymous_133)
FNDA:0,Cs_10010002
FNDA:0,create
FNDA:0,encode
FNDA:0,decode
FNDA:0,verify
FNDA:2,(anonymous_139)
FNDA:0,Sc_10010002
FNDA:0,create
FNDA:0,encode
FNDA:0,decode
FNDA:0,verify
FNDA:2,(anonymous_145)
FNDA:0,Cs_10010003
FNDA:0,create
FNDA:0,encode
FNDA:0,decode
FNDA:0,verify
FNDA:2,(anonymous_151)
FNDA:0,Sc_10010003
FNDA:0,create
FNDA:0,encode
FNDA:0,decode
FNDA:0,verify
FNDA:2,(anonymous_157)
FNDA:0,Sc_10010004
FNDA:0,create
FNDA:0,encode
FNDA:0,decode
FNDA:0,verify
FNDA:2,(anonymous_163)
FNDA:0,Sc_10010005
FNDA:0,create
FNDA:0,encode
FNDA:0,decode
FNDA:0,verify
DA:1,2
DA:2,2
DA:4,2
DA:7,2
DA:9,2
DA:16,2
DA:18,2
DA:37,1
DA:38,1
DA:39,0
DA:40,0
DA:41,0
DA:50,2
DA:58,2
DA:68,2
DA:69,0
DA:81,2
DA:82,1
DA:83,0
DA:84,1
DA:85,1
DA:86,0
DA:87,0
DA:88,1
DA:102,2
DA:103,1
DA:104,0
DA:105,1
DA:106,1
DA:107,1
DA:108,1
DA:110,1
DA:111,1
DA:113,0
DA:114,0
DA:115,0
DA:116,0
DA:118,0
DA:119,0
DA:122,1
DA:123,0
DA:124,1
DA:135,2
DA:136,2
DA:137,0
DA:138,2
DA:139,0
DA:140,2
DA:141,1
DA:142,0
DA:143,1
DA:144,0
DA:145,0
DA:147,2
DA:150,2
DA:153,2
DA:172,0
DA:173,0
DA:174,0
DA:175,0
DA:184,2
DA:192,2
DA:202,2
DA:203,0
DA:215,2
DA:216,0
DA:217,0
DA:218,0
DA:219,0
DA:220,0
DA:234,2
DA:235,0
DA:236,0
DA:237,0
DA:238,0
DA:239,0
DA:240,0
DA:242,0
DA:243,0
DA:245,0
DA:246,0
DA:248,0
DA:249,0
DA:252,0
DA:253,0
DA:254,0
DA:255,0
DA:256,0
DA:267,2
DA:268,0
DA:269,0
DA:270,0
DA:271,0
DA:272,0
DA:273,0
DA:274,0
DA:277,2
DA:280,2
DA:299,0
DA:300,0
DA:301,0
DA:302,0
DA:311,2
DA:319,2
DA:329,2
DA:330,0
DA:342,2
DA:343,0
DA:344,0
DA:345,0
DA:346,0
DA:347,0
DA:361,2
DA:362,0
DA:363,0
DA:364,0
DA:365,0
DA:366,0
DA:367,0
DA:369,0
DA:370,0
DA:372,0
DA:373,0
DA:375,0
DA:376,0
DA:379,0
DA:380,0
DA:381,0
DA:382,0
DA:383,0
DA:394,2
DA:395,0
DA:396,0
DA:397,0
DA:398,0
DA:399,0
DA:400,0
DA:401,0
DA:404,2
DA:407,2
DA:428,0
DA:429,0
DA:430,0
DA:431,0
DA:440,2
DA:448,2
DA:456,2
DA:464,2
DA:474,2
DA:475,0
DA:487,2
DA:488,0
DA:489,0
DA:490,0
DA:491,0
DA:492,0
DA:493,0
DA:494,0
DA:508,2
DA:509,0
DA:510,0
DA:511,0
DA:512,0
DA:513,0
DA:514,0
DA:516,0
DA:517,0
DA:519,0
DA:520,0
DA:522,0
DA:523,0
DA:525,0
DA:526,0
DA:528,0
DA:529,0
DA:532,0
DA:533,0
DA:534,0
DA:535,0
DA:536,0
DA:537,0
DA:538,0
DA:539,0
DA:540,0
DA:551,2
DA:552,0
DA:553,0
DA:554,0
DA:555,0
DA:556,0
DA:557,0
DA:558,0
DA:559,0
DA:560,0
DA:561,0
DA:562,0
DA:565,2
DA:568,2
DA:588,0
DA:589,0
DA:590,0
DA:591,0
DA:592,0
DA:593,0
DA:594,0
DA:603,2
DA:611,2
DA:619,2
DA:629,2
DA:630,0
DA:642,2
DA:643,0
DA:644,0
DA:645,0
DA:646,0
DA:647,0
DA:648,0
DA:649,0
DA:650,0
DA:651,0
DA:652,0
DA:653,0
DA:654,0
DA:668,2
DA:669,0
DA:670,0
DA:671,0
DA:672,0
DA:673,0
DA:674,0
DA:676,0
DA:677,0
DA:678,0
DA:679,0
DA:681,0
DA:682,0
DA:683,0
DA:684,0
DA:686,0
DA:687,0
DA:688,0
DA:689,0
DA:691,0
DA:692,0
DA:695,0
DA:706,2
DA:707,0
DA:708,0
DA:709,0
DA:710,0
DA:711,0
DA:712,0
DA:713,0
DA:714,0
DA:715,0
DA:718,0
DA:719,0
DA:720,0
DA:721,0
DA:722,0
DA:723,0
DA:724,0
DA:727,0
DA:728,0
DA:729,0
DA:730,0
DA:731,0
DA:732,0
DA:733,0
DA:736,0
DA:739,2
DA:742,2
DA:762,0
DA:763,0
DA:764,0
DA:765,0
DA:774,2
DA:782,2
DA:790,2
DA:800,2
DA:801,0
DA:813,2
DA:814,0
DA:815,0
DA:816,0
DA:817,0
DA:818,0
DA:819,0
DA:833,2
DA:834,0
DA:835,0
DA:836,0
DA:837,0
DA:838,0
DA:839,0
DA:841,0
DA:842,0
DA:844,0
DA:845,0
DA:847,0
DA:848,0
DA:850,0
DA:851,0
DA:854,0
DA:855,0
DA:856,0
DA:857,0
DA:858,0
DA:859,0
DA:860,0
DA:871,2
DA:872,0
DA:873,0
DA:874,0
DA:875,0
DA:876,0
DA:877,0
DA:878,0
DA:879,0
DA:880,0
DA:883,2
DA:886,2
DA:905,0
DA:906,0
DA:907,0
DA:908,0
DA:909,0
DA:910,0
DA:919,2
DA:927,2
DA:937,2
DA:938,0
DA:950,2
DA:951,0
DA:952,0
DA:953,0
DA:954,0
DA:955,0
DA:956,0
DA:957,0
DA:958,0
DA:959,0
DA:973,2
DA:974,0
DA:975,0
DA:976,0
DA:977,0
DA:978,0
DA:979,0
DA:981,0
DA:982,0
DA:983,0
DA:984,0
DA:986,0
DA:987,0
DA:988,0
DA:989,0
DA:991,0
DA:992,0
DA:995,0
DA:1006,2
DA:1007,0
DA:1008,0
DA:1009,0
DA:1010,0
DA:1011,0
DA:1012,0
DA:1013,0
DA:1014,0
DA:1015,0
DA:1018,0
DA:1019,0
DA:1020,0
DA:1021,0
DA:1022,0
DA:1023,0
DA:1024,0
DA:1027,0
DA:1030,2
DA:1033,2
DA:1052,0
DA:1053,0
DA:1054,0
DA:1055,0
DA:1064,2
DA:1072,2
DA:1082,2
DA:1083,0
DA:1095,2
DA:1096,0
DA:1097,0
DA:1098,0
DA:1099,0
DA:1100,0
DA:1114,2
DA:1115,0
DA:1116,0
DA:1117,0
DA:1118,0
DA:1119,0
DA:1120,0
DA:1122,0
DA:1123,0
DA:1125,0
DA:1126,0
DA:1128,0
DA:1129,0
DA:1132,0
DA:1133,0
DA:1134,0
DA:1135,0
DA:1136,0
DA:1147,2
DA:1148,0
DA:1149,0
DA:1150,0
DA:1151,0
DA:1152,0
DA:1153,0
DA:1154,0
DA:1157,2
DA:1160,2
DA:1181,0
DA:1182,0
DA:1183,0
DA:1184,0
DA:1185,0
DA:1194,2
DA:1202,2
DA:1210,2
DA:1218,2
DA:1228,2
DA:1229,0
DA:1241,2
DA:1242,0
DA:1243,0
DA:1244,0
DA:1245,0
DA:1246,0
DA:1247,0
DA:1248,0
DA:1249,0
DA:1250,0
DA:1264,2
DA:1265,0
DA:1266,0
DA:1267,0
DA:1268,0
DA:1269,0
DA:1270,0
DA:1272,0
DA:1273,0
DA:1275,0
DA:1276,0
DA:1278,0
DA:1279,0
DA:1281,0
DA:1282,0
DA:1283,0
DA:1284,0
DA:1286,0
DA:1287,0
DA:1290,0
DA:1291,0
DA:1292,0
DA:1293,0
DA:1294,0
DA:1295,0
DA:1296,0
DA:1307,2
DA:1308,0
DA:1309,0
DA:1310,0
DA:1311,0
DA:1312,0
DA:1313,0
DA:1314,0
DA:1315,0
DA:1316,0
DA:1317,0
DA:1318,0
DA:1319,0
DA:1320,0
DA:1321,0
DA:1322,0
DA:1325,0
DA:1328,2
DA:1331,2
DA:1351,0
DA:1352,0
DA:1353,0
DA:1354,0
DA:1363,2
DA:1371,2
DA:1379,2
DA:1389,2
DA:1390,0
DA:1402,2
DA:1403,0
DA:1404,0
DA:1405,0
DA:1406,0
DA:1407,0
DA:1408,0
DA:1422,2
DA:1423,0
DA:1424,0
DA:1425,0
DA:1426,0
DA:1427,0
DA:1428,0
DA:1430,0
DA:1431,0
DA:1433,0
DA:1434,0
DA:1436,0
DA:1437,0
DA:1439,0
DA:1440,0
DA:1443,0
DA:1444,0
DA:1445,0
DA:1446,0
DA:1447,0
DA:1448,0
DA:1449,0
DA:1460,2
DA:1461,0
DA:1462,0
DA:1463,0
DA:1464,0
DA:1465,0
DA:1466,0
DA:1467,0
DA:1468,0
DA:1469,0
DA:1472,2
DA:1475,2
DA:1495,0
DA:1496,0
DA:1497,0
DA:1498,0
DA:1499,0
DA:1500,0
DA:1509,2
DA:1517,2
DA:1525,2
DA:1535,2
DA:1536,0
DA:1548,2
DA:1549,0
DA:1550,0
DA:1551,0
DA:1552,0
DA:1553,0
DA:1554,0
DA:1555,0
DA:1556,0
DA:1557,0
DA:1558,0
DA:1572,2
DA:1573,0
DA:1574,0
DA:1575,0
DA:1576,0
DA:1577,0
DA:1578,0
DA:1580,0
DA:1581,0
DA:1583,0
DA:1584,0
DA:1585,0
DA:1586,0
DA:1588,0
DA:1589,0
DA:1590,0
DA:1591,0
DA:1593,0
DA:1594,0
DA:1597,0
DA:1598,0
DA:1599,0
DA:1610,2
DA:1611,0
DA:1612,0
DA:1614,0
DA:1615,0
DA:1616,0
DA:1618,0
DA:1619,0
DA:1620,0
DA:1621,0
DA:1622,0
DA:1623,0
DA:1624,0
DA:1627,0
DA:1628,0
DA:1629,0
DA:1630,0
DA:1631,0
DA:1632,0
DA:1633,0
DA:1636,0
DA:1639,2
DA:1642,2
DA:1662,0
DA:1663,0
DA:1664,0
DA:1665,0
DA:1674,2
DA:1682,2
DA:1690,2
DA:1700,2
DA:1701,0
DA:1713,2
DA:1714,1
DA:1715,1
DA:1716,1
DA:1717,1
DA:1718,1
DA:1719,1
DA:1733,2
DA:1734,0
DA:1735,0
DA:1736,0
DA:1737,0
DA:1738,0
DA:1739,0
DA:1741,0
DA:1742,0
DA:1744,0
DA:1745,0
DA:1747,0
DA:1748,0
DA:1750,0
DA:1751,0
DA:1754,0
DA:1755,0
DA:1756,0
DA:1757,0
DA:1758,0
DA:1759,0
DA:1760,0
DA:1771,2
DA:1772,2
DA:1773,0
DA:1774,2
DA:1775,1
DA:1776,1
DA:1777,0
DA:1778,1
DA:1779,0
DA:1780,1
DA:1783,2
DA:1786,2
DA:1804,1
DA:1805,0
DA:1806,0
DA:1807,0
DA:1816,2
DA:1826,2
DA:1827,0
DA:1839,2
DA:1840,1
DA:1841,1
DA:1842,1
DA:1843,1
DA:1857,2
DA:1858,1
DA:1859,1
DA:1860,1
DA:1861,1
DA:1862,1
DA:1863,1
DA:1865,1
DA:1866,1
DA:1868,0
DA:1869,0
DA:1872,1
DA:1873,0
DA:1874,1
DA:1885,2
DA:1886,2
DA:1887,0
DA:1889,2
DA:1890,2
DA:1891,0
DA:1893,2
DA:1896,2
DA:1899,2
DA:1917,1
DA:1918,0
DA:1919,0
DA:1920,0
DA:1929,2
DA:1939,2
DA:1940,0
DA:1952,2
DA:1953,1
DA:1954,1
DA:1955,1
DA:1956,1
DA:1970,2
DA:1971,1
DA:1972,1
DA:1973,1
DA:1974,1
DA:1975,1
DA:1976,1
DA:1978,1
DA:1979,1
DA:1981,0
DA:1982,0
DA:1985,1
DA:1986,0
DA:1987,1
DA:1998,2
DA:1999,2
DA:2000,0
DA:2001,2
DA:2002,0
DA:2003,2
DA:2006,2
DA:2009,2
DA:2032,1
DA:2033,0
DA:2034,0
DA:2035,0
DA:2044,2
DA:2052,2
DA:2063,2
DA:2073,2
DA:2074,0
DA:2086,2
DA:2087,1
DA:2088,1
DA:2089,1
DA:2090,1
DA:2091,1
DA:2092,1
DA:2106,2
DA:2107,1
DA:2108,1
DA:2109,1
DA:2110,1
DA:2111,3
DA:2112,3
DA:2114,1
DA:2115,1
DA:2117,1
DA:2118,1
DA:2120,1
DA:2121,1
DA:2123,0
DA:2124,0
DA:2127,1
DA:2128,0
DA:2129,1
DA:2130,0
DA:2131,1
DA:2132,0
DA:2133,1
DA:2144,2
DA:2145,1
DA:2146,0
DA:2147,1
DA:2148,0
DA:2149,1
DA:2150,0
DA:2151,1
DA:2152,0
DA:2153,1
DA:2156,2
DA:2159,2
DA:2176,2
DA:2177,0
DA:2178,0
DA:2179,0
DA:2190,2
DA:2191,0
DA:2203,2
DA:2204,1
DA:2205,1
DA:2206,1
DA:2220,2
DA:2221,2
DA:2222,2
DA:2223,2
DA:2224,2
DA:2225,0
DA:2226,0
DA:2228,0
DA:2229,0
DA:2232,2
DA:2243,2
DA:2244,2
DA:2245,0
DA:2246,2
DA:2249,2
DA:2252,2
DA:2270,0
DA:2271,0
DA:2272,0
DA:2273,0
DA:2282,2
DA:2292,2
DA:2293,0
DA:2305,2
DA:2306,0
DA:2307,0
DA:2308,0
DA:2309,0
DA:2323,2
DA:2324,0
DA:2325,0
DA:2326,0
DA:2327,0
DA:2328,0
DA:2329,0
DA:2331,0
DA:2332,0
DA:2334,0
DA:2335,0
DA:2338,0
DA:2339,0
DA:2340,0
DA:2351,2
DA:2352,0
DA:2353,0
DA:2354,0
DA:2355,0
DA:2356,0
DA:2359,2
DA:2362,2
DA:2384,0
DA:2385,0
DA:2386,0
DA:2387,0
DA:2396,2
DA:2404,2
DA:2412,2
DA:2420,2
DA:2428,2
DA:2438,2
DA:2439,0
DA:2451,2
DA:2452,0
DA:2453,0
DA:2454,0
DA:2455,0
DA:2456,0
DA:2457,0
DA:2458,0
DA:2459,0
DA:2473,2
DA:2474,0
DA:2475,0
DA:2476,0
DA:2477,0
DA:2478,0
DA:2479,0
DA:2481,0
DA:2482,0
DA:2484,0
DA:2485,0
DA:2487,0
DA:2488,0
DA:2490,0
DA:2491,0
DA:2493,0
DA:2494,0
DA:2496,0
DA:2497,0
DA:2500,0
DA:2501,0
DA:2502,0
DA:2503,0
DA:2504,0
DA:2505,0
DA:2506,0
DA:2507,0
DA:2508,0
DA:2509,0
DA:2510,0
DA:2521,2
DA:2522,0
DA:2523,0
DA:2524,0
DA:2525,0
DA:2526,0
DA:2527,0
DA:2528,0
DA:2529,0
DA:2530,0
DA:2531,0
DA:2532,0
DA:2533,0
DA:2534,0
DA:2537,2
DA:2540,2
DA:2567,0
DA:2568,0
DA:2569,0
DA:2570,0
DA:2571,0
DA:2580,2
DA:2588,2
DA:2596,2
DA:2604,2
DA:2612,2
DA:2620,2
DA:2628,2
DA:2636,2
DA:2644,2
DA:2652,2
DA:2662,2
DA:2663,0
DA:2675,2
DA:2676,0
DA:2677,0
DA:2678,0
DA:2679,0
DA:2680,0
DA:2681,0
DA:2682,0
DA:2683,0
DA:2684,0
DA:2685,0
DA:2686,0
DA:2687,0
DA:2688,0
DA:2689,0
DA:2690,0
DA:2704,2
DA:2705,0
DA:2706,0
DA:2707,0
DA:2708,0
DA:2709,0
DA:2710,0
DA:2712,0
DA:2713,0
DA:2715,0
DA:2716,0
DA:2718,0
DA:2719,0
DA:2721,0
DA:2722,0
DA:2724,0
DA:2725,0
DA:2727,0
DA:2728,0
DA:2730,0
DA:2731,0
DA:2733,0
DA:2734,0
DA:2736,0
DA:2737,0
DA:2739,0
DA:2740,0
DA:2741,0
DA:2742,0
DA:2744,0
DA:2745,0
DA:2748,0
DA:2749,0
DA:2750,0
DA:2751,0
DA:2752,0
DA:2753,0
DA:2754,0
DA:2755,0
DA:2756,0
DA:2757,0
DA:2758,0
DA:2759,0
DA:2760,0
DA:2761,0
DA:2762,0
DA:2763,0
DA:2764,0
DA:2765,0
DA:2766,0
DA:2777,2
DA:2778,0
DA:2779,0
DA:2780,0
DA:2781,0
DA:2782,0
DA:2783,0
DA:2784,0
DA:2785,0
DA:2786,0
DA:2787,0
DA:2788,0
DA:2789,0
DA:2790,0
DA:2791,0
DA:2792,0
DA:2793,0
DA:2794,0
DA:2795,0
DA:2796,0
DA:2797,0
DA:2798,0
DA:2799,0
DA:2800,0
DA:2801,0
DA:2802,0
DA:2803,0
DA:2804,0
DA:2807,0
DA:2810,2
DA:2813,2
DA:2835,0
DA:2836,0
DA:2837,0
DA:2838,0
DA:2847,2
DA:2855,2
DA:2863,2
DA:2871,2
DA:2879,2
DA:2889,2
DA:2890,0
DA:2902,2
DA:2903,0
DA:2904,0
DA:2905,0
DA:2906,0
DA:2907,0
DA:2908,0
DA:2909,0
DA:2910,0
DA:2924,2
DA:2925,0
DA:2926,0
DA:2927,0
DA:2928,0
DA:2929,0
DA:2930,0
DA:2932,0
DA:2933,0
DA:2935,0
DA:2936,0
DA:2938,0
DA:2939,0
DA:2941,0
DA:2942,0
DA:2944,0
DA:2945,0
DA:2947,0
DA:2948,0
DA:2951,0
DA:2952,0
DA:2953,0
DA:2954,0
DA:2955,0
DA:2956,0
DA:2957,0
DA:2958,0
DA:2959,0
DA:2960,0
DA:2961,0
DA:2972,2
DA:2973,0
DA:2974,0
DA:2975,0
DA:2976,0
DA:2977,0
DA:2978,0
DA:2979,0
DA:2980,0
DA:2981,0
DA:2982,0
DA:2983,0
DA:2984,0
DA:2985,0
DA:2988,2
DA:2991,2
DA:3010,0
DA:3011,0
DA:3012,0
DA:3013,0
DA:3022,2
DA:3030,2
DA:3040,2
DA:3041,0
DA:3053,2
DA:3054,0
DA:3055,0
DA:3056,0
DA:3057,0
DA:3058,0
DA:3072,2
DA:3073,0
DA:3074,0
DA:3075,0
DA:3076,0
DA:3077,0
DA:3078,0
DA:3080,0
DA:3081,0
DA:3083,0
DA:3084,0
DA:3086,0
DA:3087,0
DA:3090,0
DA:3091,0
DA:3092,0
DA:3093,0
DA:3094,0
DA:3105,2
DA:3106,0
DA:3107,0
DA:3108,0
DA:3109,0
DA:3110,0
DA:3111,0
DA:3112,0
DA:3115,2
DA:3118,2
DA:3137,0
DA:3138,0
DA:3139,0
DA:3140,0
DA:3149,2
DA:3157,2
DA:3167,2
DA:3168,0
DA:3180,2
DA:3181,0
DA:3182,0
DA:3183,0
DA:3184,0
DA:3185,0
DA:3186,0
DA:3200,2
DA:3201,0
DA:3202,0
DA:3203,0
DA:3204,0
DA:3205,0
DA:3206,0
DA:3208,0
DA:3209,0
DA:3211,0
DA:3212,0
DA:3214,0
DA:3215,0
DA:3218,0
DA:3219,0
DA:3220,0
DA:3231,2
DA:3232,0
DA:3233,0
DA:3235,0
DA:3236,0
DA:3237,0
DA:3239,0
DA:3240,0
DA:3241,0
DA:3242,0
DA:3244,0
DA:3247,2
DA:3250,2
DA:3271,0
DA:3272,0
DA:3273,0
DA:3274,0
DA:3283,2
DA:3291,2
DA:3299,2
DA:3307,2
DA:3317,2
DA:3318,0
DA:3330,2
DA:3331,0
DA:3332,0
DA:3333,0
DA:3334,0
DA:3335,0
DA:3336,0
DA:3337,0
DA:3351,2
DA:3352,0
DA:3353,0
DA:3354,0
DA:3355,0
DA:3356,0
DA:3357,0
DA:3359,0
DA:3360,0
DA:3362,0
DA:3363,0
DA:3365,0
DA:3366,0
DA:3368,0
DA:3369,0
DA:3371,0
DA:3372,0
DA:3375,0
DA:3376,0
DA:3377,0
DA:3378,0
DA:3379,0
DA:3380,0
DA:3381,0
DA:3382,0
DA:3383,0
DA:3394,2
DA:3395,0
DA:3396,0
DA:3397,0
DA:3398,0
DA:3399,0
DA:3400,0
DA:3401,0
DA:3402,0
DA:3403,0
DA:3404,0
DA:3405,0
DA:3408,2
DA:3411,2
DA:3429,0
DA:3430,0
DA:3431,0
DA:3432,0
DA:3441,2
DA:3451,2
DA:3452,0
DA:3464,2
DA:3465,0
DA:3466,0
DA:3467,0
DA:3468,0
DA:3482,2
DA:3483,0
DA:3484,0
DA:3485,0
DA:3486,0
DA:3487,0
DA:3488,0
DA:3490,0
DA:3491,0
DA:3493,0
DA:3494,0
DA:3497,0
DA:3498,0
DA:3499,0
DA:3510,2
DA:3511,0
DA:3512,0
DA:3514,0
DA:3515,0
DA:3516,0
DA:3518,0
DA:3521,2
DA:3524,2
DA:3542,0
DA:3543,0
DA:3544,0
DA:3545,0
DA:3554,2
DA:3564,2
DA:3565,0
DA:3577,2
DA:3578,0
DA:3579,0
DA:3580,0
DA:3581,0
DA:3582,0
DA:3596,2
DA:3597,0
DA:3598,0
DA:3599,0
DA:3600,0
DA:3601,0
DA:3602,0
DA:3604,0
DA:3605,0
DA:3607,0
DA:3608,0
DA:3611,0
DA:3622,2
DA:3623,0
DA:3624,0
DA:3625,0
DA:3626,0
DA:3627,0
DA:3628,0
DA:3631,2
DA:3634,2
DA:3652,0
DA:3653,0
DA:3654,0
DA:3655,0
DA:3664,2
DA:3674,2
DA:3675,0
DA:3687,2
DA:3688,0
DA:3689,0
DA:3690,0
DA:3691,0
DA:3705,2
DA:3706,0
DA:3707,0
DA:3708,0
DA:3709,0
DA:3710,0
DA:3711,0
DA:3713,0
DA:3714,0
DA:3716,0
DA:3717,0
DA:3720,0
DA:3721,0
DA:3722,0
DA:3733,2
DA:3734,0
DA:3735,0
DA:3736,0
DA:3737,0
DA:3738,0
DA:3741,2
DA:3744,2
DA:3762,0
DA:3763,0
DA:3764,0
DA:3765,0
DA:3774,2
DA:3784,2
DA:3785,0
DA:3797,2
DA:3798,0
DA:3799,0
DA:3800,0
DA:3801,0
DA:3815,2
DA:3816,0
DA:3817,0
DA:3818,0
DA:3819,0
DA:3820,0
DA:3821,0
DA:3823,0
DA:3824,0
DA:3826,0
DA:3827,0
DA:3830,0
DA:3831,0
DA:3832,0
DA:3843,2
DA:3844,0
DA:3845,0
DA:3847,0
DA:3848,0
DA:3849,0
DA:3851,0
DA:3854,2
DA:3857,2
DA:3875,0
DA:3876,0
DA:3877,0
DA:3878,0
DA:3887,2
DA:3897,2
DA:3898,0
DA:3910,2
DA:3911,0
DA:3912,0
DA:3913,0
DA:3914,0
DA:3928,2
DA:3929,0
DA:3930,0
DA:3931,0
DA:3932,0
DA:3933,0
DA:3934,0
DA:3936,0
DA:3937,0
DA:3939,0
DA:3940,0
DA:3943,0
DA:3944,0
DA:3945,0
DA:3956,2
DA:3957,0
DA:3958,0
DA:3960,0
DA:3961,0
DA:3962,0
DA:3964,0
DA:3967,2
DA:3970,2
LF:1397
LH:356
BRDA:7,0,0,2
BRDA:7,0,1,0
BRDA:38,1,0,0
BRDA:38,1,1,1
BRDA:40,2,0,0
BRDA:40,2,1,0
BRDA:82,3,0,0
BRDA:82,3,1,1
BRDA:85,4,0,0
BRDA:85,4,1,1
BRDA:85,5,0,1
BRDA:85,5,1,0
BRDA:103,6,0,0
BRDA:103,6,1,1
BRDA:105,7,0,0
BRDA:105,7,1,1
BRDA:108,8,0,1
BRDA:108,8,1,0
BRDA:108,8,2,0
BRDA:113,9,0,0
BRDA:113,9,1,0
BRDA:113,10,0,0
BRDA:113,10,1,0
BRDA:122,11,0,0
BRDA:122,11,1,1
BRDA:136,12,0,0
BRDA:136,12,1,2
BRDA:136,13,0,2
BRDA:136,13,1,2
BRDA:138,14,0,0
BRDA:138,14,1,2
BRDA:140,15,0,1
BRDA:140,15,1,1
BRDA:140,16,0,2
BRDA:140,16,1,1
BRDA:141,17,0,0
BRDA:141,17,1,1
BRDA:144,18,0,0
BRDA:144,18,1,0
BRDA:172,19,0,0
BRDA:172,19,1,0
BRDA:174,20,0,0
BRDA:174,20,1,0
BRDA:192,21,0,0
BRDA:192,21,1,2
BRDA:216,22,0,0
BRDA:216,22,1,0
BRDA:235,23,0,0
BRDA:235,23,1,0
BRDA:237,24,0,0
BRDA:237,24,1,0
BRDA:240,25,0,0
BRDA:240,25,1,0
BRDA:240,25,2,0
BRDA:252,26,0,0
BRDA:252,26,1,0
BRDA:254,27,0,0
BRDA:254,27,1,0
BRDA:268,28,0,0
BRDA:268,28,1,0
BRDA:268,29,0,0
BRDA:268,29,1,0
BRDA:270,30,0,0
BRDA:270,30,1,0
BRDA:272,31,0,0
BRDA:272,31,1,0
BRDA:272,32,0,0
BRDA:272,32,1,0
BRDA:272,33,0,0
BRDA:272,33,1,0
BRDA:272,33,2,0
BRDA:299,34,0,0
BRDA:299,34,1,0
BRDA:301,35,0,0
BRDA:301,35,1,0
BRDA:343,36,0,0
BRDA:343,36,1,0
BRDA:362,37,0,0
BRDA:362,37,1,0
BRDA:364,38,0,0
BRDA:364,38,1,0
BRDA:367,39,0,0
BRDA:367,39,1,0
BRDA:367,39,2,0
BRDA:379,40,0,0
BRDA:379,40,1,0
BRDA:381,41,0,0
BRDA:381,41,1,0
BRDA:395,42,0,0
BRDA:395,42,1,0
BRDA:395,43,0,0
BRDA:395,43,1,0
BRDA:397,44,0,0
BRDA:397,44,1,0
BRDA:399,45,0,0
BRDA:399,45,1,0
BRDA:428,46,0,0
BRDA:428,46,1,0
BRDA:430,47,0,0
BRDA:430,47,1,0
BRDA:488,48,0,0
BRDA:488,48,1,0
BRDA:509,49,0,0
BRDA:509,49,1,0
BRDA:511,50,0,0
BRDA:511,50,1,0
BRDA:514,51,0,0
BRDA:514,51,1,0
BRDA:514,51,2,0
BRDA:514,51,3,0
BRDA:514,51,4,0
BRDA:532,52,0,0
BRDA:532,52,1,0
BRDA:534,53,0,0
BRDA:534,53,1,0
BRDA:536,54,0,0
BRDA:536,54,1,0
BRDA:538,55,0,0
BRDA:538,55,1,0
BRDA:552,56,0,0
BRDA:552,56,1,0
BRDA:552,57,0,0
BRDA:552,57,1,0
BRDA:554,58,0,0
BRDA:554,58,1,0
BRDA:556,59,0,0
BRDA:556,59,1,0
BRDA:558,60,0,0
BRDA:558,60,1,0
BRDA:560,61,0,0
BRDA:560,61,1,0
BRDA:591,62,0,0
BRDA:591,62,1,0
BRDA:593,63,0,0
BRDA:593,63,1,0
BRDA:643,64,0,0
BRDA:643,64,1,0
BRDA:645,65,0,0
BRDA:645,65,1,0
BRDA:645,66,0,0
BRDA:645,66,1,0
BRDA:648,67,0,0
BRDA:648,67,1,0
BRDA:648,68,0,0
BRDA:648,68,1,0
BRDA:651,69,0,0
BRDA:651,69,1,0
BRDA:651,70,0,0
BRDA:651,70,1,0
BRDA:669,71,0,0
BRDA:669,71,1,0
BRDA:671,72,0,0
BRDA:671,72,1,0
BRDA:674,73,0,0
BRDA:674,73,1,0
BRDA:674,73,2,0
BRDA:674,73,3,0
BRDA:676,74,0,0
BRDA:676,74,1,0
BRDA:676,75,0,0
BRDA:676,75,1,0
BRDA:681,76,0,0
BRDA:681,76,1,0
BRDA:681,77,0,0
BRDA:681,77,1,0
BRDA:686,78,0,0
BRDA:686,78,1,0
BRDA:686,79,0,0
BRDA:686,79,1,0
BRDA:707,80,0,0
BRDA:707,80,1,0
BRDA:707,81,0,0
BRDA:707,81,1,0
BRDA:709,82,0,0
BRDA:709,82,1,0
BRDA:709,83,0,0
BRDA:709,83,1,0
BRDA:710,84,0,0
BRDA:710,84,1,0
BRDA:714,85,0,0
BRDA:714,85,1,0
BRDA:718,86,0,0
BRDA:718,86,1,0
BRDA:718,87,0,0
BRDA:718,87,1,0
BRDA:719,88,0,0
BRDA:719,88,1,0
BRDA:723,89,0,0
BRDA:723,89,1,0
BRDA:727,90,0,0
BRDA:727,90,1,0
BRDA:727,91,0,0
BRDA:727,91,1,0
BRDA:728,92,0,0
BRDA:728,92,1,0
BRDA:732,93,0,0
BRDA:732,93,1,0
BRDA:762,94,0,0
BRDA:762,94,1,0
BRDA:764,95,0,0
BRDA:764,95,1,0
BRDA:814,96,0,0
BRDA:814,96,1,0
BRDA:834,97,0,0
BRDA:834,97,1,0
BRDA:836,98,0,0
BRDA:836,98,1,0
BRDA:839,99,0,0
BRDA:839,99,1,0
BRDA:839,99,2,0
BRDA:839,99,3,0
BRDA:854,100,0,0
BRDA:854,100,1,0
BRDA:856,101,0,0
BRDA:856,101,1,0
BRDA:858,102,0,0
BRDA:858,102,1,0
BRDA:872,103,0,0
BRDA:872,103,1,0
BRDA:872,104,0,0
BRDA:872,104,1,0
BRDA:874,105,0,0
BRDA:874,105,1,0
BRDA:876,106,0,0
BRDA:876,106,1,0
BRDA:878,107,0,0
BRDA:878,107,1,0
BRDA:907,108,0,0
BRDA:907,108,1,0
BRDA:909,109,0,0
BRDA:909,109,1,0
BRDA:951,110,0,0
BRDA:951,110,1,0
BRDA:953,111,0,0
BRDA:953,111,1,0
BRDA:953,112,0,0
BRDA:953,112,1,0
BRDA:956,113,0,0
BRDA:956,113,1,0
BRDA:956,114,0,0
BRDA:956,114,1,0
BRDA:974,115,0,0
BRDA:974,115,1,0
BRDA:976,116,0,0
BRDA:976,116,1,0
BRDA:979,117,0,0
BRDA:979,117,1,0
BRDA:979,117,2,0
BRDA:981,118,0,0
BRDA:981,118,1,0
BRDA:981,119,0,0
BRDA:981,119,1,0
BRDA:986,120,0,0
BRDA:986,120,1,0
BRDA:986,121,0,0
BRDA:986,121,1,0
BRDA:1007,122,0,0
BRDA:1007,122,1,0
BRDA:1007,123,0,0
BRDA:1007,123,1,0
BRDA:1009,124,0,0
BRDA:1009,124,1,0
BRDA:1009,125,0,0
BRDA:1009,125,1,0
BRDA:1010,126,0,0
BRDA:1010,126,1,0
BRDA:1014,127,0,0
BRDA:1014,127,1,0
BRDA:1018,128,0,0
BRDA:1018,128,1,0
BRDA:1018,129,0,0
BRDA:1018,129,1,0
BRDA:1019,130,0,0
BRDA:1019,130,1,0
BRDA:1023,131,0,0
BRDA:1023,131,1,0
BRDA:1052,132,0,0
BRDA:1052,132,1,0
BRDA:1054,133,0,0
BRDA:1054,133,1,0
BRDA:1096,134,0,0
BRDA:1096,134,1,0
BRDA:1115,135,0,0
BRDA:1115,135,1,0
BRDA:1117,136,0,0
BRDA:1117,136,1,0
BRDA:1120,137,0,0
BRDA:1120,137,1,0
BRDA:1120,137,2,0
BRDA:1132,138,0,0
BRDA:1132,138,1,0
BRDA:1134,139,0,0
BRDA:1134,139,1,0
BRDA:1148,140,0,0
BRDA:1148,140,1,0
BRDA:1148,141,0,0
BRDA:1148,141,1,0
BRDA:1150,142,0,0
BRDA:1150,142,1,0
BRDA:1152,143,0,0
BRDA:1152,143,1,0
BRDA:1182,144,0,0
BRDA:1182,144,1,0
BRDA:1184,145,0,0
BRDA:1184,145,1,0
BRDA:1194,146,0,0
BRDA:1194,146,1,2
BRDA:1242,147,0,0
BRDA:1242,147,1,0
BRDA:1247,148,0,0
BRDA:1247,148,1,0
BRDA:1247,149,0,0
BRDA:1247,149,1,0
BRDA:1265,150,0,0
BRDA:1265,150,1,0
BRDA:1267,151,0,0
BRDA:1267,151,1,0
BRDA:1270,152,0,0
BRDA:1270,152,1,0
BRDA:1270,152,2,0
BRDA:1270,152,3,0
BRDA:1270,152,4,0
BRDA:1281,153,0,0
BRDA:1281,153,1,0
BRDA:1281,154,0,0
BRDA:1281,154,1,0
BRDA:1290,155,0,0
BRDA:1290,155,1,0
BRDA:1292,156,0,0
BRDA:1292,156,1,0
BRDA:1294,157,0,0
BRDA:1294,157,1,0
BRDA:1308,158,0,0
BRDA:1308,158,1,0
BRDA:1308,159,0,0
BRDA:1308,159,1,0
BRDA:1310,160,0,0
BRDA:1310,160,1,0
BRDA:1310,161,0,0
BRDA:1310,161,1,0
BRDA:1310,162,0,0
BRDA:1310,162,1,0
BRDA:1310,162,2,0
BRDA:1312,163,0,0
BRDA:1312,163,1,0
BRDA:1314,164,0,0
BRDA:1314,164,1,0
BRDA:1316,165,0,0
BRDA:1316,165,1,0
BRDA:1316,166,0,0
BRDA:1316,166,1,0
BRDA:1317,167,0,0
BRDA:1317,167,1,0
BRDA:1321,168,0,0
BRDA:1321,168,1,0
BRDA:1351,169,0,0
BRDA:1351,169,1,0
BRDA:1353,170,0,0
BRDA:1353,170,1,0
BRDA:1403,171,0,0
BRDA:1403,171,1,0
BRDA:1423,172,0,0
BRDA:1423,172,1,0
BRDA:1425,173,0,0
BRDA:1425,173,1,0
BRDA:1428,174,0,0
BRDA:1428,174,1,0
BRDA:1428,174,2,0
BRDA:1428,174,3,0
BRDA:1443,175,0,0
BRDA:1443,175,1,0
BRDA:1445,176,0,0
BRDA:1445,176,1,0
BRDA:1447,177,0,0
BRDA:1447,177,1,0
BRDA:1461,178,0,0
BRDA:1461,178,1,0
BRDA:1461,179,0,0
BRDA:1461,179,1,0
BRDA:1463,180,0,0
BRDA:1463,180,1,0
BRDA:1465,181,0,0
BRDA:1465,181,1,0
BRDA:1467,182,0,0
BRDA:1467,182,1,0
BRDA:1497,183,0,0
BRDA:1497,183,1,0
BRDA:1499,184,0,0
BRDA:1499,184,1,0
BRDA:1549,185,0,0
BRDA:1549,185,1,0
BRDA:1552,186,0,0
BRDA:1552,186,1,0
BRDA:1552,187,0,0
BRDA:1552,187,1,0
BRDA:1555,188,0,0
BRDA:1555,188,1,0
BRDA:1555,189,0,0
BRDA:1555,189,1,0
BRDA:1573,190,0,0
BRDA:1573,190,1,0
BRDA:1575,191,0,0
BRDA:1575,191,1,0
BRDA:1578,192,0,0
BRDA:1578,192,1,0
BRDA:1578,192,2,0
BRDA:1578,192,3,0
BRDA:1583,193,0,0
BRDA:1583,193,1,0
BRDA:1583,194,0,0
BRDA:1583,194,1,0
BRDA:1588,195,0,0
BRDA:1588,195,1,0
BRDA:1588,196,0,0
BRDA:1588,196,1,0
BRDA:1597,197,0,0
BRDA:1597,197,1,0
BRDA:1611,198,0,0
BRDA:1611,198,1,0
BRDA:1611,199,0,0
BRDA:1611,199,1,0
BRDA:1615,200,0,0
BRDA:1615,200,1,0
BRDA:1618,201,0,0
BRDA:1618,201,1,0
BRDA:1618,202,0,0
BRDA:1618,202,1,0
BRDA:1619,203,0,0
BRDA:1619,203,1,0
BRDA:1623,204,0,0
BRDA:1623,204,1,0
BRDA:1627,205,0,0
BRDA:1627,205,1,0
BRDA:1627,206,0,0
BRDA:1627,206,1,0
BRDA:1628,207,0,0
BRDA:1628,207,1,0
BRDA:1632,208,0,0
BRDA:1632,208,1,0
BRDA:1662,209,0,0
BRDA:1662,209,1,0
BRDA:1664,210,0,0
BRDA:1664,210,1,0
BRDA:1714,211,0,1
BRDA:1714,211,1,0
BRDA:1734,212,0,0
BRDA:1734,212,1,0
BRDA:1736,213,0,0
BRDA:1736,213,1,0
BRDA:1739,214,0,0
BRDA:1739,214,1,0
BRDA:1739,214,2,0
BRDA:1739,214,3,0
BRDA:1754,215,0,0
BRDA:1754,215,1,0
BRDA:1756,216,0,0
BRDA:1756,216,1,0
BRDA:1758,217,0,0
BRDA:1758,217,1,0
BRDA:1772,218,0,0
BRDA:1772,218,1,2
BRDA:1772,219,0,2
BRDA:1772,219,1,2
BRDA:1774,220,0,1
BRDA:1774,220,1,1
BRDA:1776,221,0,0
BRDA:1776,221,1,1
BRDA:1778,222,0,0
BRDA:1778,222,1,1
BRDA:1804,223,0,0
BRDA:1804,223,1,1
BRDA:1806,224,0,0
BRDA:1806,224,1,0
BRDA:1840,225,0,1
BRDA:1840,225,1,0
BRDA:1858,226,0,1
BRDA:1858,226,1,0
BRDA:1860,227,0,1
BRDA:1860,227,1,0
BRDA:1863,228,0,1
BRDA:1863,228,1,0
BRDA:1872,229,0,0
BRDA:1872,229,1,1
BRDA:1886,230,0,0
BRDA:1886,230,1,2
BRDA:1886,231,0,2
BRDA:1886,231,1,2
BRDA:1890,232,0,0
BRDA:1890,232,1,2
BRDA:1917,233,0,0
BRDA:1917,233,1,1
BRDA:1919,234,0,0
BRDA:1919,234,1,0
BRDA:1953,235,0,1
BRDA:1953,235,1,0
BRDA:1971,236,0,1
BRDA:1971,236,1,0
BRDA:1973,237,0,1
BRDA:1973,237,1,0
BRDA:1976,238,0,1
BRDA:1976,238,1,0
BRDA:1985,239,0,0
BRDA:1985,239,1,1
BRDA:1999,240,0,0
BRDA:1999,240,1,2
BRDA:1999,241,0,2
BRDA:1999,241,1,2
BRDA:2001,242,0,0
BRDA:2001,242,1,2
BRDA:2032,243,0,0
BRDA:2032,243,1,1
BRDA:2034,244,0,0
BRDA:2034,244,1,0
BRDA:2087,245,0,1
BRDA:2087,245,1,0
BRDA:2107,246,0,1
BRDA:2107,246,1,0
BRDA:2109,247,0,1
BRDA:2109,247,1,0
BRDA:2112,248,0,1
BRDA:2112,248,1,1
BRDA:2112,248,2,1
BRDA:2112,248,3,0
BRDA:2127,249,0,0
BRDA:2127,249,1,1
BRDA:2129,250,0,0
BRDA:2129,250,1,1
BRDA:2131,251,0,0
BRDA:2131,251,1,1
BRDA:2145,252,0,0
BRDA:2145,252,1,1
BRDA:2145,253,0,1
BRDA:2145,253,1,1
BRDA:2147,254,0,0
BRDA:2147,254,1,1
BRDA:2149,255,0,0
BRDA:2149,255,1,1
BRDA:2151,256,0,0
BRDA:2151,256,1,1
BRDA:2176,257,0,0
BRDA:2176,257,1,2
BRDA:2178,258,0,0
BRDA:2178,258,1,0
BRDA:2204,259,0,1
BRDA:2204,259,1,0
BRDA:2221,260,0,2
BRDA:2221,260,1,0
BRDA:2223,261,0,2
BRDA:2223,261,1,0
BRDA:2226,262,0,0
BRDA:2244,263,0,0
BRDA:2244,263,1,2
BRDA:2244,264,0,2
BRDA:2244,264,1,2
BRDA:2270,265,0,0
BRDA:2270,265,1,0
BRDA:2272,266,0,0
BRDA:2272,266,1,0
BRDA:2306,267,0,0
BRDA:2306,267,1,0
BRDA:2324,268,0,0
BRDA:2324,268,1,0
BRDA:2326,269,0,0
BRDA:2326,269,1,0
BRDA:2329,270,0,0
BRDA:2329,270,1,0
BRDA:2338,271,0,0
BRDA:2338,271,1,0
BRDA:2352,272,0,0
BRDA:2352,272,1,0
BRDA:2352,273,0,0
BRDA:2352,273,1,0
BRDA:2354,274,0,0
BRDA:2354,274,1,0
BRDA:2384,275,0,0
BRDA:2384,275,1,0
BRDA:2386,276,0,0
BRDA:2386,276,1,0
BRDA:2396,277,0,0
BRDA:2396,277,1,2
BRDA:2452,278,0,0
BRDA:2452,278,1,0
BRDA:2474,279,0,0
BRDA:2474,279,1,0
BRDA:2476,280,0,0
BRDA:2476,280,1,0
BRDA:2479,281,0,0
BRDA:2479,281,1,0
BRDA:2479,281,2,0
BRDA:2479,281,3,0
BRDA:2479,281,4,0
BRDA:2479,281,5,0
BRDA:2500,282,0,0
BRDA:2500,282,1,0
BRDA:2502,283,0,0
BRDA:2502,283,1,0
BRDA:2504,284,0,0
BRDA:2504,284,1,0
BRDA:2506,285,0,0
BRDA:2506,285,1,0
BRDA:2508,286,0,0
BRDA:2508,286,1,0
BRDA:2522,287,0,0
BRDA:2522,287,1,0
BRDA:2522,288,0,0
BRDA:2522,288,1,0
BRDA:2524,289,0,0
BRDA:2524,289,1,0
BRDA:2524,290,0,0
BRDA:2524,290,1,0
BRDA:2524,291,0,0
BRDA:2524,291,1,0
BRDA:2524,291,2,0
BRDA:2526,292,0,0
BRDA:2526,292,1,0
BRDA:2528,293,0,0
BRDA:2528,293,1,0
BRDA:2530,294,0,0
BRDA:2530,294,1,0
BRDA:2532,295,0,0
BRDA:2532,295,1,0
BRDA:2568,296,0,0
BRDA:2568,296,1,0
BRDA:2570,297,0,0
BRDA:2570,297,1,0
BRDA:2580,298,0,0
BRDA:2580,298,1,2
BRDA:2604,299,0,0
BRDA:2604,299,1,2
BRDA:2676,300,0,0
BRDA:2676,300,1,0
BRDA:2687,301,0,0
BRDA:2687,301,1,0
BRDA:2687,302,0,0
BRDA:2687,302,1,0
BRDA:2705,303,0,0
BRDA:2705,303,1,0
BRDA:2707,304,0,0
BRDA:2707,304,1,0
BRDA:2710,305,0,0
BRDA:2710,305,1,0
BRDA:2710,305,2,0
BRDA:2710,305,3,0
BRDA:2710,305,4,0
BRDA:2710,305,5,0
BRDA:2710,305,6,0
BRDA:2710,305,7,0
BRDA:2710,305,8,0
BRDA:2710,305,9,0
BRDA:2710,305,10,0
BRDA:2739,306,0,0
BRDA:2739,306,1,0
BRDA:2739,307,0,0
BRDA:2739,307,1,0
BRDA:2748,308,0,0
BRDA:2748,308,1,0
BRDA:2750,309,0,0
BRDA:2750,309,1,0
BRDA:2752,310,0,0
BRDA:2752,310,1,0
BRDA:2754,311,0,0
BRDA:2754,311,1,0
BRDA:2756,312,0,0
BRDA:2756,312,1,0
BRDA:2758,313,0,0
BRDA:2758,313,1,0
BRDA:2760,314,0,0
BRDA:2760,314,1,0
BRDA:2762,315,0,0
BRDA:2762,315,1,0
BRDA:2764,316,0,0
BRDA:2764,316,1,0
BRDA:2778,317,0,0
BRDA:2778,317,1,0
BRDA:2778,318,0,0
BRDA:2778,318,1,0
BRDA:2780,319,0,0
BRDA:2780,319,1,0
BRDA:2780,320,0,0
BRDA:2780,320,1,0
BRDA:2780,321,0,0
BRDA:2780,321,1,0
BRDA:2780,321,2,0
BRDA:2782,322,0,0
BRDA:2782,322,1,0
BRDA:2784,323,0,0
BRDA:2784,323,1,0
BRDA:2786,324,0,0
BRDA:2786,324,1,0
BRDA:2786,325,0,0
BRDA:2786,325,1,0
BRDA:2786,326,0,0
BRDA:2786,326,1,0
BRDA:2786,326,2,0
BRDA:2788,327,0,0
BRDA:2788,327,1,0
BRDA:2790,328,0,0
BRDA:2790,328,1,0
BRDA:2792,329,0,0
BRDA:2792,329,1,0
BRDA:2794,330,0,0
BRDA:2794,330,1,0
BRDA:2796,331,0,0
BRDA:2796,331,1,0
BRDA:2798,332,0,0
BRDA:2798,332,1,0
BRDA:2798,333,0,0
BRDA:2798,333,1,0
BRDA:2799,334,0,0
BRDA:2799,334,1,0
BRDA:2803,335,0,0
BRDA:2803,335,1,0
BRDA:2835,336,0,0
BRDA:2835,336,1,0
BRDA:2837,337,0,0
BRDA:2837,337,1,0
BRDA:2903,338,0,0
BRDA:2903,338,1,0
BRDA:2925,339,0,0
BRDA:2925,339,1,0
BRDA:2927,340,0,0
BRDA:2927,340,1,0
BRDA:2930,341,0,0
BRDA:2930,341,1,0
BRDA:2930,341,2,0
BRDA:2930,341,3,0
BRDA:2930,341,4,0
BRDA:2930,341,5,0
BRDA:2951,342,0,0
BRDA:2951,342,1,0
BRDA:2953,343,0,0
BRDA:2953,343,1,0
BRDA:2955,344,0,0
BRDA:2955,344,1,0
BRDA:2957,345,0,0
BRDA:2957,345,1,0
BRDA:2959,346,0,0
BRDA:2959,346,1,0
BRDA:2973,347,0,0
BRDA:2973,347,1,0
BRDA:2973,348,0,0
BRDA:2973,348,1,0
BRDA:2975,349,0,0
BRDA:2975,349,1,0
BRDA:2977,350,0,0
BRDA:2977,350,1,0
BRDA:2979,351,0,0
BRDA:2979,351,1,0
BRDA:2981,352,0,0
BRDA:2981,352,1,0
BRDA:2983,353,0,0
BRDA:2983,353,1,0
BRDA:3010,354,0,0
BRDA:3010,354,1,0
BRDA:3012,355,0,0
BRDA:3012,355,1,0
BRDA:3054,356,0,0
BRDA:3054,356,1,0
BRDA:3073,357,0,0
BRDA:3073,357,1,0
BRDA:3075,358,0,0
BRDA:3075,358,1,0
BRDA:3078,359,0,0
BRDA:3078,359,1,0
BRDA:3078,359,2,0
BRDA:3090,360,0,0
BRDA:3090,360,1,0
BRDA:3092,361,0,0
BRDA:3092,361,1,0
BRDA:3106,362,0,0
BRDA:3106,362,1,0
BRDA:3106,363,0,0
BRDA:3106,363,1,0
BRDA:3108,364,0,0
BRDA:3108,364,1,0
BRDA:3110,365,0,0
BRDA:3110,365,1,0
BRDA:3137,366,0,0
BRDA:3137,366,1,0
BRDA:3139,367,0,0
BRDA:3139,367,1,0
BRDA:3181,368,0,0
BRDA:3181,368,1,0
BRDA:3184,369,0,0
BRDA:3184,369,1,0
BRDA:3184,370,0,0
BRDA:3184,370,1,0
BRDA:3201,371,0,0
BRDA:3201,371,1,0
BRDA:3203,372,0,0
BRDA:3203,372,1,0
BRDA:3206,373,0,0
BRDA:3206,373,1,0
BRDA:3206,373,2,0
BRDA:3218,374,0,0
BRDA:3218,374,1,0
BRDA:3232,375,0,0
BRDA:3232,375,1,0
BRDA:3232,376,0,0
BRDA:3232,376,1,0
BRDA:3236,377,0,0
BRDA:3236,377,1,0
BRDA:3239,378,0,0
BRDA:3239,378,1,0
BRDA:3239,379,0,0
BRDA:3239,379,1,0
BRDA:3241,380,0,0
BRDA:3241,380,1,0
BRDA:3271,381,0,0
BRDA:3271,381,1,0
BRDA:3273,382,0,0
BRDA:3273,382,1,0
BRDA:3331,383,0,0
BRDA:3331,383,1,0
BRDA:3352,384,0,0
BRDA:3352,384,1,0
BRDA:3354,385,0,0
BRDA:3354,385,1,0
BRDA:3357,386,0,0
BRDA:3357,386,1,0
BRDA:3357,386,2,0
BRDA:3357,386,3,0
BRDA:3357,386,4,0
BRDA:3375,387,0,0
BRDA:3375,387,1,0
BRDA:3377,388,0,0
BRDA:3377,388,1,0
BRDA:3379,389,0,0
BRDA:3379,389,1,0
BRDA:3381,390,0,0
BRDA:3381,390,1,0
BRDA:3395,391,0,0
BRDA:3395,391,1,0
BRDA:3395,392,0,0
BRDA:3395,392,1,0
BRDA:3397,393,0,0
BRDA:3397,393,1,0
BRDA:3399,394,0,0
BRDA:3399,394,1,0
BRDA:3401,395,0,0
BRDA:3401,395,1,0
BRDA:3403,396,0,0
BRDA:3403,396,1,0
BRDA:3429,397,0,0
BRDA:3429,397,1,0
BRDA:3431,398,0,0
BRDA:3431,398,1,0
BRDA:3465,399,0,0
BRDA:3465,399,1,0
BRDA:3483,400,0,0
BRDA:3483,400,1,0
BRDA:3485,401,0,0
BRDA:3485,401,1,0
BRDA:3488,402,0,0
BRDA:3488,402,1,0
BRDA:3497,403,0,0
BRDA:3497,403,1,0
BRDA:3511,404,0,0
BRDA:3511,404,1,0
BRDA:3511,405,0,0
BRDA:3511,405,1,0
BRDA:3515,406,0,0
BRDA:3515,406,1,0
BRDA:3542,407,0,0
BRDA:3542,407,1,0
BRDA:3544,408,0,0
BRDA:3544,408,1,0
BRDA:3578,409,0,0
BRDA:3578,409,1,0
BRDA:3580,410,0,0
BRDA:3580,410,1,0
BRDA:3580,411,0,0
BRDA:3580,411,1,0
BRDA:3597,412,0,0
BRDA:3597,412,1,0
BRDA:3599,413,0,0
BRDA:3599,413,1,0
BRDA:3602,414,0,0
BRDA:3602,414,1,0
BRDA:3623,415,0,0
BRDA:3623,415,1,0
BRDA:3623,416,0,0
BRDA:3623,416,1,0
BRDA:3625,417,0,0
BRDA:3625,417,1,0
BRDA:3625,418,0,0
BRDA:3625,418,1,0
BRDA:3626,419,0,0
BRDA:3626,419,1,0
BRDA:3652,420,0,0
BRDA:3652,420,1,0
BRDA:3654,421,0,0
BRDA:3654,421,1,0
BRDA:3688,422,0,0
BRDA:3688,422,1,0
BRDA:3706,423,0,0
BRDA:3706,423,1,0
BRDA:3708,424,0,0
BRDA:3708,424,1,0
BRDA:3711,425,0,0
BRDA:3711,425,1,0
BRDA:3720,426,0,0
BRDA:3720,426,1,0
BRDA:3734,427,0,0
BRDA:3734,427,1,0
BRDA:3734,428,0,0
BRDA:3734,428,1,0
BRDA:3736,429,0,0
BRDA:3736,429,1,0
BRDA:3762,430,0,0
BRDA:3762,430,1,0
BRDA:3764,431,0,0
BRDA:3764,431,1,0
BRDA:3798,432,0,0
BRDA:3798,432,1,0
BRDA:3816,433,0,0
BRDA:3816,433,1,0
BRDA:3818,434,0,0
BRDA:3818,434,1,0
BRDA:3821,435,0,0
BRDA:3821,435,1,0
BRDA:3830,436,0,0
BRDA:3830,436,1,0
BRDA:3844,437,0,0
BRDA:3844,437,1,0
BRDA:3844,438,0,0
BRDA:3844,438,1,0
BRDA:3848,439,0,0
BRDA:3848,439,1,0
BRDA:3875,440,0,0
BRDA:3875,440,1,0
BRDA:3877,441,0,0
BRDA:3877,441,1,0
BRDA:3911,442,0,0
BRDA:3911,442,1,0
BRDA:3929,443,0,0
BRDA:3929,443,1,0
BRDA:3931,444,0,0
BRDA:3931,444,1,0
BRDA:3934,445,0,0
BRDA:3934,445,1,0
BRDA:3943,446,0,0
BRDA:3943,446,1,0
BRDA:3957,447,0,0
BRDA:3957,447,1,0
BRDA:3957,448,0,0
BRDA:3957,448,1,0
BRDA:3961,449,0,0
BRDA:3961,449,1,0
BRF:949
BRH:74
end_of_record
TN:
SF:/Users/mac/Documents/FrameworkSpace/EasyGameFrameworkOpen/packages/enet-pbws/protobuf/library/protobuf-library.js
FN:7,(anonymous_0)
FN:8,prelude
FN:15,$require
FN:27,(anonymous_3)
FN:40,(anonymous_4)
FN:61,asPromise
FN:68,executor
FN:69,callback
FN:94,(anonymous_8)
FN:109,length
FN:136,encode
FN:190,decode
FN:231,test
FN:235,(anonymous_13)
FN:246,codegen
FN:266,Codegen
FN:296,replace
FN:312,toString
FN:336,(anonymous_18)
FN:346,EventEmitter
FN:363,on
FN:377,off
FN:401,emit
FN:414,(anonymous_23)
FN:448,fetch
FN:460,fetchReadFileCallback
FN:493,fetch_xhr
FN:495,fetchOnReadyStateChange
FN:531,(anonymous_28)
FN:619,factory
FN:622,(anonymous_30)
FN:628,writeFloat_f32_cpy
FN:636,writeFloat_f32_rev
FN:649,readFloat_f32_cpy
FN:657,readFloat_f32_rev
FN:671,(anonymous_35)
FN:673,writeFloat_ieee754
FN:695,readFloat_ieee754
FN:715,(anonymous_38)
FN:721,writeDouble_f64_cpy
FN:733,writeDouble_f64_rev
FN:750,readDouble_f64_cpy
FN:762,readDouble_f64_rev
FN:780,(anonymous_43)
FN:782,writeDouble_ieee754
FN:815,readDouble_ieee754
FN:840,writeUintLE
FN:847,writeUintBE
FN:854,readUintLE
FN:861,readUintBE
FN:868,(anonymous_50)
FN:878,inquire
FN:887,(anonymous_52)
FN:903,isAbsolute
FN:913,normalize
FN:944,resolve
FN:954,(anonymous_56)
FN:985,pool
FN:990,pool_alloc
FN:1004,(anonymous_59)
FN:1019,utf8_length
FN:1044,utf8_read
FN:1084,utf8_write
FN:1111,(anonymous_63)
FN:1136,common
FN:1487,get
FN:1491,(anonymous_66)
FN:1511,genValuePartial_fromObject
FN:1589,fromObject
FN:1649,genValuePartial_toObject
FN:1692,toObject
FN:1789,(anonymous_71)
FN:1797,missing
FN:1806,decoder
FN:1811,(anonymous_74)
FN:1899,(anonymous_75)
FN:1916,genTypePartial
FN:1927,encoder
FN:2003,(anonymous_78)
FN:2023,Enum
FN:2077,fromJSON
FN:2087,toJSON
FN:2104,add
FN:2140,remove
FN:2161,isReservedId
FN:2170,isReservedName
FN:2174,(anonymous_86)
FN:2211,fromJSON
FN:2228,Field
FN:2369,(anonymous_89)
FN:2380,setOption
FN:2406,toJSON
FN:2421,resolve
FN:2501,decorateField
FN:2511,fieldDecorator
FN:2530,configure
FN:2534,(anonymous_96)
FN:2557,load
FN:2600,loadSync
FN:2640,(anonymous_99)
FN:2678,(anonymous_100)
FN:2692,(anonymous_101)
FN:2714,MapField
FN:2758,fromJSON
FN:2766,toJSON
FN:2779,resolve
FN:2800,decorateMapField
FN:2810,mapFieldDecorator
FN:2816,(anonymous_108)
FN:2829,Message
FN:2859,create
FN:2871,encode
FN:2883,encodeDelimited
FN:2896,decode
FN:2909,decodeDelimited
FN:2920,verify
FN:2931,fromObject
FN:2943,toObject
FN:2951,toJSON
FN:2956,(anonymous_119)
FN:2979,Method
FN:3065,fromJSON
FN:3073,toJSON
FN:3087,resolve
FN:3099,(anonymous_124)
FN:3133,fromJSON
FN:3143,arrayToJSON
FN:3160,isReservedId
FN:3174,isReservedName
FN:3193,Namespace
FN:3210,clearCache
FN:3222,(anonymous_131)
FN:3251,toJSON
FN:3263,addJSON
FN:3290,get
FN:3302,getEnum
FN:3315,add
FN:3351,remove
FN:3372,define
FN:3400,resolveAll
FN:3417,lookup
FN:3476,lookupType
FN:3490,lookupEnum
FN:3504,lookupTypeOrEnum
FN:3518,lookupService
FN:3525,(anonymous_145)
FN:3530,(anonymous_146)
FN:3548,ReflectionObject
FN:3602,(anonymous_148)
FN:3617,(anonymous_149)
FN:3643,onAdd
FN:3658,onRemove
FN:3670,resolve
FN:3683,getOption
FN:3696,setOption
FN:3708,setOptions
FN:3719,toString
FN:3727,(anonymous_157)
FN:3731,(anonymous_158)
FN:3751,OneOf
FN:3790,fromJSON
FN:3798,toJSON
FN:3812,addFieldsToParent
FN:3824,add
FN:3844,remove
FN:3870,onAdd
FN:3888,onRemove
FN:3911,decorateOneOf
FN:3916,oneOfDecorator
FN:3926,(anonymous_169)
FN:3981,parse
FN:4006,(anonymous_171)
FN:4016,readString
FN:4031,readValue
FN:4056,readRanges
FN:4067,parseNumber
FN:4096,parseId
FN:4121,parsePackage
FN:4137,parseImport
FN:4157,parseSyntax
FN:4169,parseCommon
FN:4196,ifBlock
FN:4216,parseType
FN:4223,parseType_block
FN:4264,parseField
FN:4285,parseField_block
FN:4294,parseField_line
FN:4306,parseGroup
FN:4322,parseGroup_block
FN:4345,parseMapField
FN:4369,parseMapField_block
FN:4378,parseMapField_line
FN:4384,parseOneOf
FN:4391,parseOneOf_block
FN:4403,parseEnum
FN:4410,parseEnum_block
FN:4428,parseEnumValue
FN:4437,parseEnumValue_block
FN:4446,parseEnumValue_line
FN:4452,parseOption
FN:4473,parseOptionValue
FN:4495,setOption
FN:4500,parseInlineOptions
FN:4510,parseService
FN:4517,parseService_block
FN:4530,parseMethod
FN:4562,parseMethod_block
FN:4575,parseExtension
FN:4582,parseExtension_block
FN:4678,(anonymous_209)
FN:4700,Reader
FN:4722,create_typed_array
FN:4742,create_buffer_setup
FN:4743,create_buffer
FN:4760,read_uint32_setup
FN:4762,read_uint32
FN:4782,read_int32
FN:4790,read_sint32
FN:4797,readLongVarint
FN:4877,read_bool
FN:4881,readFixed32_end
FN:4892,read_fixed32
FN:4905,read_sfixed32
FN:4916,readFixed64
FN:4946,read_float
FN:4962,read_double
FN:4977,read_bytes
FN:4998,read_string
FN:5008,skip
FN:5029,(anonymous_229)
FN:5058,(anonymous_230)
FN:5064,read_int64
FN:5068,read_uint64
FN:5072,read_sint64
FN:5076,read_fixed64
FN:5080,read_sfixed64
FN:5087,(anonymous_236)
FN:5104,BufferReader
FN:5121,read_string_buffer
FN:5133,(anonymous_239)
FN:5157,Root
FN:5179,fromJSON
FN:5208,load
FN:5220,finish
FN:5232,process
FN:5260,fetch
FN:5281,(anonymous_246)
FN:5302,(anonymous_247)
FN:5365,loadSync
FN:5374,resolveAll
FN:5376,(anonymous_250)
FN:5393,tryHandleExtension
FN:5411,_handleAdd
FN:5448,_handleRemove
FN:5479,(anonymous_254)
FN:5485,(anonymous_255)
FN:5505,(anonymous_256)
FN:5543,(anonymous_257)
FN:5585,Service
FN:5622,rpcCall
FN:5632,(anonymous_260)
FN:5640,rpcCallback
FN:5667,(anonymous_262)
FN:5677,end
FN:5687,(anonymous_264)
FN:5708,Service
FN:5739,fromJSON
FN:5754,toJSON
FN:5770,(anonymous_268)
FN:5775,clearCache
FN:5783,get
FN:5791,resolveAll
FN:5801,add
FN:5818,remove
FN:5839,create
FN:5852,(anonymous_275)
FN:5879,unescape
FN:5880,(anonymous_277)
FN:5949,tokenize
FN:5981,readString
FN:5999,charAt
FN:6010,setComment
FN:6037,next
FN:6109,push
FN:6118,peek
FN:6136,skip
FN:6154,cmnt
FN:6176,(anonymous_287)
FN:6181,(anonymous_288)
FN:6212,Type
FN:6283,(anonymous_290)
FN:6311,(anonymous_291)
FN:6323,(anonymous_292)
FN:6335,(anonymous_293)
FN:6338,(anonymous_294)
FN:6378,generateConstructor
FN:6393,clearCache
FN:6418,fromJSON
FN:6461,toJSON
FN:6466,(anonymous_299)
FN:6477,resolveAll
FN:6490,get
FN:6504,add
FN:6546,remove
FN:6578,isReservedId
FN:6587,isReservedName
FN:6596,create
FN:6604,setup
FN:6660,encode_setup
FN:6670,encodeDelimited
FN:6682,decode_setup
FN:6693,decodeDelimited
FN:6704,verify_setup
FN:6713,fromObject
FN:6742,toObject
FN:6761,decorateType
FN:6762,typeDecorator
FN:6767,(anonymous_317)
FN:6796,bake
FN:6965,(anonymous_319)
FN:6994,toArray
FN:7011,toObject
FN:7031,isReserved
FN:7040,safeProp
FN:7051,ucFirst
FN:7062,camelCase
FN:7065,(anonymous_326)
FN:7074,compareFieldsById
FN:7086,decorateType
FN:7117,decorateEnum
FN:7140,(anonymous_330)
FN:7145,(anonymous_331)
FN:7159,LongBits
FN:7184,(anonymous_333)
FN:7185,(anonymous_334)
FN:7186,(anonymous_335)
FN:7200,fromNumber
FN:7225,from
FN:7243,toNumber
FN:7259,toLong
FN:7273,fromHash
FN:7293,toHash
FN:7310,zzEncode
FN:7321,zzDecode
FN:7332,length
FN:7347,(anonymous_345)
FN:7413,isString
FN:7422,isObject
FN:7442,isSet
FN:7460,(anonymous_349)
FN:7482,newBuffer
FN:7542,longToHash
FN:7554,longFromHash
FN:7569,merge
FN:7583,lcFirst
FN:7593,newError
FN:7595,CustomError
FN:7603,(anonymous_357)
FN:7617,(anonymous_358)
FN:7619,toString
FN:7665,getOneOf
FN:7675,(anonymous_361)
FN:7695,setOneOf
FN:7703,(anonymous_363)
FN:7733,(anonymous_364)
FN:7754,(anonymous_365)
FN:7761,invalid
FN:7774,genVerifyValue
FN:7844,genVerifyKey
FN:7877,verifier
FN:7935,(anonymous_370)
FN:7976,(anonymous_371)
FN:7997,(anonymous_372)
FN:8020,(anonymous_373)
FN:8041,Op
FN:8079,State
FN:8111,Writer
FN:8150,create_buffer_setup
FN:8151,create_buffer
FN:8165,alloc
FN:8182,push
FN:8188,writeByte
FN:8192,writeVarint32
FN:8209,VarintOp
FN:8223,write_uint32
FN:8243,write_int32
FN:8254,write_sint32
FN:8258,writeVarint64
FN:8277,write_uint64
FN:8297,write_sint64
FN:8307,write_bool
FN:8311,writeFixed32
FN:8323,write_fixed32
FN:8341,write_fixed64
FN:8361,write_float
FN:8371,write_double
FN:8376,writeBytes_set
FN:8390,write_bytes
FN:8407,write_string
FN:8419,fork
FN:8430,reset
FN:8447,ldelim
FN:8464,finish
FN:8477,(anonymous_403)
FN:8481,(anonymous_404)
FN:8499,BufferWriter
FN:8508,alloc_buffer
FN:8513,writeBytesBuffer_set
FN:8528,write_bytes_buffer
FN:8538,writeStringBuffer
FN:8548,write_string_buffer
FNF:411
FNH:89
FNDA:2,(anonymous_0)
FNDA:2,prelude
FNDA:254,$require
FNDA:0,(anonymous_3)
FNDA:2,(anonymous_4)
FNDA:0,asPromise
FNDA:0,executor
FNDA:0,callback
FNDA:2,(anonymous_8)
FNDA:0,length
FNDA:0,encode
FNDA:0,decode
FNDA:0,test
FNDA:2,(anonymous_13)
FNDA:0,codegen
FNDA:0,Codegen
FNDA:0,replace
FNDA:0,toString
FNDA:2,(anonymous_18)
FNDA:0,EventEmitter
FNDA:0,on
FNDA:0,off
FNDA:0,emit
FNDA:2,(anonymous_23)
FNDA:0,fetch
FNDA:0,fetchReadFileCallback
FNDA:0,fetch_xhr
FNDA:0,fetchOnReadyStateChange
FNDA:2,(anonymous_28)
FNDA:2,factory
FNDA:2,(anonymous_30)
FNDA:0,writeFloat_f32_cpy
FNDA:0,writeFloat_f32_rev
FNDA:0,readFloat_f32_cpy
FNDA:0,readFloat_f32_rev
FNDA:0,(anonymous_35)
FNDA:0,writeFloat_ieee754
FNDA:0,readFloat_ieee754
FNDA:2,(anonymous_38)
FNDA:0,writeDouble_f64_cpy
FNDA:0,writeDouble_f64_rev
FNDA:0,readDouble_f64_cpy
FNDA:0,readDouble_f64_rev
FNDA:0,(anonymous_43)
FNDA:0,writeDouble_ieee754
FNDA:0,readDouble_ieee754
FNDA:0,writeUintLE
FNDA:0,writeUintBE
FNDA:0,readUintLE
FNDA:0,readUintBE
FNDA:2,(anonymous_50)
FNDA:8,inquire
FNDA:2,(anonymous_52)
FNDA:0,isAbsolute
FNDA:0,normalize
FNDA:0,resolve
FNDA:2,(anonymous_56)
FNDA:2,pool
FNDA:5,pool_alloc
FNDA:2,(anonymous_59)
FNDA:2,utf8_length
FNDA:1,utf8_read
FNDA:2,utf8_write
FNDA:2,(anonymous_63)
FNDA:12,common
FNDA:0,get
FNDA:2,(anonymous_66)
FNDA:0,genValuePartial_fromObject
FNDA:0,fromObject
FNDA:0,genValuePartial_toObject
FNDA:0,toObject
FNDA:2,(anonymous_71)
FNDA:0,missing
FNDA:0,decoder
FNDA:0,(anonymous_74)
FNDA:2,(anonymous_75)
FNDA:0,genTypePartial
FNDA:0,encoder
FNDA:2,(anonymous_78)
FNDA:0,Enum
FNDA:0,fromJSON
FNDA:0,toJSON
FNDA:0,add
FNDA:0,remove
FNDA:0,isReservedId
FNDA:0,isReservedName
FNDA:2,(anonymous_86)
FNDA:0,fromJSON
FNDA:0,Field
FNDA:0,(anonymous_89)
FNDA:0,setOption
FNDA:0,toJSON
FNDA:0,resolve
FNDA:0,decorateField
FNDA:0,fieldDecorator
FNDA:2,configure
FNDA:2,(anonymous_96)
FNDA:0,load
FNDA:0,loadSync
FNDA:2,(anonymous_99)
FNDA:2,(anonymous_100)
FNDA:2,(anonymous_101)
FNDA:0,MapField
FNDA:0,fromJSON
FNDA:0,toJSON
FNDA:0,resolve
FNDA:0,decorateMapField
FNDA:0,mapFieldDecorator
FNDA:2,(anonymous_108)
FNDA:0,Message
FNDA:0,create
FNDA:0,encode
FNDA:0,encodeDelimited
FNDA:0,decode
FNDA:0,decodeDelimited
FNDA:0,verify
FNDA:0,fromObject
FNDA:0,toObject
FNDA:0,toJSON
FNDA:2,(anonymous_119)
FNDA:0,Method
FNDA:0,fromJSON
FNDA:0,toJSON
FNDA:0,resolve
FNDA:2,(anonymous_124)
FNDA:0,fromJSON
FNDA:0,arrayToJSON
FNDA:0,isReservedId
FNDA:0,isReservedName
FNDA:0,Namespace
FNDA:0,clearCache
FNDA:0,(anonymous_131)
FNDA:0,toJSON
FNDA:0,addJSON
FNDA:0,get
FNDA:0,getEnum
FNDA:0,add
FNDA:0,remove
FNDA:0,define
FNDA:0,resolveAll
FNDA:0,lookup
FNDA:0,lookupType
FNDA:0,lookupEnum
FNDA:0,lookupTypeOrEnum
FNDA:0,lookupService
FNDA:2,(anonymous_145)
FNDA:2,(anonymous_146)
FNDA:0,ReflectionObject
FNDA:0,(anonymous_148)
FNDA:0,(anonymous_149)
FNDA:0,onAdd
FNDA:0,onRemove
FNDA:0,resolve
FNDA:0,getOption
FNDA:0,setOption
FNDA:0,setOptions
FNDA:0,toString
FNDA:2,(anonymous_157)
FNDA:2,(anonymous_158)
FNDA:0,OneOf
FNDA:0,fromJSON
FNDA:0,toJSON
FNDA:0,addFieldsToParent
FNDA:0,add
FNDA:0,remove
FNDA:0,onAdd
FNDA:0,onRemove
FNDA:0,decorateOneOf
FNDA:0,oneOfDecorator
FNDA:2,(anonymous_169)
FNDA:0,parse
FNDA:0,(anonymous_171)
FNDA:0,readString
FNDA:0,readValue
FNDA:0,readRanges
FNDA:0,parseNumber
FNDA:0,parseId
FNDA:0,parsePackage
FNDA:0,parseImport
FNDA:0,parseSyntax
FNDA:0,parseCommon
FNDA:0,ifBlock
FNDA:0,parseType
FNDA:0,parseType_block
FNDA:0,parseField
FNDA:0,parseField_block
FNDA:0,parseField_line
FNDA:0,parseGroup
FNDA:0,parseGroup_block
FNDA:0,parseMapField
FNDA:0,parseMapField_block
FNDA:0,parseMapField_line
FNDA:0,parseOneOf
FNDA:0,parseOneOf_block
FNDA:0,parseEnum
FNDA:0,parseEnum_block
FNDA:0,parseEnumValue
FNDA:0,parseEnumValue_block
FNDA:0,parseEnumValue_line
FNDA:0,parseOption
FNDA:0,parseOptionValue
FNDA:0,setOption
FNDA:0,parseInlineOptions
FNDA:0,parseService
FNDA:0,parseService_block
FNDA:0,parseMethod
FNDA:0,parseMethod_block
FNDA:0,parseExtension
FNDA:0,parseExtension_block
FNDA:2,(anonymous_209)
FNDA:5,Reader
FNDA:5,create_typed_array
FNDA:0,create_buffer_setup
FNDA:0,create_buffer
FNDA:2,read_uint32_setup
FNDA:12,read_uint32
FNDA:0,read_int32
FNDA:0,read_sint32
FNDA:0,readLongVarint
FNDA:0,read_bool
FNDA:0,readFixed32_end
FNDA:0,read_fixed32
FNDA:0,read_sfixed32
FNDA:0,readFixed64
FNDA:0,read_float
FNDA:0,read_double
FNDA:1,read_bytes
FNDA:1,read_string
FNDA:0,skip
FNDA:0,(anonymous_229)
FNDA:2,(anonymous_230)
FNDA:0,read_int64
FNDA:0,read_uint64
FNDA:0,read_sint64
FNDA:0,read_fixed64
FNDA:0,read_sfixed64
FNDA:2,(anonymous_236)
FNDA:0,BufferReader
FNDA:0,read_string_buffer
FNDA:2,(anonymous_239)
FNDA:0,Root
FNDA:0,fromJSON
FNDA:0,load
FNDA:0,finish
FNDA:0,process
FNDA:0,fetch
FNDA:0,(anonymous_246)
FNDA:0,(anonymous_247)
FNDA:0,loadSync
FNDA:0,resolveAll
FNDA:0,(anonymous_250)
FNDA:0,tryHandleExtension
FNDA:0,_handleAdd
FNDA:0,_handleRemove
FNDA:4,(anonymous_254)
FNDA:2,(anonymous_255)
FNDA:2,(anonymous_256)
FNDA:2,(anonymous_257)
FNDA:0,Service
FNDA:0,rpcCall
FNDA:0,(anonymous_260)
FNDA:0,rpcCallback
FNDA:0,(anonymous_262)
FNDA:0,end
FNDA:2,(anonymous_264)
FNDA:0,Service
FNDA:0,fromJSON
FNDA:0,toJSON
FNDA:0,(anonymous_268)
FNDA:0,clearCache
FNDA:0,get
FNDA:0,resolveAll
FNDA:0,add
FNDA:0,remove
FNDA:0,create
FNDA:2,(anonymous_275)
FNDA:0,unescape
FNDA:0,(anonymous_277)
FNDA:0,tokenize
FNDA:0,readString
FNDA:0,charAt
FNDA:0,setComment
FNDA:0,next
FNDA:0,push
FNDA:0,peek
FNDA:0,skip
FNDA:0,cmnt
FNDA:0,(anonymous_287)
FNDA:2,(anonymous_288)
FNDA:0,Type
FNDA:0,(anonymous_290)
FNDA:0,(anonymous_291)
FNDA:0,(anonymous_292)
FNDA:0,(anonymous_293)
FNDA:0,(anonymous_294)
FNDA:0,generateConstructor
FNDA:0,clearCache
FNDA:0,fromJSON
FNDA:0,toJSON
FNDA:0,(anonymous_299)
FNDA:0,resolveAll
FNDA:0,get
FNDA:0,add
FNDA:0,remove
FNDA:0,isReservedId
FNDA:0,isReservedName
FNDA:0,create
FNDA:0,setup
FNDA:0,encode_setup
FNDA:0,encodeDelimited
FNDA:0,decode_setup
FNDA:0,decodeDelimited
FNDA:0,verify_setup
FNDA:0,fromObject
FNDA:0,toObject
FNDA:0,decorateType
FNDA:0,typeDecorator
FNDA:2,(anonymous_317)
FNDA:10,bake
FNDA:2,(anonymous_319)
FNDA:0,toArray
FNDA:0,toObject
FNDA:0,isReserved
FNDA:0,safeProp
FNDA:0,ucFirst
FNDA:0,camelCase
FNDA:0,(anonymous_326)
FNDA:0,compareFieldsById
FNDA:0,decorateType
FNDA:0,decorateEnum
FNDA:0,(anonymous_330)
FNDA:2,(anonymous_331)
FNDA:2,LongBits
FNDA:0,(anonymous_333)
FNDA:0,(anonymous_334)
FNDA:0,(anonymous_335)
FNDA:0,fromNumber
FNDA:0,from
FNDA:0,toNumber
FNDA:0,toLong
FNDA:0,fromHash
FNDA:0,toHash
FNDA:0,zzEncode
FNDA:0,zzDecode
FNDA:0,length
FNDA:2,(anonymous_345)
FNDA:4,isString
FNDA:0,isObject
FNDA:0,isSet
FNDA:2,(anonymous_349)
FNDA:0,newBuffer
FNDA:0,longToHash
FNDA:0,longFromHash
FNDA:2,merge
FNDA:0,lcFirst
FNDA:2,newError
FNDA:0,CustomError
FNDA:0,(anonymous_357)
FNDA:0,(anonymous_358)
FNDA:0,toString
FNDA:0,getOneOf
FNDA:0,(anonymous_361)
FNDA:0,setOneOf
FNDA:0,(anonymous_363)
FNDA:2,(anonymous_364)
FNDA:2,(anonymous_365)
FNDA:0,invalid
FNDA:0,genVerifyValue
FNDA:0,genVerifyKey
FNDA:0,verifier
FNDA:2,(anonymous_370)
FNDA:0,(anonymous_371)
FNDA:0,(anonymous_372)
FNDA:2,(anonymous_373)
FNDA:8,Op
FNDA:1,State
FNDA:5,Writer
FNDA:0,create_buffer_setup
FNDA:0,create_buffer
FNDA:3,alloc
FNDA:2,push
FNDA:0,writeByte
FNDA:18,writeVarint32
FNDA:18,VarintOp
FNDA:18,write_uint32
FNDA:1,write_int32
FNDA:0,write_sint32
FNDA:0,writeVarint64
FNDA:0,write_uint64
FNDA:0,write_sint64
FNDA:0,write_bool
FNDA:0,writeFixed32
FNDA:0,write_fixed32
FNDA:0,write_fixed64
FNDA:0,write_float
FNDA:0,write_double
FNDA:0,writeBytes_set
FNDA:0,write_bytes
FNDA:2,write_string
FNDA:1,fork
FNDA:1,reset
FNDA:1,ldelim
FNDA:5,finish
FNDA:2,(anonymous_403)
FNDA:2,(anonymous_404)
FNDA:0,BufferWriter
FNDA:0,alloc_buffer
FNDA:0,writeBytesBuffer_set
FNDA:0,write_bytes_buffer
FNDA:0,writeStringBuffer
FNDA:0,write_string_buffer
DA:7,2
DA:8,2
DA:16,254
DA:17,254
DA:18,94
DA:19,246
DA:23,2
DA:26,2
DA:27,0
DA:28,0
DA:29,0
DA:30,0
DA:32,0
DA:36,2
DA:37,2
DA:42,2
DA:62,0
DA:63,0
DA:64,0
DA:65,0
DA:66,0
DA:67,0
DA:68,0
DA:69,0
DA:70,0
DA:71,0
DA:72,0
DA:73,0
DA:75,0
DA:76,0
DA:77,0
DA:78,0
DA:79,0
DA:83,0
DA:84,0
DA:86,0
DA:87,0
DA:88,0
DA:102,2
DA:109,2
DA:110,0
DA:111,0
DA:112,0
DA:113,0
DA:114,0
DA:115,0
DA:116,0
DA:120,2
DA:123,2
DA:126,2
DA:127,128
DA:136,2
DA:137,0
DA:138,0
DA:139,0
DA:140,0
DA:142,0
DA:143,0
DA:144,0
DA:146,0
DA:147,0
DA:148,0
DA:149,0
DA:151,0
DA:152,0
DA:153,0
DA:154,0
DA:156,0
DA:157,0
DA:158,0
DA:159,0
DA:161,0
DA:162,0
DA:163,0
DA:166,0
DA:167,0
DA:168,0
DA:169,0
DA:170,0
DA:172,0
DA:173,0
DA:174,0
DA:175,0
DA:177,0
DA:180,2
DA:190,2
DA:191,0
DA:192,0
DA:194,0
DA:195,0
DA:196,0
DA:197,0
DA:198,0
DA:199,0
DA:200,0
DA:202,0
DA:203,0
DA:204,0
DA:206,0
DA:207,0
DA:208,0
DA:209,0
DA:211,0
DA:212,0
DA:213,0
DA:214,0
DA:216,0
DA:217,0
DA:218,0
DA:221,0
DA:222,0
DA:223,0
DA:231,2
DA:232,0
DA:237,2
DA:249,0
DA:254,0
DA:270,0
DA:271,0
DA:272,0
DA:273,0
DA:274,0
DA:275,0
DA:276,0
DA:277,0
DA:278,0
DA:279,0
DA:280,0
DA:281,0
DA:282,0
DA:284,0
DA:285,0
DA:287,0
DA:291,0
DA:292,0
DA:293,0
DA:294,0
DA:295,0
DA:296,0
DA:297,0
DA:298,0
DA:299,0
DA:300,0
DA:301,0
DA:302,0
DA:304,0
DA:306,0
DA:307,0
DA:308,0
DA:309,0
DA:313,0
DA:316,0
DA:317,0
DA:334,2
DA:338,2
DA:353,0
DA:363,2
DA:364,0
DA:368,0
DA:377,2
DA:378,0
DA:379,0
DA:381,0
DA:382,0
DA:384,0
DA:385,0
DA:386,0
DA:387,0
DA:389,0
DA:392,0
DA:401,2
DA:402,0
DA:403,0
DA:404,0
DA:405,0
DA:406,0
DA:407,0
DA:408,0
DA:409,0
DA:411,0
DA:416,2
DA:418,2
DA:419,2
DA:421,2
DA:449,0
DA:450,0
DA:451,0
DA:452,0
DA:453,0
DA:455,0
DA:456,0
DA:459,0
DA:460,0
DA:461,0
DA:469,0
DA:493,2
DA:494,0
DA:495,0
DA:497,0
DA:498,0
DA:503,0
DA:504,0
DA:508,0
DA:509,0
DA:510,0
DA:511,0
DA:512,0
DA:513,0
DA:515,0
DA:517,0
DA:520,0
DA:522,0
DA:523,0
DA:524,0
DA:527,0
DA:528,0
DA:534,2
DA:622,2
DA:624,2
DA:625,2
DA:626,2
DA:629,0
DA:630,0
DA:631,0
DA:632,0
DA:633,0
DA:637,0
DA:638,0
DA:639,0
DA:640,0
DA:641,0
DA:650,0
DA:651,0
DA:652,0
DA:653,0
DA:654,0
DA:658,0
DA:659,0
DA:660,0
DA:661,0
DA:662,0
DA:671,0
DA:674,0
DA:675,0
DA:676,0
DA:677,0
DA:678,0
DA:679,0
DA:680,0
DA:681,0
DA:682,0
DA:683,0
DA:684,0
DA:686,0
DA:687,0
DA:688,0
DA:692,0
DA:693,0
DA:696,0
DA:697,0
DA:698,0
DA:699,0
DA:700,0
DA:709,0
DA:710,0
DA:715,2
DA:717,2
DA:718,2
DA:719,2
DA:722,0
DA:723,0
DA:724,0
DA:725,0
DA:726,0
DA:727,0
DA:728,0
DA:729,0
DA:730,0
DA:734,0
DA:735,0
DA:736,0
DA:737,0
DA:738,0
DA:739,0
DA:740,0
DA:741,0
DA:742,0
DA:751,0
DA:752,0
DA:753,0
DA:754,0
DA:755,0
DA:756,0
DA:757,0
DA:758,0
DA:759,0
DA:763,0
DA:764,0
DA:765,0
DA:766,0
DA:767,0
DA:768,0
DA:769,0
DA:770,0
DA:771,0
DA:780,0
DA:783,0
DA:784,0
DA:785,0
DA:786,0
DA:787,0
DA:788,0
DA:789,0
DA:790,0
DA:791,0
DA:792,0
DA:793,0
DA:794,0
DA:797,0
DA:798,0
DA:799,0
DA:800,0
DA:802,0
DA:803,0
DA:804,0
DA:805,0
DA:806,0
DA:807,0
DA:812,0
DA:813,0
DA:816,0
DA:817,0
DA:818,0
DA:819,0
DA:820,0
DA:821,0
DA:830,0
DA:831,0
DA:835,2
DA:841,0
DA:842,0
DA:843,0
DA:844,0
DA:848,0
DA:849,0
DA:850,0
DA:851,0
DA:855,0
DA:862,0
DA:870,2
DA:879,8
DA:880,8
DA:881,0
DA:882,0
DA:884,8
DA:895,2
DA:903,2
DA:904,0
DA:913,2
DA:914,0
DA:916,0
DA:917,0
DA:918,0
DA:919,0
DA:920,0
DA:921,0
DA:922,0
DA:923,0
DA:924,0
DA:925,0
DA:926,0
DA:928,0
DA:929,0
DA:930,0
DA:932,0
DA:934,0
DA:944,2
DA:945,0
DA:946,0
DA:947,0
DA:948,0
DA:949,0
DA:950,0
DA:951,0
DA:956,2
DA:986,2
DA:987,2
DA:988,2
DA:989,2
DA:990,2
DA:991,5
DA:992,1
DA:993,4
DA:994,2
DA:995,2
DA:997,4
DA:998,4
DA:999,4
DA:1000,4
DA:1012,2
DA:1019,2
DA:1020,2
DA:1021,2
DA:1022,2
DA:1023,10
DA:1024,10
DA:1025,10
DA:1026,0
DA:1027,0
DA:1028,0
DA:1029,0
DA:1030,0
DA:1032,0
DA:1034,2
DA:1044,2
DA:1045,1
DA:1046,1
DA:1047,0
DA:1048,1
DA:1049,1
DA:1050,1
DA:1052,1
DA:1053,5
DA:1054,5
DA:1055,5
DA:1056,0
DA:1057,0
DA:1058,0
DA:1059,0
DA:1060,0
DA:1061,0
DA:1063,0
DA:1064,5
DA:1065,0
DA:1066,0
DA:1069,1
DA:1070,0
DA:1071,0
DA:1072,0
DA:1074,1
DA:1084,2
DA:1085,2
DA:1088,2
DA:1089,10
DA:1090,10
DA:1091,10
DA:1092,0
DA:1093,0
DA:1094,0
DA:1095,0
DA:1096,0
DA:1097,0
DA:1098,0
DA:1099,0
DA:1100,0
DA:1101,0
DA:1103,0
DA:1104,0
DA:1105,0
DA:1108,2
DA:1113,2
DA:1115,2
DA:1137,12
DA:1138,12
DA:1139,12
DA:1141,12
DA:1154,2
DA:1180,2
DA:1204,2
DA:1217,2
DA:1229,2
DA:1326,2
DA:1487,2
DA:1488,0
DA:1497,2
DA:1499,2
DA:1500,2
DA:1513,0
DA:1514,0
DA:1515,0
DA:1517,0
DA:1518,0
DA:1520,0
DA:1525,0
DA:1527,0
DA:1532,0
DA:1533,0
DA:1535,0
DA:1537,0
DA:1539,0
DA:1541,0
DA:1544,0
DA:1546,0
DA:1548,0
DA:1553,0
DA:1562,0
DA:1563,0
DA:1568,0
DA:1569,0
DA:1571,0
DA:1572,0
DA:1574,0
DA:1580,0
DA:1589,2
DA:1591,0
DA:1592,0
DA:1595,0
DA:1597,0
DA:1599,0
DA:1600,0
DA:1601,0
DA:1604,0
DA:1605,0
DA:1611,0
DA:1616,0
DA:1617,0
DA:1623,0
DA:1629,0
DA:1631,0
DA:1632,0
DA:1635,0
DA:1651,0
DA:1652,0
DA:1654,0
DA:1657,0
DA:1658,0
DA:1660,0
DA:1662,0
DA:1664,0
DA:1669,0
DA:1674,0
DA:1675,0
DA:1677,0
DA:1678,0
DA:1680,0
DA:1683,0
DA:1692,2
DA:1694,0
DA:1695,0
DA:1696,0
DA:1697,0
DA:1702,0
DA:1703,0
DA:1704,0
DA:1705,0
DA:1706,0
DA:1707,0
DA:1708,0
DA:1712,0
DA:1713,0
DA:1715,0
DA:1717,0
DA:1721,0
DA:1722,0
DA:1724,0
DA:1726,0
DA:1730,0
DA:1731,0
DA:1733,0
DA:1734,0
DA:1735,0
DA:1736,0
DA:1738,0
DA:1744,0
DA:1746,0
DA:1748,0
DA:1751,0
DA:1752,0
DA:1753,0
DA:1754,0
DA:1755,0
DA:1756,0
DA:1757,0
DA:1758,0
DA:1760,0
DA:1764,0
DA:1766,0
DA:1767,0
DA:1771,0
DA:1774,0
DA:1776,0
DA:1777,0
DA:1781,0
DA:1784,0
DA:1791,2
DA:1793,2
DA:1794,2
DA:1795,2
DA:1798,0
DA:1808,0
DA:1811,0
DA:1814,0
DA:1817,0
DA:1820,0
DA:1821,0
DA:1822,0
DA:1823,0
DA:1824,0
DA:1828,0
DA:1829,0
DA:1835,0
DA:1836,0
DA:1838,0
DA:1841,0
DA:1843,0
DA:1848,0
DA:1849,0
DA:1855,0
DA:1863,0
DA:1866,0
DA:1870,0
DA:1873,0
DA:1875,0
DA:1878,0
DA:1887,0
DA:1888,0
DA:1889,0
DA:1894,0
DA:1901,2
DA:1903,2
DA:1904,2
DA:1905,2
DA:1917,0
DA:1929,0
DA:1936,0
DA:1938,0
DA:1939,0
DA:1940,0
DA:1941,0
DA:1942,0
DA:1943,0
DA:1946,0
DA:1947,0
DA:1951,0
DA:1953,0
DA:1955,0
DA:1960,0
DA:1961,0
DA:1965,0
DA:1966,0
DA:1975,0
DA:1978,0
DA:1979,0
DA:1980,0
DA:1983,0
DA:1988,0
DA:1991,0
DA:1992,0
DA:1993,0
DA:1999,0
DA:2005,2
DA:2008,2
DA:2009,2
DA:2011,2
DA:2012,2
DA:2024,0
DA:2026,0
DA:2027,0
DA:2033,0
DA:2039,0
DA:2045,0
DA:2051,0
DA:2057,0
DA:2058,0
DA:2059,0
DA:2060,0
DA:2077,2
DA:2078,0
DA:2079,0
DA:2080,0
DA:2087,2
DA:2088,0
DA:2104,2
DA:2107,0
DA:2108,0
DA:2110,0
DA:2111,0
DA:2113,0
DA:2114,0
DA:2116,0
DA:2117,0
DA:2119,0
DA:2120,0
DA:2122,0
DA:2123,0
DA:2124,0
DA:2125,0
DA:2127,0
DA:2129,0
DA:2130,0
DA:2140,2
DA:2142,0
DA:2143,0
DA:2145,0
DA:2146,0
DA:2147,0
DA:2149,0
DA:2150,0
DA:2151,0
DA:2153,0
DA:2161,2
DA:2162,0
DA:2170,2
DA:2171,0
DA:2176,2
DA:2179,2
DA:2180,2
DA:2182,2
DA:2183,2
DA:2184,2
DA:2188,2
DA:2211,2
DA:2212,0
DA:2230,0
DA:2231,0
DA:2232,0
DA:2233,0
DA:2234,0
DA:2235,0
DA:2238,0
DA:2240,0
DA:2241,0
DA:2243,0
DA:2244,0
DA:2246,0
DA:2247,0
DA:2249,0
DA:2250,0
DA:2256,0
DA:2262,0
DA:2268,0
DA:2274,0
DA:2280,0
DA:2286,0
DA:2292,0
DA:2298,0
DA:2304,0
DA:2310,0
DA:2316,0
DA:2322,0
DA:2328,0
DA:2334,0
DA:2340,0
DA:2346,0
DA:2352,0
DA:2359,0
DA:2368,2
DA:2371,0
DA:2372,0
DA:2373,0
DA:2380,2
DA:2381,0
DA:2382,0
DA:2383,0
DA:2406,2
DA:2407,0
DA:2421,2
DA:2423,0
DA:2424,0
DA:2426,0
DA:2427,0
DA:2428,0
DA:2429,0
DA:2431,0
DA:2435,0
DA:2436,0
DA:2437,0
DA:2438,0
DA:2442,0
DA:2443,0
DA:2444,0
DA:2445,0
DA:2446,0
DA:2450,0
DA:2451,0
DA:2454,0
DA:2455,0
DA:2457,0
DA:2459,0
DA:2460,0
DA:2462,0
DA:2463,0
DA:2467,0
DA:2468,0
DA:2469,0
DA:2470,0
DA:2472,0
DA:2475,0
DA:2476,0
DA:2478,0
DA:2501,2
DA:2504,0
DA:2505,0
DA:2508,0
DA:2509,0
DA:2511,0
DA:2512,0
DA:2530,2
DA:2531,2
DA:2536,2
DA:2538,2
DA:2558,0
DA:2559,0
DA:2560,0
DA:2561,0
DA:2562,0
DA:2563,0
DA:2590,2
DA:2601,0
DA:2602,0
DA:2603,0
DA:2606,2
DA:2609,2
DA:2610,2
DA:2611,2
DA:2612,2
DA:2615,2
DA:2616,2
DA:2617,2
DA:2618,2
DA:2619,2
DA:2620,2
DA:2621,2
DA:2622,2
DA:2623,2
DA:2624,2
DA:2627,2
DA:2628,2
DA:2631,2
DA:2632,2
DA:2635,2
DA:2636,2
DA:2637,2
DA:2638,2
DA:2642,2
DA:2650,2
DA:2653,2
DA:2654,2
DA:2655,2
DA:2656,2
DA:2659,2
DA:2660,2
DA:2661,2
DA:2662,2
DA:2675,2
DA:2676,2
DA:2680,2
DA:2682,2
DA:2685,2
DA:2686,2
DA:2687,2
DA:2690,2
DA:2694,2
DA:2697,2
DA:2698,2
DA:2700,2
DA:2701,2
DA:2715,0
DA:2718,0
DA:2725,0
DA:2731,0
DA:2734,0
DA:2758,2
DA:2759,0
DA:2766,2
DA:2767,0
DA:2779,2
DA:2780,0
DA:2781,0
DA:2784,0
DA:2785,0
DA:2787,0
DA:2800,2
DA:2803,0
DA:2804,0
DA:2807,0
DA:2808,0
DA:2810,0
DA:2811,0
DA:2818,2
DA:2820,2
DA:2831,0
DA:2832,0
DA:2833,0
DA:2859,2
DA:2860,0
DA:2871,2
DA:2872,0
DA:2883,2
DA:2884,0
DA:2896,2
DA:2897,0
DA:2909,2
DA:2910,0
DA:2920,2
DA:2921,0
DA:2931,2
DA:2932,0
DA:2943,2
DA:2944,0
DA:2951,2
DA:2952,0
DA:2958,2
DA:2961,2
DA:2962,2
DA:2964,2
DA:2991,0
DA:2995,0
DA:2999,0
DA:3002,0
DA:3008,0
DA:3014,0
DA:3020,0
DA:3026,0
DA:3032,0
DA:3038,0
DA:3044,0
DA:3065,2
DA:3066,0
DA:3073,2
DA:3074,0
DA:3087,2
DA:3090,0
DA:3093,0
DA:3094,0
DA:3096,0
DA:3101,2
DA:3104,2
DA:3105,2
DA:3107,2
DA:3108,2
DA:3109,2
DA:3133,2
DA:3134,0
DA:3144,0
DA:3145,0
DA:3146,0
DA:3147,0
DA:3148,0
DA:3149,0
DA:3152,2
DA:3160,2
DA:3161,0
DA:3162,0
DA:3163,0
DA:3164,0
DA:3165,0
DA:3174,2
DA:3175,0
DA:3176,0
DA:3177,0
DA:3178,0
DA:3179,0
DA:3194,0
DA:3200,0
DA:3207,0
DA:3211,0
DA:3212,0
DA:3221,2
DA:3223,0
DA:3251,2
DA:3252,0
DA:3263,2
DA:3264,0
DA:3266,0
DA:3267,0
DA:3268,0
DA:3269,0
DA:3282,0
DA:3290,2
DA:3291,0
DA:3302,2
DA:3303,0
DA:3304,0
DA:3305,0
DA:3315,2
DA:3317,0
DA:3318,0
DA:3320,0
DA:3321,0
DA:3323,0
DA:3324,0
DA:3325,0
DA:3327,0
DA:3328,0
DA:3329,0
DA:3330,0
DA:3331,0
DA:3332,0
DA:3333,0
DA:3336,0
DA:3339,0
DA:3340,0
DA:3341,0
DA:3351,2
DA:3353,0
DA:3354,0
DA:3355,0
DA:3356,0
DA:3358,0
DA:3359,0
DA:3360,0
DA:3362,0
DA:3363,0
DA:3372,2
DA:3374,0
DA:3375,0
DA:3376,0
DA:3377,0
[...]
FNF:0
FNH:0
DA:1,2
DA:2,2
DA:3,2
DA:4,2
DA:5,2
DA:6,2
LF:6
LH:6
BRF:0
BRH:0
end_of_record
TN:
SF:/Users/mac/Documents/FrameworkSpace/EasyGameFrameworkOpen/packages/enet/src/net-node.ts
FN:6,(anonymous_0)
FN:11,(anonymous_2)
FN:18,(anonymous_3)
FN:25,(anonymous_4)
FN:81,(anonymous_5)
FN:102,(anonymous_6)
FN:140,(anonymous_7)
FN:163,(anonymous_8)
FN:177,(anonymous_9)
FN:196,(anonymous_10)
FN:200,(anonymous_11)
FN:226,(anonymous_12)
FN:239,(anonymous_13)
FN:242,(anonymous_14)
FN:253,(anonymous_15)
FN:264,(anonymous_16)
FN:297,(anonymous_17)
FN:311,(anonymous_18)
FN:327,(anonymous_19)
FN:342,(anonymous_20)
FN:351,(anonymous_21)
FN:366,(anonymous_22)
FN:379,(anonymous_23)
FN:415,(anonymous_24)
FN:421,(anonymous_25)
FN:443,(anonymous_26)
FN:466,(anonymous_27)
FN:474,(anonymous_28)
FN:495,(anonymous_29)
FN:510,(anonymous_30)
FN:522,(anonymous_31)
FN:532,(anonymous_32)
FN:534,(anonymous_34)
FN:537,(anonymous_35)
FN:540,(anonymous_36)
FN:543,(anonymous_37)
FN:546,(anonymous_38)
FN:549,(anonymous_39)
FN:6,NetNode
FN:442,(anonymous_50)
FN:465,(anonymous_51)
FN:473,(anonymous_52)
FN:494,(anonymous_53)
FN:509,(anonymous_54)
FN:521,(anonymous_55)
FN:531,(anonymous_56)
FN:533,(anonymous_58)
FN:536,(anonymous_59)
FN:539,(anonymous_60)
FN:542,(anonymous_61)
FN:545,(anonymous_62)
FN:548,(anonymous_63)
FNF:52
FNH:40
FNDA:18,(anonymous_0)
FNDA:10,(anonymous_2)
FNDA:0,(anonymous_3)
FNDA:3,(anonymous_4)
FNDA:17,(anonymous_5)
FNDA:17,(anonymous_6)
FNDA:23,(anonymous_7)
FNDA:8,(anonymous_8)
FNDA:11,(anonymous_9)
FNDA:4,(anonymous_10)
FNDA:1,(anonymous_11)
FNDA:2,(anonymous_12)
FNDA:11,(anonymous_13)
FNDA:5,(anonymous_14)
FNDA:3,(anonymous_15)
FNDA:1,(anonymous_16)
FNDA:1,(anonymous_17)
FNDA:3,(anonymous_18)
FNDA:3,(anonymous_19)
FNDA:2,(anonymous_20)
FNDA:2,(anonymous_21)
FNDA:0,(anonymous_22)
FNDA:3,(anonymous_23)
FNDA:1,(anonymous_24)
FNDA:3,(anonymous_25)
FNDA:13,(anonymous_26)
FNDA:1,(anonymous_27)
FNDA:7,(anonymous_28)
FNDA:16,(anonymous_29)
FNDA:5,(anonymous_30)
FNDA:3,(anonymous_31)
FNDA:18,(anonymous_32)
FNDA:2,(anonymous_34)
FNDA:2,(anonymous_35)
FNDA:5,(anonymous_36)
FNDA:10,(anonymous_37)
FNDA:3,(anonymous_38)
FNDA:7,(anonymous_39)
FNDA:1,NetNode
FNDA:1,(anonymous_50)
FNDA:0,(anonymous_51)
FNDA:2,(anonymous_52)
FNDA:0,(anonymous_53)
FNDA:0,(anonymous_54)
FNDA:0,(anonymous_55)
FNDA:1,(anonymous_56)
FNDA:0,(anonymous_58)
FNDA:0,(anonymous_59)
FNDA:0,(anonymous_60)
FNDA:0,(anonymous_61)
FNDA:0,(anonymous_62)
FNDA:0,(anonymous_63)
DA:1,2
DA:2,2
DA:3,2
DA:4,2
DA:6,2
DA:11,3
DA:12,10
DA:18,3
DA:19,0
DA:25,3
DA:26,3
DA:31,17
DA:56,17
DA:81,3
DA:82,17
DA:83,17
DA:91,17
DA:102,3
DA:103,17
DA:105,17
DA:106,17
DA:107,17
DA:109,17
DA:110,17
DA:111,17
DA:112,17
DA:113,17
DA:114,16
DA:119,1
DA:120,1
DA:121,0
DA:123,1
DA:124,0
DA:127,17
DA:128,17
DA:129,17
DA:131,17
DA:133,17
DA:134,17
DA:135,17
DA:136,17
DA:137,17
DA:140,3
DA:141,23
DA:143,23
DA:144,23
DA:145,16
DA:146,2
DA:151,16
DA:152,0
DA:154,16
DA:156,16
DA:157,16
DA:158,16
DA:160,7
DA:163,3
DA:164,8
DA:167,8
DA:168,0
DA:169,0
DA:171,8
DA:172,1
DA:173,1
DA:177,11
DA:178,11
DA:179,0
DA:181,11
DA:182,1
DA:183,1
DA:185,10
DA:186,5
DA:187,5
DA:189,10
DA:190,10
DA:192,10
DA:193,10
DA:194,10
DA:196,10
DA:197,4
DA:200,3
DA:208,1
DA:209,1
DA:210,1
DA:211,1
DA:212,1
DA:213,1
DA:219,1
DA:220,1
DA:221,1
DA:222,1
DA:223,1
DA:226,3
DA:227,2
DA:229,2
DA:237,2
DA:239,3
DA:240,11
DA:242,3
DA:246,5
DA:247,5
DA:248,3
DA:250,2
DA:253,3
DA:257,3
DA:258,3
DA:259,2
DA:261,1
DA:264,3
DA:265,1
DA:267,1
DA:268,0
DA:270,1
DA:272,1
DA:273,1
DA:274,1
DA:275,1
DA:276,2
DA:277,2
DA:278,2
DA:279,1
DA:280,1
DA:285,0
DA:287,2
DA:288,1
DA:289,1
DA:290,1
DA:292,1
DA:297,3
DA:298,1
DA:299,0
DA:300,0
DA:301,0
DA:303,1
DA:304,1
DA:311,3
DA:312,3
DA:313,0
DA:315,3
DA:316,3
DA:317,3
DA:318,3
DA:319,3
DA:320,3
DA:321,3
DA:327,3
DA:328,3
DA:330,3
DA:342,3
DA:343,2
DA:344,2
DA:345,2
DA:346,0
DA:348,2
DA:349,0
DA:351,2
DA:352,2
DA:353,2
DA:354,2
DA:355,2
DA:357,2
DA:366,3
DA:367,0
DA:368,0
DA:369,0
DA:371,0
DA:372,0
DA:379,3
DA:380,3
DA:381,0
DA:384,3
DA:386,1
DA:387,1
DA:388,1
DA:389,1
DA:390,1
DA:392,2
DA:394,2
DA:395,2
DA:396,2
DA:397,1
DA:398,1
DA:399,0
DA:401,2
DA:402,2
DA:403,2
DA:404,4
DA:408,3
DA:409,3
DA:415,3
DA:416,1
DA:421,2
DA:422,3
DA:423,3
DA:424,3
DA:425,3
DA:427,0
DA:435,0
DA:436,0
DA:442,1
DA:443,2
DA:444,13
DA:445,2
DA:446,1
DA:447,11
DA:448,11
DA:449,11
DA:450,11
DA:451,2
DA:454,1
DA:455,2
DA:456,0
DA:457,9
DA:458,9
DA:465,1
DA:466,2
DA:467,1
DA:468,1
DA:473,1
DA:474,2
DA:475,7
DA:476,7
DA:477,7
DA:478,7
DA:479,7
DA:480,0
DA:481,0
DA:482,2
DA:483,7
DA:484,0
DA:486,2
DA:487,7
DA:488,0
DA:494,1
DA:495,2
DA:496,16
DA:497,16
DA:498,2
DA:499,2
DA:500,0
DA:501,14
DA:509,1
DA:510,2
DA:511,5
DA:512,4
DA:513,1
DA:514,1
DA:521,1
DA:522,5
DA:523,3
DA:524,3
DA:525,3
DA:526,3
DA:527,3
DA:528,3
DA:530,1
DA:531,2
DA:532,2
DA:533,1
DA:534,2
DA:535,2
DA:536,1
DA:537,2
DA:538,2
DA:539,1
DA:540,2
DA:541,5
DA:542,1
DA:543,2
DA:544,10
DA:545,1
DA:546,2
DA:547,3
DA:548,1
DA:549,2
DA:550,7
DA:551,7
DA:552,0
DA:553,7
DA:554,3
DA:555,3
DA:561,0
DA:562,4
DA:563,2
DA:564,0
DA:565,4
DA:570,1
DA:571,2
LF:287
LH:253
BRDA:82,0,0,17
BRDA:82,0,1,0
BRDA:103,1,0,0
BRDA:103,1,1,17
BRDA:105,2,0,1
BRDA:105,2,1,16
BRDA:105,3,0,17
BRDA:105,3,1,16
BRDA:106,4,0,2
BRDA:106,4,1,15
BRDA:106,5,0,17
BRDA:106,5,1,16
BRDA:108,6,0,16
BRDA:108,6,1,1
BRDA:108,7,0,17
BRDA:108,7,1,16
BRDA:112,8,0,17
BRDA:112,8,1,16
BRDA:113,9,0,16
BRDA:113,9,1,1
BRDA:120,10,0,0
BRDA:120,10,1,1
BRDA:123,11,0,0
BRDA:123,11,1,1
BRDA:127,12,0,0
BRDA:127,12,1,17
BRDA:127,13,0,17
BRDA:127,13,1,16
BRDA:128,14,0,17
BRDA:128,14,1,16
BRDA:143,15,0,23
BRDA:143,15,1,23
BRDA:143,15,2,23
BRDA:144,16,0,16
BRDA:144,16,1,7
BRDA:144,17,0,23
BRDA:144,17,1,23
BRDA:145,18,0,2
BRDA:145,18,1,14
BRDA:151,19,0,0
BRDA:151,19,1,16
BRDA:158,20,0,16
BRDA:158,20,1,0
BRDA:160,21,0,7
BRDA:160,21,1,0
BRDA:167,22,0,0
BRDA:167,22,1,8
BRDA:171,23,0,1
BRDA:171,23,1,7
BRDA:178,24,0,0
BRDA:178,24,1,11
BRDA:178,25,0,11
BRDA:178,25,1,11
BRDA:181,26,0,1
BRDA:181,26,1,10
BRDA:185,27,0,5
BRDA:185,27,1,5
BRDA:187,28,0,5
BRDA:187,28,1,0
BRDA:194,29,0,10
BRDA:194,29,1,10
BRDA:208,30,0,0
BRDA:208,30,1,1
BRDA:212,31,0,1
BRDA:212,31,1,0
BRDA:219,32,0,0
BRDA:219,32,1,1
BRDA:222,33,0,1
BRDA:222,33,1,0
BRDA:227,34,0,0
BRDA:227,34,1,2
BRDA:247,35,0,3
BRDA:247,35,1,2
BRDA:258,36,0,2
BRDA:258,36,1,1
BRDA:267,37,0,0
BRDA:267,37,1,1
BRDA:272,38,0,1
BRDA:272,38,1,0
BRDA:278,39,0,1
BRDA:278,39,1,1
BRDA:278,40,0,2
BRDA:278,40,1,2
BRDA:280,41,0,0
BRDA:280,41,1,1
BRDA:281,42,0,1
BRDA:281,42,1,0
BRDA:281,42,2,0
BRDA:281,42,3,0
BRDA:287,43,0,1
BRDA:287,43,1,1
BRDA:288,44,0,1
BRDA:288,44,1,0
BRDA:298,45,0,0
BRDA:298,45,1,1
BRDA:312,46,0,0
BRDA:312,46,1,3
BRDA:320,47,0,3
BRDA:320,47,1,0
BRDA:321,48,0,3
BRDA:321,48,1,3
BRDA:345,49,0,0
BRDA:345,49,1,2
BRDA:345,50,0,2
BRDA:345,50,1,2
BRDA:348,51,0,0
BRDA:348,51,1,2
BRDA:368,52,0,0
BRDA:368,52,1,0
BRDA:380,53,0,0
BRDA:380,53,1,3
BRDA:384,54,0,1
BRDA:384,54,1,2
BRDA:384,55,0,3
BRDA:384,55,1,1
BRDA:388,56,0,0
BRDA:388,56,1,1
BRDA:396,57,0,1
BRDA:396,57,1,1
BRDA:398,58,0,0
BRDA:398,58,1,1
BRDA:402,59,0,2
BRDA:402,59,1,0
BRDA:409,60,0,3
BRDA:409,60,1,0
BRDA:416,61,0,1
BRDA:416,61,1,1
BRDA:423,62,0,3
BRDA:423,62,1,3
BRDA:423,62,2,2
BRDA:424,63,0,3
BRDA:424,63,1,0
BRDA:424,64,0,3
BRDA:424,64,1,3
BRDA:430,65,0,0
BRDA:430,65,1,0
BRDA:431,66,0,0
BRDA:431,66,1,0
BRDA:444,67,0,2
BRDA:444,67,1,11
BRDA:450,68,0,2
BRDA:450,68,1,9
BRDA:450,69,0,11
BRDA:450,69,1,11
BRDA:457,70,0,9
BRDA:457,70,1,0
BRDA:458,71,0,9
BRDA:458,71,1,9
BRDA:468,72,0,1
BRDA:468,72,1,1
BRDA:478,73,0,7
BRDA:478,73,1,0
BRDA:483,74,0,0
BRDA:483,74,1,7
BRDA:484,75,0,0
BRDA:484,75,1,0
BRDA:487,76,0,0
BRDA:487,76,1,7
BRDA:497,77,0,2
BRDA:497,77,1,14
BRDA:501,78,0,14
BRDA:501,78,1,14
BRDA:511,79,0,4
BRDA:511,79,1,1
BRDA:513,80,0,1
BRDA:513,80,1,0
BRDA:514,81,0,1
BRDA:514,81,1,1
BRDA:515,82,0,1
BRDA:515,82,1,0
BRDA:522,83,0,2
BRDA:522,83,1,1
BRDA:523,84,0,3
BRDA:523,84,1,0
BRDA:528,85,0,3
BRDA:528,85,1,3
BRDA:553,86,0,3
BRDA:553,86,1,4
BRDA:556,87,0,3
BRDA:556,87,1,3
BRDA:559,88,0,3
BRDA:559,88,1,3
BRDA:562,89,0,2
BRDA:562,89,1,2
BRDA:424,90,0,0
BRDA:424,90,1,0
BRDA:429,91,0,0
BRDA:429,91,1,0
BRDA:430,92,0,0
BRDA:430,92,1,0
BRDA:443,93,0,0
BRDA:443,93,1,1
BRDA:449,94,0,1
BRDA:449,94,1,0
BRDA:449,95,0,1
BRDA:449,95,1,1
BRDA:456,96,0,0
BRDA:456,96,1,0
BRDA:457,97,0,0
BRDA:457,97,1,0
BRDA:467,98,0,0
BRDA:467,98,1,0
BRDA:477,99,0,2
BRDA:477,99,1,0
BRDA:482,100,0,0
BRDA:482,100,1,2
BRDA:483,101,0,0
BRDA:483,101,1,0
BRDA:486,102,0,0
BRDA:486,102,1,2
BRDA:496,103,0,0
BRDA:496,103,1,0
BRDA:500,104,0,0
BRDA:500,104,1,0
BRDA:510,105,0,0
BRDA:510,105,1,0
BRDA:512,106,0,0
BRDA:512,106,1,0
BRDA:513,107,0,0
BRDA:513,107,1,0
BRDA:514,108,0,0
BRDA:514,108,1,0
BRDA:521,109,0,0
BRDA:521,109,1,0
BRDA:522,110,0,0
BRDA:522,110,1,0
BRDA:527,111,0,0
BRDA:527,111,1,0
BRDA:552,112,0,0
BRDA:552,112,1,0
BRDA:555,113,0,0
BRDA:555,113,1,0
BRDA:558,114,0,0
BRDA:558,114,1,0
BRDA:561,115,0,0
BRDA:561,115,1,0
BRF:236
BRH:142
end_of_record
TN:
SF:/Users/mac/Documents/FrameworkSpace/EasyGameFrameworkOpen/packages/enet/src/pkg-type.ts
FN:1,(anonymous_0)
FNF:1
FNH:1
FNDA:4,(anonymous_0)
DA:1,4
DA:3,4
DA:5,4
DA:7,4
DA:9,4
DA:11,4
LF:6
LH:6
BRDA:1,0,0,4
BRDA:1,0,1,4
BRF:2
BRH:2
end_of_record
TN:
SF:/Users/mac/Documents/FrameworkSpace/EasyGameFrameworkOpen/packages/enet/src/socketStateType.ts
FN:1,(anonymous_0)
FNF:1
FNH:1
FNDA:3,(anonymous_0)
DA:1,3
DA:3,3
DA:5,3
DA:7,3
DA:9,3
LF:5
LH:5
BRDA:1,0,0,3
BRDA:1,0,1,3
BRF:2
BRH:2
end_of_record
TN:
SF:/Users/mac/Documents/FrameworkSpace/EasyGameFrameworkOpen/packages/enet/src/wsocket.ts
FN:3,(anonymous_0)
FN:6,(anonymous_2)
FN:9,(anonymous_3)
FN:12,(anonymous_4)
FN:15,(anonymous_5)
FN:40,(anonymous_6)
FN:48,(anonymous_7)
FN:3,WSocket
FNF:8
FNH:8
FNDA:24,(anonymous_0)
FNDA:73,(anonymous_2)
FNDA:19,(anonymous_3)
FNDA:23,(anonymous_4)
FNDA:22,(anonymous_5)
FNDA:12,(anonymous_6)
FNDA:12,(anonymous_7)
FNDA:1,WSocket
DA:1,2
DA:3,2
DA:6,3
DA:7,73
DA:9,3
DA:10,19
DA:12,3
DA:13,23
DA:15,3
DA:16,22
DA:17,22
DA:18,1
DA:19,1
DA:21,0
DA:24,22
DA:25,22
DA:26,3
DA:28,22
DA:29,22
DA:30,22
DA:31,19
DA:33,22
DA:34,22
DA:35,22
DA:36,22
DA:37,22
DA:40,3
DA:41,12
DA:42,12
DA:44,0
DA:48,3
DA:49,12
DA:50,12
DA:51,12
DA:52,12
DA:53,12
DA:54,12
DA:55,12
DA:56,12
DA:57,12
DA:58,8
DA:62,3
LF:42
LH:40
BRDA:7,0,0,46
BRDA:7,0,1,27
BRDA:10,1,0,19
BRDA:10,1,1,0
BRDA:17,2,0,1
BRDA:17,2,1,21
BRDA:18,3,0,1
BRDA:18,3,1,0
BRDA:18,4,0,1
BRDA:18,4,1,1
BRDA:19,5,0,0
BRDA:19,5,1,1
BRDA:25,6,0,3
BRDA:25,6,1,19
BRDA:28,7,0,22
BRDA:28,7,1,0
BRDA:30,8,0,19
BRDA:30,8,1,3
BRDA:34,9,0,22
BRDA:34,9,1,19
BRDA:34,10,0,0
BRDA:34,10,1,22
BRDA:34,11,0,22
BRDA:34,11,1,22
BRDA:34,12,0,0
BRDA:34,12,1,19
BRDA:34,13,0,19
BRDA:34,13,1,19
BRDA:35,14,0,22
BRDA:35,14,1,17
BRDA:35,15,0,0
BRDA:35,15,1,22
BRDA:35,16,0,22
BRDA:35,16,1,22
BRDA:35,17,0,0
BRDA:35,17,1,17
BRDA:35,18,0,17
BRDA:35,18,1,17
BRDA:36,19,0,22
BRDA:36,19,1,17
BRDA:36,20,0,0
BRDA:36,20,1,22
BRDA:36,21,0,22
BRDA:36,21,1,22
BRDA:36,22,0,0
BRDA:36,22,1,17
BRDA:36,23,0,17
BRDA:36,23,1,17
BRDA:37,24,0,22
BRDA:37,24,1,21
BRDA:37,25,0,0
BRDA:37,25,1,22
BRDA:37,26,0,22
BRDA:37,26,1,22
BRDA:37,27,0,0
BRDA:37,27,1,21
BRDA:37,28,0,21
BRDA:37,28,1,21
BRDA:41,29,0,12
BRDA:41,29,1,0
BRDA:49,30,0,12
BRDA:49,30,1,0
BRDA:57,31,0,8
BRDA:57,31,1,4
BRDA:58,32,0,8
BRDA:58,32,1,8
BRDA:58,33,0,0
BRDA:58,33,1,8
BRDA:58,34,0,8
BRDA:58,34,1,8
BRDA:58,35,0,0
BRDA:58,35,1,8
BRDA:58,36,0,8
BRDA:58,36,1,8
BRF:74
BRH:58
end_of_record
TN:
SF:/Users/mac/Documents/FrameworkSpace/EasyGameFrameworkOpen/packages/layer/__tests__/test-custom-layer-lmp.ts
FN:3,(anonymous_0)
FN:7,(anonymous_2)
FN:13,(anonymous_3)
FN:16,(anonymous_4)
FN:18,(anonymous_5)
FN:20,(anonymous_6)
FN:23,(anonymous_7)
FNF:7
FNH:3
FNDA:3,(anonymous_0)
FNDA:2,(anonymous_2)
FNDA:2,(anonymous_3)
FNDA:0,(anonymous_4)
FNDA:0,(anonymous_5)
FNDA:0,(anonymous_6)
FNDA:0,(anonymous_7)
DA:3,1
DA:7,1
DA:8,2
DA:9,2
DA:10,2
DA:13,1
DA:14,2
DA:16,1
DA:18,1
DA:20,1
DA:23,1
DA:28,1
LF:12
LH:12
BRDA:8,0,0,2
BRDA:8,0,1,0
BRF:2
BRH:1
end_of_record
TN:
SF:/Users/mac/Documents/FrameworkSpace/EasyGameFrameworkOpen/packages/layer/__tests__/test-layer-lmp.ts
FN:3,(anonymous_0)
FN:7,(anonymous_2)
FN:13,(anonymous_3)
FN:16,(anonymous_4)
FN:18,(anonymous_5)
FN:20,(anonymous_6)
FN:23,(anonymous_7)
FNF:7
FNH:7
FNDA:22,(anonymous_0)
FNDA:21,(anonymous_2)
FNDA:21,(anonymous_3)
FNDA:1,(anonymous_4)
FNDA:1,(anonymous_5)
FNDA:1,(anonymous_6)
FNDA:1,(anonymous_7)
DA:3,1
DA:7,1
DA:8,21
DA:9,21
DA:10,21
DA:13,1
DA:14,21
DA:16,1
DA:18,1
DA:20,1
DA:23,1
DA:28,1
LF:12
LH:12
BRDA:8,0,0,21
BRDA:8,0,1,0
BRF:2
BRH:1
end_of_record
TN:
SF:/Users/mac/Documents/FrameworkSpace/EasyGameFrameworkOpen/packages/layer/__tests__/test-layer-type.ts
FN:1,(anonymous_0)
FN:6,(anonymous_1)
FNF:2
FNH:2
FNDA:1,(anonymous_0)
FNDA:1,(anonymous_1)
DA:1,1
DA:2,1
DA:3,1
DA:4,1
DA:6,1
DA:7,1
DA:8,1
DA:9,1
DA:10,1
LF:9
LH:9
BRDA:1,0,0,1
BRDA:1,0,1,1
BRDA:6,1,0,1
BRDA:6,1,1,1
BRF:4
BRH:4
end_of_record
TN:
SF:/Users/mac/Documents/FrameworkSpace/EasyGameFrameworkOpen/packages/layer/__tests__/test-render-node.ts
FN:1,(anonymous_0)
FN:3,(anonymous_2)
FNF:2
FNH:2
FNDA:9,(anonymous_0)
FNDA:23,(anonymous_2)
DA:1,1
DA:2,8
DA:3,1
DA:5,23
DA:7,1
LF:5
LH:5
BRF:0
BRH:0
end_of_record
TN:
SF:/Users/mac/Documents/FrameworkSpace/EasyGameFrameworkOpen/packages/layer/src/layer-mgr.ts
FN:3,(anonymous_0)
FN:12,(anonymous_2)
FN:43,(anonymous_3)
FN:47,(anonymous_4)
FN:52,(anonymous_5)
FN:56,(anonymous_6)
FN:59,(anonymous_7)
FN:74,(anonymous_8)
FN:83,(anonymous_9)
FN:89,(anonymous_10)
FN:95,(anonymous_11)
FN:102,(anonymous_12)
FNF:12
FNH:12
FNDA:8,(anonymous_0)
FNDA:7,(anonymous_2)
FNDA:1,(anonymous_3)
FNDA:4,(anonymous_4)
FNDA:3,(anonymous_5)
FNDA:3,(anonymous_6)
FNDA:23,(anonymous_7)
FNDA:1,(anonymous_8)
FNDA:1,(anonymous_9)
FNDA:1,(anonymous_10)
FNDA:1,(anonymous_11)
FNDA:19,(anonymous_12)
DA:3,1
DA:12,1
DA:16,7
DA:17,7
DA:18,7
DA:19,7
DA:20,7
DA:26,7
DA:27,23
DA:28,23
DA:29,23
DA:30,23
DA:31,21
DA:33,23
DA:34,2
DA:36,21
DA:38,23
DA:39,23
DA:40,23
DA:43,1
DA:44,1
DA:45,1
DA:46,1
DA:47,1
DA:48,4
DA:52,1
DA:53,3
DA:56,1
DA:57,3
DA:59,1
DA:60,23
DA:61,7
DA:63,23
DA:64,23
DA:65,0
DA:66,0
DA:68,23
DA:69,23
DA:70,19
DA:72,23
DA:74,1
DA:75,1
DA:76,0
DA:78,1
DA:79,1
DA:80,1
DA:81,1
DA:83,1
DA:84,1
DA:85,1
DA:86,1
DA:89,1
DA:90,1
DA:91,1
DA:92,1
DA:95,1
DA:96,1
DA:97,1
DA:98,1
DA:102,1
DA:103,19
DA:104,19
DA:105,1
DA:107,19
DA:111,1
LF:65
LH:62
BRDA:16,0,0,6
BRDA:16,0,1,1
BRDA:30,1,0,21
BRDA:30,1,1,2
BRDA:33,2,0,2
BRDA:33,2,1,21
BRDA:33,3,0,23
BRDA:33,3,1,8
BRDA:44,4,0,0
BRDA:44,4,1,1
BRDA:46,5,0,1
BRDA:46,5,1,0
BRDA:60,6,0,7
BRDA:60,6,1,16
BRDA:64,7,0,0
BRDA:64,7,1,23
BRDA:69,8,0,19
BRDA:69,8,1,4
BRDA:75,9,0,0
BRDA:75,9,1,1
BRDA:75,10,0,1
BRDA:75,10,1,1
BRDA:79,11,0,1
BRDA:79,11,1,1
BRDA:85,12,0,1
BRDA:85,12,1,0
BRDA:91,13,0,1
BRDA:91,13,1,0
BRDA:97,14,0,1
BRDA:97,14,1,0
BRDA:104,15,0,1
BRDA:104,15,1,18
BRF:32
BRH:25
end_of_record
TN:
SF:/Users/mac/Documents/FrameworkSpace/EasyGameFrameworkOpen/packages/obj-pool/src/index.ts
FNF:0
FNH:0
DA:1,2
DA:2,2
DA:3,2
LF:3
LH:3
BRF:0
BRH:0
end_of_record
TN:
SF:/Users/mac/Documents/FrameworkSpace/EasyGameFrameworkOpen/packages/obj-pool/src/obj-pool-mgr.ts
FN:7,(anonymous_0)
FN:10,(anonymous_2)
FN:16,(anonymous_3)
FN:29,(anonymous_4)
FN:42,(anonymous_5)
FN:45,(anonymous_6)
FN:48,(anonymous_7)
FN:54,(anonymous_8)
FN:64,(anonymous_9)
FN:72,(anonymous_10)
FN:79,(anonymous_11)
FN:86,(anonymous_12)
FN:92,(anonymous_13)
FN:99,(anonymous_14)
FN:105,(anonymous_15)
FN:115,(anonymous_16)
FNF:16
FNH:15
FNDA:5,(anonymous_0)
FNDA:1,(anonymous_2)
FNDA:2,(anonymous_3)
FNDA:3,(anonymous_4)
FNDA:5,(anonymous_5)
FNDA:8,(anonymous_6)
FNDA:1,(anonymous_7)
FNDA:1,(anonymous_8)
FNDA:1,(anonymous_9)
FNDA:3,(anonymous_10)
FNDA:1,(anonymous_11)
FNDA:4,(anonymous_12)
FNDA:1,(anonymous_13)
FNDA:1,(anonymous_14)
FNDA:1,(anonymous_15)
FNDA:0,(anonymous_16)
DA:1,2
DA:2,2
DA:7,2
DA:9,3
DA:10,2
DA:11,1
DA:12,1
DA:13,1
DA:16,2
DA:17,2
DA:18,0
DA:19,0
DA:21,2
DA:22,2
DA:23,2
DA:24,2
DA:26,0
DA:29,2
DA:30,3
DA:31,0
DA:32,0
DA:34,3
DA:35,3
DA:36,3
DA:37,3
DA:39,0
DA:42,2
DA:43,5
DA:45,2
DA:46,8
DA:48,2
DA:49,1
DA:50,1
DA:51,1
DA:54,2
DA:55,1
DA:56,1
DA:57,1
DA:58,1
DA:59,1
DA:61,0
DA:64,2
DA:65,1
DA:66,1
DA:67,1
DA:69,0
DA:72,2
DA:76,3
DA:77,3
DA:79,2
DA:83,1
DA:84,1
DA:86,2
DA:87,4
DA:89,4
DA:92,2
DA:93,1
DA:94,1
DA:96,1
DA:99,2
DA:100,1
DA:101,1
DA:102,1
DA:105,2
DA:106,1
DA:107,1
DA:109,1
DA:115,2
DA:116,0
DA:117,0
DA:119,0
DA:120,0
DA:122,0
DA:124,0
DA:126,0
DA:127,0
DA:131,2
LF:77
LH:61
BRDA:12,0,0,1
BRDA:12,0,1,0
BRDA:17,1,0,0
BRDA:17,1,1,2
BRDA:21,2,0,2
BRDA:21,2,1,0
BRDA:21,3,0,2
BRDA:21,3,1,2
BRDA:30,4,0,0
BRDA:30,4,1,3
BRDA:34,5,0,3
BRDA:34,5,1,0
BRDA:34,6,0,3
BRDA:34,6,1,3
BRDA:50,7,0,1
BRDA:50,7,1,0
BRDA:57,8,0,1
BRDA:57,8,1,0
BRDA:66,9,0,1
BRDA:66,9,1,0
BRDA:77,10,0,3
BRDA:77,10,1,0
BRDA:84,11,0,1
BRDA:84,11,1,0
BRDA:89,12,0,4
BRDA:89,12,1,0
BRDA:94,13,0,1
BRDA:94,13,1,0
BRDA:101,14,0,1
BRDA:101,14,1,0
BRDA:107,15,0,1
BRDA:107,15,1,0
BRDA:115,16,0,0
BRDA:115,16,1,0
BRDA:118,17,0,0
BRDA:118,17,1,0
BRDA:118,17,2,0
BRDA:118,17,3,0
BRF:38
BRH:18
end_of_record
TN:
SF:/Users/mac/Documents/FrameworkSpace/EasyGameFrameworkOpen/packages/obj-pool/src/obj-pool.ts
FN:1,(anonymous_0)
FN:5,(anonymous_2)
FN:9,(anonymous_3)
FN:14,(anonymous_4)
FN:18,(anonymous_5)
FN:21,(anonymous_6)
FN:33,(anonymous_7)
FN:39,(anonymous_8)
FN:47,(anonymous_9)
FN:51,(anonymous_10)
FN:71,(anonymous_11)
FN:84,(anonymous_12)
FN:101,(anonymous_13)
FN:120,(anonymous_14)
FN:121,(anonymous_15)
FN:126,(anonymous_16)
FN:150,(anonymous_17)
FN:161,(anonymous_18)
FN:164,(anonymous_19)
FNF:19
FNH:15
FNDA:11,(anonymous_0)
FNDA:34,(anonymous_2)
FNDA:0,(anonymous_3)
FNDA:0,(anonymous_4)
FNDA:6,(anonymous_5)
FNDA:5,(anonymous_6)
FNDA:4,(anonymous_7)
FNDA:15,(anonymous_8)
FNDA:2,(anonymous_9)
FNDA:5,(anonymous_10)
FNDA:4,(anonymous_11)
FNDA:20,(anonymous_12)
FNDA:13,(anonymous_13)
FNDA:3,(anonymous_14)
FNDA:10,(anonymous_15)
FNDA:17,(anonymous_16)
FNDA:3,(anonymous_17)
FNDA:0,(anonymous_18)
FNDA:0,(anonymous_19)
DA:1,2
DA:5,2
DA:6,34
DA:9,2
DA:10,0
DA:14,2
DA:15,0
DA:16,0
DA:18,2
DA:19,6
DA:21,2
DA:22,5
DA:23,5
DA:24,5
DA:25,5
DA:26,5
DA:28,0
DA:30,5
DA:33,2
DA:35,4
DA:36,4
DA:37,4
DA:38,4
DA:39,4
DA:40,15
DA:43,0
DA:45,4
DA:47,2
DA:48,2
DA:51,2
DA:52,5
DA:53,0
DA:54,0
DA:56,5
DA:58,5
DA:59,5
DA:60,25
DA:61,25
DA:62,15
DA:63,10
DA:64,5
DA:66,25
DA:67,25
DA:68,25
DA:71,2
DA:72,4
DA:73,4
DA:74,4
DA:75,4
DA:76,17
DA:77,17
DA:79,4
DA:84,2
DA:85,20
DA:86,3
DA:87,3
DA:88,2
DA:89,1
DA:90,1
DA:92,3
DA:94,20
DA:95,20
DA:96,15
DA:97,5
DA:98,5
DA:101,2
DA:102,13
DA:103,0
DA:104,0
DA:106,13
DA:107,13
DA:109,13
DA:110,9
DA:111,4
DA:112,4
DA:114,13
DA:115,13
DA:117,0
DA:120,3
DA:121,3
DA:122,10
DA:124,3
DA:126,2
DA:127,17
DA:128,0
DA:129,0
DA:133,17
DA:134,11
DA:136,6
DA:137,6
DA:138,6
DA:140,17
DA:141,17
DA:142,17
DA:143,17
DA:144,11
DA:145,6
DA:146,6
DA:148,17
DA:150,3
DA:151,3
DA:152,3
DA:153,3
DA:154,12
DA:157,0
DA:159,3
DA:161,2
DA:162,0
DA:164,2
DA:165,0
DA:167,2
LF:111
LH:96
BRDA:16,0,0,0
BRDA:16,0,1,0
BRDA:19,1,0,6
BRDA:19,1,1,0
BRDA:22,2,0,5
BRDA:22,2,1,0
BRDA:35,3,0,4
BRDA:35,3,1,0
BRDA:52,4,0,0
BRDA:52,4,1,5
BRDA:61,5,0,15
BRDA:61,5,1,10
BRDA:61,6,0,25
BRDA:61,6,1,25
BRDA:63,7,0,5
BRDA:63,7,1,5
BRDA:63,8,0,10
BRDA:63,8,1,5
BRDA:73,9,0,4
BRDA:73,9,1,0
BRDA:85,10,0,3
BRDA:85,10,1,17
BRDA:87,11,0,2
BRDA:87,11,1,1
BRDA:89,12,0,1
BRDA:89,12,1,0
BRDA:89,13,0,1
BRDA:89,13,1,1
BRDA:95,14,0,15
BRDA:95,14,1,5
BRDA:95,15,0,20
BRDA:95,15,1,20
BRDA:97,16,0,5
BRDA:97,16,1,0
BRDA:97,17,0,5
BRDA:97,17,1,5
BRDA:102,18,0,0
BRDA:102,18,1,13
BRDA:106,19,0,13
BRDA:106,19,1,0
BRDA:109,20,0,9
BRDA:109,20,1,4
BRDA:111,21,0,4
BRDA:111,21,1,0
BRDA:111,22,0,4
BRDA:111,22,1,4
BRDA:127,23,0,0
BRDA:127,23,1,17
BRDA:133,24,0,11
BRDA:133,24,1,6
BRDA:137,25,0,6
BRDA:137,25,1,5
BRDA:143,26,0,11
BRDA:143,26,1,6
BRDA:145,27,0,6
BRDA:145,27,1,0
BRDA:145,28,0,6
BRDA:145,28,1,6
BRDA:150,29,0,0
BRDA:150,29,1,3
BRDA:152,30,0,3
BRDA:152,30,1,0
BRDA:152,31,0,3
BRDA:152,31,1,3
BRF:64
BRH:48
end_of_record
